[3.994s] Invoking command in '/home/aashraey-vaid/turtlebot4_ws/src/turtlebot4_controller': DEBUGINFOD_URLS=https://debuginfod.ubuntu.com PYTHONPATH=/home/aashraey-vaid/turtlebot4_ws/build/turtlebot4_controller/prefix_override:/usr/lib/python3/dist-packages/colcon_core/task/python/colcon_distutils_commands:/home/aashraey-vaid/turtlebot4_ws/install/turtlebot4_controller/lib/python3.12/site-packages:${PYTHONPATH} /usr/bin/python3 -W ignore:setup.py install is deprecated -W ignore:easy_install command is deprecated setup.py egg_info --egg-base ../../build/turtlebot4_controller build --build-base /home/aashraey-vaid/turtlebot4_ws/build/turtlebot4_controller/build install --record /home/aashraey-vaid/turtlebot4_ws/build/turtlebot4_controller/install.log --single-version-externally-managed install_data
[5.308s] running egg_info
[5.406s] writing ../../build/turtlebot4_controller/turtlebot4_controller.egg-info/PKG-INFO
[5.408s] writing dependency_links to ../../build/turtlebot4_controller/turtlebot4_controller.egg-info/dependency_links.txt
[5.410s] writing entry points to ../../build/turtlebot4_controller/turtlebot4_controller.egg-info/entry_points.txt
[5.411s] writing requirements to ../../build/turtlebot4_controller/turtlebot4_controller.egg-info/requires.txt
[5.414s] writing top-level names to ../../build/turtlebot4_controller/turtlebot4_controller.egg-info/top_level.txt
[5.619s] reading manifest file '../../build/turtlebot4_controller/turtlebot4_controller.egg-info/SOURCES.txt'
[5.624s] writing manifest file '../../build/turtlebot4_controller/turtlebot4_controller.egg-info/SOURCES.txt'
[5.624s] running build
[5.626s] running build_py
[5.626s] copying turtlebot4_controller/test2.py -> /home/aashraey-vaid/turtlebot4_ws/build/turtlebot4_controller/build/lib/turtlebot4_controller
[5.627s] running install
[5.654s] running install_lib
[5.761s] copying /home/aashraey-vaid/turtlebot4_ws/build/turtlebot4_controller/build/lib/turtlebot4_controller/test2.py -> /home/aashraey-vaid/turtlebot4_ws/install/turtlebot4_controller/lib/python3.12/site-packages/turtlebot4_controller
[5.762s] byte-compiling /home/aashraey-vaid/turtlebot4_ws/install/turtlebot4_controller/lib/python3.12/site-packages/turtlebot4_controller/test2.py to test2.cpython-312.pyc
[5.766s] running install_data
[5.767s] running install_egg_info
[5.875s] removing '/home/aashraey-vaid/turtlebot4_ws/install/turtlebot4_controller/lib/python3.12/site-packages/turtlebot4_controller-0.0.0-py3.12.egg-info' (and everything under it)
[5.877s] Copying ../../build/turtlebot4_controller/turtlebot4_controller.egg-info to /home/aashraey-vaid/turtlebot4_ws/install/turtlebot4_controller/lib/python3.12/site-packages/turtlebot4_controller-0.0.0-py3.12.egg-info
[5.883s] running install_scripts
[6.498s] Installing test script to /home/aashraey-vaid/turtlebot4_ws/install/turtlebot4_controller/lib/turtlebot4_controller
[6.500s] Installing test2 script to /home/aashraey-vaid/turtlebot4_ws/install/turtlebot4_controller/lib/turtlebot4_controller
[6.502s] writing list of installed files to '/home/aashraey-vaid/turtlebot4_ws/build/turtlebot4_controller/install.log'
[6.634s] Invoked command in '/home/aashraey-vaid/turtlebot4_ws/src/turtlebot4_controller' returned '0': DEBUGINFOD_URLS=https://debuginfod.ubuntu.com PYTHONPATH=/home/aashraey-vaid/turtlebot4_ws/build/turtlebot4_controller/prefix_override:/usr/lib/python3/dist-packages/colcon_core/task/python/colcon_distutils_commands:/home/aashraey-vaid/turtlebot4_ws/install/turtlebot4_controller/lib/python3.12/site-packages:${PYTHONPATH} /usr/bin/python3 -W ignore:setup.py install is deprecated -W ignore:easy_install command is deprecated setup.py egg_info --egg-base ../../build/turtlebot4_controller build --build-base /home/aashraey-vaid/turtlebot4_ws/build/turtlebot4_controller/build install --record /home/aashraey-vaid/turtlebot4_ws/build/turtlebot4_controller/install.log --single-version-externally-managed install_data
