[0.035s] Invoking command in '/home/aashraey-vaid/turtlebot4_ws/build/turtlebot4_gz_bringup': CMAKE_PREFIX_PATH=/home/aashraey-vaid/turtlebot4_ws/install/turtlebot4_gz_toolbox:/home/aashraey-vaid/turtlebot4_ws/install/turtlebot4_gz_gui_plugins:/home/aashraey-vaid/turtlebot4_ws/install/turtlebot4_simulator:/home/aashraey-vaid/turtlebot4_ws/install/turtlebot4_gz_bringup:/opt/ros/jazzy/opt/gz_sim_vendor:/opt/ros/jazzy/opt/gz_sensors_vendor:/opt/ros/jazzy/opt/gz_physics_vendor:/opt/ros/jazzy/opt/sdformat_vendor:/opt/ros/jazzy/opt/gz_gui_vendor:/opt/ros/jazzy/opt/gz_transport_vendor:/opt/ros/jazzy/opt/gz_rendering_vendor:/opt/ros/jazzy/opt/gz_plugin_vendor:/opt/ros/jazzy/opt/gz_fuel_tools_vendor:/opt/ros/jazzy/opt/gz_msgs_vendor:/opt/ros/jazzy/opt/gz_common_vendor:/opt/ros/jazzy/opt/gz_math_vendor:/opt/ros/jazzy/opt/gz_utils_vendor:/opt/ros/jazzy/opt/gz_tools_vendor:/opt/ros/jazzy/opt/gz_ogre_next_vendor:/opt/ros/jazzy/opt/gz_dartsim_vendor:/opt/ros/jazzy/opt/gz_cmake_vendor:/home/aashraey-vaid/turtlebot4_ws/install/turtlebot4_controller:/opt/ros/jazzy DEBUGINFOD_URLS=https://debuginfod.ubuntu.com /usr/bin/cmake --build /home/aashraey-vaid/turtlebot4_ws/build/turtlebot4_gz_bringup -- -j8 -l8
[0.234s] Invoked command in '/home/aashraey-vaid/turtlebot4_ws/build/turtlebot4_gz_bringup' returned '0': CMAKE_PREFIX_PATH=/home/aashraey-vaid/turtlebot4_ws/install/turtlebot4_gz_toolbox:/home/aashraey-vaid/turtlebot4_ws/install/turtlebot4_gz_gui_plugins:/home/aashraey-vaid/turtlebot4_ws/install/turtlebot4_simulator:/home/aashraey-vaid/turtlebot4_ws/install/turtlebot4_gz_bringup:/opt/ros/jazzy/opt/gz_sim_vendor:/opt/ros/jazzy/opt/gz_sensors_vendor:/opt/ros/jazzy/opt/gz_physics_vendor:/opt/ros/jazzy/opt/sdformat_vendor:/opt/ros/jazzy/opt/gz_gui_vendor:/opt/ros/jazzy/opt/gz_transport_vendor:/opt/ros/jazzy/opt/gz_rendering_vendor:/opt/ros/jazzy/opt/gz_plugin_vendor:/opt/ros/jazzy/opt/gz_fuel_tools_vendor:/opt/ros/jazzy/opt/gz_msgs_vendor:/opt/ros/jazzy/opt/gz_common_vendor:/opt/ros/jazzy/opt/gz_math_vendor:/opt/ros/jazzy/opt/gz_utils_vendor:/opt/ros/jazzy/opt/gz_tools_vendor:/opt/ros/jazzy/opt/gz_ogre_next_vendor:/opt/ros/jazzy/opt/gz_dartsim_vendor:/opt/ros/jazzy/opt/gz_cmake_vendor:/home/aashraey-vaid/turtlebot4_ws/install/turtlebot4_controller:/opt/ros/jazzy DEBUGINFOD_URLS=https://debuginfod.ubuntu.com /usr/bin/cmake --build /home/aashraey-vaid/turtlebot4_ws/build/turtlebot4_gz_bringup -- -j8 -l8
[0.235s] Invoking command in '/home/aashraey-vaid/turtlebot4_ws/build/turtlebot4_gz_bringup': CMAKE_PREFIX_PATH=/home/aashraey-vaid/turtlebot4_ws/install/turtlebot4_gz_toolbox:/home/aashraey-vaid/turtlebot4_ws/install/turtlebot4_gz_gui_plugins:/home/aashraey-vaid/turtlebot4_ws/install/turtlebot4_simulator:/home/aashraey-vaid/turtlebot4_ws/install/turtlebot4_gz_bringup:/opt/ros/jazzy/opt/gz_sim_vendor:/opt/ros/jazzy/opt/gz_sensors_vendor:/opt/ros/jazzy/opt/gz_physics_vendor:/opt/ros/jazzy/opt/sdformat_vendor:/opt/ros/jazzy/opt/gz_gui_vendor:/opt/ros/jazzy/opt/gz_transport_vendor:/opt/ros/jazzy/opt/gz_rendering_vendor:/opt/ros/jazzy/opt/gz_plugin_vendor:/opt/ros/jazzy/opt/gz_fuel_tools_vendor:/opt/ros/jazzy/opt/gz_msgs_vendor:/opt/ros/jazzy/opt/gz_common_vendor:/opt/ros/jazzy/opt/gz_math_vendor:/opt/ros/jazzy/opt/gz_utils_vendor:/opt/ros/jazzy/opt/gz_tools_vendor:/opt/ros/jazzy/opt/gz_ogre_next_vendor:/opt/ros/jazzy/opt/gz_dartsim_vendor:/opt/ros/jazzy/opt/gz_cmake_vendor:/home/aashraey-vaid/turtlebot4_ws/install/turtlebot4_controller:/opt/ros/jazzy DEBUGINFOD_URLS=https://debuginfod.ubuntu.com /usr/bin/cmake --install /home/aashraey-vaid/turtlebot4_ws/build/turtlebot4_gz_bringup
[0.269s] -- Install configuration: ""
[0.270s] -- Up-to-date: /home/aashraey-vaid/turtlebot4_ws/install/turtlebot4_gz_bringup/share/turtlebot4_gz_bringup/config
[0.272s] -- Up-to-date: /home/aashraey-vaid/turtlebot4_ws/install/turtlebot4_gz_bringup/share/turtlebot4_gz_bringup/config/turtlebot4_node.yaml
[0.273s] -- Up-to-date: /home/aashraey-vaid/turtlebot4_ws/install/turtlebot4_gz_bringup/share/turtlebot4_gz_bringup/gui
[0.274s] -- Up-to-date: /home/aashraey-vaid/turtlebot4_ws/install/turtlebot4_gz_bringup/share/turtlebot4_gz_bringup/gui/lite
[0.274s] -- Up-to-date: /home/aashraey-vaid/turtlebot4_ws/install/turtlebot4_gz_bringup/share/turtlebot4_gz_bringup/gui/lite/gui.config
[0.274s] -- Up-to-date: /home/aashraey-vaid/turtlebot4_ws/install/turtlebot4_gz_bringup/share/turtlebot4_gz_bringup/gui/standard
[0.275s] -- Up-to-date: /home/aashraey-vaid/turtlebot4_ws/install/turtlebot4_gz_bringup/share/turtlebot4_gz_bringup/gui/standard/gui.config
[0.275s] -- Up-to-date: /home/aashraey-vaid/turtlebot4_ws/install/turtlebot4_gz_bringup/share/turtlebot4_gz_bringup/launch
[0.275s] -- Up-to-date: /home/aashraey-vaid/turtlebot4_ws/install/turtlebot4_gz_bringup/share/turtlebot4_gz_bringup/launch/turtlebot4_nodes.launch.py
[0.276s] -- Up-to-date: /home/aashraey-vaid/turtlebot4_ws/install/turtlebot4_gz_bringup/share/turtlebot4_gz_bringup/launch/turtlebot4_spawn.launch.py
[0.276s] -- Up-to-date: /home/aashraey-vaid/turtlebot4_ws/install/turtlebot4_gz_bringup/share/turtlebot4_gz_bringup/launch/turtlebot4_gz.launch.py
[0.277s] -- Up-to-date: /home/aashraey-vaid/turtlebot4_ws/install/turtlebot4_gz_bringup/share/turtlebot4_gz_bringup/launch/sim.launch.py
[0.277s] -- Up-to-date: /home/aashraey-vaid/turtlebot4_ws/install/turtlebot4_gz_bringup/share/turtlebot4_gz_bringup/launch/ros_gz_bridge.launch.py
[0.278s] -- Up-to-date: /home/aashraey-vaid/turtlebot4_ws/install/turtlebot4_gz_bringup/share/turtlebot4_gz_bringup/worlds
[0.278s] -- Up-to-date: /home/aashraey-vaid/turtlebot4_ws/install/turtlebot4_gz_bringup/share/turtlebot4_gz_bringup/worlds/warehouse.sdf
[0.279s] -- Up-to-date: /home/aashraey-vaid/turtlebot4_ws/install/turtlebot4_gz_bringup/share/turtlebot4_gz_bringup/worlds/maze.sdf
[0.279s] -- Up-to-date: /home/aashraey-vaid/turtlebot4_ws/install/turtlebot4_gz_bringup/share/turtlebot4_gz_bringup/worlds/depot.sdf
[0.279s] -- Up-to-date: /home/aashraey-vaid/turtlebot4_ws/install/turtlebot4_gz_bringup/share/ament_index/resource_index/package_run_dependencies/turtlebot4_gz_bringup
[0.280s] -- Up-to-date: /home/aashraey-vaid/turtlebot4_ws/install/turtlebot4_gz_bringup/share/ament_index/resource_index/parent_prefix_path/turtlebot4_gz_bringup
[0.283s] -- Up-to-date: /home/aashraey-vaid/turtlebot4_ws/install/turtlebot4_gz_bringup/share/turtlebot4_gz_bringup/environment/ament_prefix_path.sh
[0.285s] -- Up-to-date: /home/aashraey-vaid/turtlebot4_ws/install/turtlebot4_gz_bringup/share/turtlebot4_gz_bringup/environment/ament_prefix_path.dsv
[0.285s] -- Up-to-date: /home/aashraey-vaid/turtlebot4_ws/install/turtlebot4_gz_bringup/share/turtlebot4_gz_bringup/environment/path.sh
[0.285s] -- Up-to-date: /home/aashraey-vaid/turtlebot4_ws/install/turtlebot4_gz_bringup/share/turtlebot4_gz_bringup/environment/path.dsv
[0.286s] -- Up-to-date: /home/aashraey-vaid/turtlebot4_ws/install/turtlebot4_gz_bringup/share/turtlebot4_gz_bringup/local_setup.bash
[0.286s] -- Up-to-date: /home/aashraey-vaid/turtlebot4_ws/install/turtlebot4_gz_bringup/share/turtlebot4_gz_bringup/local_setup.sh
[0.286s] -- Up-to-date: /home/aashraey-vaid/turtlebot4_ws/install/turtlebot4_gz_bringup/share/turtlebot4_gz_bringup/local_setup.zsh
[0.286s] -- Up-to-date: /home/aashraey-vaid/turtlebot4_ws/install/turtlebot4_gz_bringup/share/turtlebot4_gz_bringup/local_setup.dsv
[0.287s] -- Installing: /home/aashraey-vaid/turtlebot4_ws/install/turtlebot4_gz_bringup/share/turtlebot4_gz_bringup/package.dsv
[0.287s] -- Up-to-date: /home/aashraey-vaid/turtlebot4_ws/install/turtlebot4_gz_bringup/share/ament_index/resource_index/packages/turtlebot4_gz_bringup
[0.287s] -- Up-to-date: /home/aashraey-vaid/turtlebot4_ws/install/turtlebot4_gz_bringup/share/turtlebot4_gz_bringup/cmake/turtlebot4_gz_bringupConfig.cmake
[0.287s] -- Up-to-date: /home/aashraey-vaid/turtlebot4_ws/install/turtlebot4_gz_bringup/share/turtlebot4_gz_bringup/cmake/turtlebot4_gz_bringupConfig-version.cmake
[0.287s] -- Up-to-date: /home/aashraey-vaid/turtlebot4_ws/install/turtlebot4_gz_bringup/share/turtlebot4_gz_bringup/package.xml
[0.289s] Invoked command in '/home/aashraey-vaid/turtlebot4_ws/build/turtlebot4_gz_bringup' returned '0': CMAKE_PREFIX_PATH=/home/aashraey-vaid/turtlebot4_ws/install/turtlebot4_gz_toolbox:/home/aashraey-vaid/turtlebot4_ws/install/turtlebot4_gz_gui_plugins:/home/aashraey-vaid/turtlebot4_ws/install/turtlebot4_simulator:/home/aashraey-vaid/turtlebot4_ws/install/turtlebot4_gz_bringup:/opt/ros/jazzy/opt/gz_sim_vendor:/opt/ros/jazzy/opt/gz_sensors_vendor:/opt/ros/jazzy/opt/gz_physics_vendor:/opt/ros/jazzy/opt/sdformat_vendor:/opt/ros/jazzy/opt/gz_gui_vendor:/opt/ros/jazzy/opt/gz_transport_vendor:/opt/ros/jazzy/opt/gz_rendering_vendor:/opt/ros/jazzy/opt/gz_plugin_vendor:/opt/ros/jazzy/opt/gz_fuel_tools_vendor:/opt/ros/jazzy/opt/gz_msgs_vendor:/opt/ros/jazzy/opt/gz_common_vendor:/opt/ros/jazzy/opt/gz_math_vendor:/opt/ros/jazzy/opt/gz_utils_vendor:/opt/ros/jazzy/opt/gz_tools_vendor:/opt/ros/jazzy/opt/gz_ogre_next_vendor:/opt/ros/jazzy/opt/gz_dartsim_vendor:/opt/ros/jazzy/opt/gz_cmake_vendor:/home/aashraey-vaid/turtlebot4_ws/install/turtlebot4_controller:/opt/ros/jazzy DEBUGINFOD_URLS=https://debuginfod.ubuntu.com /usr/bin/cmake --install /home/aashraey-vaid/turtlebot4_ws/build/turtlebot4_gz_bringup
