[0.666s] DEBUG:colcon:Command line arguments: ['/usr/bin/colcon', 'build']
[0.666s] DEBUG:colcon:Parsed command line arguments: Namespace(log_base=None, log_level=None, verb_name='build', build_base='build', install_base='install', merge_install=False, symlink_install=False, test_result_base=None, continue_on_error=False, executor='parallel', parallel_workers=8, event_handlers=None, ignore_user_meta=False, metas=['./colcon.meta'], base_paths=['.'], packages_ignore=None, packages_ignore_regex=None, paths=None, packages_up_to=None, packages_up_to_regex=None, packages_above=None, packages_above_and_dependencies=None, packages_above_depth=None, packages_select_by_dep=None, packages_skip_by_dep=None, packages_skip_up_to=None, packages_select_build_failed=False, packages_skip_build_finished=False, packages_select_test_failures=False, packages_skip_test_passed=False, packages_select=None, packages_skip=None, packages_select_regex=None, packages_skip_regex=None, packages_start=None, packages_end=None, allow_overriding=[], cmake_args=None, cmake_target=None, cmake_target_skip_unavailable=False, cmake_clean_cache=False, cmake_clean_first=False, cmake_force_configure=False, ament_cmake_args=None, catkin_cmake_args=None, catkin_skip_building_tests=False, mixin_files=None, mixin=None, verb_parser=<colcon_mixin.mixin.mixin_argument.MixinArgumentDecorator object at 0x75e715aa37a0>, verb_extension=<colcon_core.verb.build.BuildVerb object at 0x75e715bf4920>, main=<bound method BuildVerb.main of <colcon_core.verb.build.BuildVerb object at 0x75e715bf4920>>, mixin_verb=('build',))
[0.880s] Level 1:colcon.colcon_core.package_discovery:discover_packages(colcon_meta) check parameters
[0.881s] Level 1:colcon.colcon_core.package_discovery:discover_packages(recursive) check parameters
[0.881s] Level 1:colcon.colcon_core.package_discovery:discover_packages(ignore) check parameters
[0.881s] Level 1:colcon.colcon_core.package_discovery:discover_packages(path) check parameters
[0.881s] Level 1:colcon.colcon_core.package_discovery:discover_packages(colcon_meta) discover
[0.882s] Level 1:colcon.colcon_core.package_discovery:discover_packages(recursive) discover
[0.882s] INFO:colcon.colcon_core.package_discovery:Crawling recursively for packages in '/home/aashraey-vaid/turtlebot4_ws'
[0.882s] Level 1:colcon.colcon_core.package_identification:_identify(.) by extensions ['ignore', 'ignore_ament_install']
[0.883s] Level 1:colcon.colcon_core.package_identification:_identify(.) by extension 'ignore'
[0.883s] Level 1:colcon.colcon_core.package_identification:_identify(.) by extension 'ignore_ament_install'
[0.883s] Level 1:colcon.colcon_core.package_identification:_identify(.) by extensions ['colcon_pkg']
[0.883s] Level 1:colcon.colcon_core.package_identification:_identify(.) by extension 'colcon_pkg'
[0.884s] Level 1:colcon.colcon_core.package_identification:_identify(.) by extensions ['colcon_meta']
[0.884s] Level 1:colcon.colcon_core.package_identification:_identify(.) by extension 'colcon_meta'
[0.884s] Level 1:colcon.colcon_core.package_identification:_identify(.) by extensions ['ros']
[0.884s] Level 1:colcon.colcon_core.package_identification:_identify(.) by extension 'ros'
[1.013s] Level 1:colcon.colcon_core.package_identification:_identify(.) by extensions ['cmake', 'python']
[1.013s] Level 1:colcon.colcon_core.package_identification:_identify(.) by extension 'cmake'
[1.014s] Level 1:colcon.colcon_core.package_identification:_identify(.) by extension 'python'
[1.014s] Level 1:colcon.colcon_core.package_identification:_identify(.) by extensions ['python_setup_py']
[1.014s] Level 1:colcon.colcon_core.package_identification:_identify(.) by extension 'python_setup_py'
[1.014s] Level 1:colcon.colcon_core.package_identification:_identify(build) by extensions ['ignore', 'ignore_ament_install']
[1.015s] Level 1:colcon.colcon_core.package_identification:_identify(build) by extension 'ignore'
[1.015s] Level 1:colcon.colcon_core.package_identification:_identify(build) ignored
[1.015s] Level 1:colcon.colcon_core.package_identification:_identify(install) by extensions ['ignore', 'ignore_ament_install']
[1.016s] Level 1:colcon.colcon_core.package_identification:_identify(install) by extension 'ignore'
[1.016s] Level 1:colcon.colcon_core.package_identification:_identify(install) ignored
[1.016s] Level 1:colcon.colcon_core.package_identification:_identify(log) by extensions ['ignore', 'ignore_ament_install']
[1.017s] Level 1:colcon.colcon_core.package_identification:_identify(log) by extension 'ignore'
[1.017s] Level 1:colcon.colcon_core.package_identification:_identify(log) ignored
[1.017s] Level 1:colcon.colcon_core.package_identification:_identify(src) by extensions ['ignore', 'ignore_ament_install']
[1.017s] Level 1:colcon.colcon_core.package_identification:_identify(src) by extension 'ignore'
[1.018s] Level 1:colcon.colcon_core.package_identification:_identify(src) by extension 'ignore_ament_install'
[1.018s] Level 1:colcon.colcon_core.package_identification:_identify(src) by extensions ['colcon_pkg']
[1.018s] Level 1:colcon.colcon_core.package_identification:_identify(src) by extension 'colcon_pkg'
[1.018s] Level 1:colcon.colcon_core.package_identification:_identify(src) by extensions ['colcon_meta']
[1.018s] Level 1:colcon.colcon_core.package_identification:_identify(src) by extension 'colcon_meta'
[1.018s] Level 1:colcon.colcon_core.package_identification:_identify(src) by extensions ['ros']
[1.018s] Level 1:colcon.colcon_core.package_identification:_identify(src) by extension 'ros'
[1.019s] Level 1:colcon.colcon_core.package_identification:_identify(src) by extensions ['cmake', 'python']
[1.019s] Level 1:colcon.colcon_core.package_identification:_identify(src) by extension 'cmake'
[1.019s] Level 1:colcon.colcon_core.package_identification:_identify(src) by extension 'python'
[1.019s] Level 1:colcon.colcon_core.package_identification:_identify(src) by extensions ['python_setup_py']
[1.020s] Level 1:colcon.colcon_core.package_identification:_identify(src) by extension 'python_setup_py'
[1.023s] Level 1:colcon.colcon_core.package_identification:_identify(src/build) by extensions ['ignore', 'ignore_ament_install']
[1.024s] Level 1:colcon.colcon_core.package_identification:_identify(src/build) by extension 'ignore'
[1.024s] Level 1:colcon.colcon_core.package_identification:_identify(src/build) ignored
[1.024s] Level 1:colcon.colcon_core.package_identification:_identify(src/install) by extensions ['ignore', 'ignore_ament_install']
[1.025s] Level 1:colcon.colcon_core.package_identification:_identify(src/install) by extension 'ignore'
[1.025s] Level 1:colcon.colcon_core.package_identification:_identify(src/install) ignored
[1.025s] Level 1:colcon.colcon_core.package_identification:_identify(src/log) by extensions ['ignore', 'ignore_ament_install']
[1.025s] Level 1:colcon.colcon_core.package_identification:_identify(src/log) by extension 'ignore'
[1.026s] Level 1:colcon.colcon_core.package_identification:_identify(src/log) ignored
[1.026s] Level 1:colcon.colcon_core.package_identification:_identify(src/turtlebot4_controller) by extensions ['ignore', 'ignore_ament_install']
[1.026s] Level 1:colcon.colcon_core.package_identification:_identify(src/turtlebot4_controller) by extension 'ignore'
[1.026s] Level 1:colcon.colcon_core.package_identification:_identify(src/turtlebot4_controller) by extension 'ignore_ament_install'
[1.027s] Level 1:colcon.colcon_core.package_identification:_identify(src/turtlebot4_controller) by extensions ['colcon_pkg']
[1.027s] Level 1:colcon.colcon_core.package_identification:_identify(src/turtlebot4_controller) by extension 'colcon_pkg'
[1.027s] Level 1:colcon.colcon_core.package_identification:_identify(src/turtlebot4_controller) by extensions ['colcon_meta']
[1.027s] Level 1:colcon.colcon_core.package_identification:_identify(src/turtlebot4_controller) by extension 'colcon_meta'
[1.027s] Level 1:colcon.colcon_core.package_identification:_identify(src/turtlebot4_controller) by extensions ['ros']
[1.027s] Level 1:colcon.colcon_core.package_identification:_identify(src/turtlebot4_controller) by extension 'ros'
[1.040s] DEBUG:colcon.colcon_core.package_identification:Package 'src/turtlebot4_controller' with type 'ros.ament_python' and name 'turtlebot4_controller'
[1.040s] Level 1:colcon.colcon_core.package_identification:_identify(src/turtlebot4_simulator) by extensions ['ignore', 'ignore_ament_install']
[1.041s] Level 1:colcon.colcon_core.package_identification:_identify(src/turtlebot4_simulator) by extension 'ignore'
[1.041s] Level 1:colcon.colcon_core.package_identification:_identify(src/turtlebot4_simulator) by extension 'ignore_ament_install'
[1.041s] Level 1:colcon.colcon_core.package_identification:_identify(src/turtlebot4_simulator) by extensions ['colcon_pkg']
[1.041s] Level 1:colcon.colcon_core.package_identification:_identify(src/turtlebot4_simulator) by extension 'colcon_pkg'
[1.042s] Level 1:colcon.colcon_core.package_identification:_identify(src/turtlebot4_simulator) by extensions ['colcon_meta']
[1.042s] Level 1:colcon.colcon_core.package_identification:_identify(src/turtlebot4_simulator) by extension 'colcon_meta'
[1.042s] Level 1:colcon.colcon_core.package_identification:_identify(src/turtlebot4_simulator) by extensions ['ros']
[1.042s] Level 1:colcon.colcon_core.package_identification:_identify(src/turtlebot4_simulator) by extension 'ros'
[1.042s] Level 1:colcon.colcon_core.package_identification:_identify(src/turtlebot4_simulator) by extensions ['cmake', 'python']
[1.042s] Level 1:colcon.colcon_core.package_identification:_identify(src/turtlebot4_simulator) by extension 'cmake'
[1.043s] Level 1:colcon.colcon_core.package_identification:_identify(src/turtlebot4_simulator) by extension 'python'
[1.043s] Level 1:colcon.colcon_core.package_identification:_identify(src/turtlebot4_simulator) by extensions ['python_setup_py']
[1.044s] Level 1:colcon.colcon_core.package_identification:_identify(src/turtlebot4_simulator) by extension 'python_setup_py'
[1.044s] Level 1:colcon.colcon_core.package_identification:_identify(src/turtlebot4_simulator/turtlebot4_gz_bringup) by extensions ['ignore', 'ignore_ament_install']
[1.045s] Level 1:colcon.colcon_core.package_identification:_identify(src/turtlebot4_simulator/turtlebot4_gz_bringup) by extension 'ignore'
[1.045s] Level 1:colcon.colcon_core.package_identification:_identify(src/turtlebot4_simulator/turtlebot4_gz_bringup) by extension 'ignore_ament_install'
[1.046s] Level 1:colcon.colcon_core.package_identification:_identify(src/turtlebot4_simulator/turtlebot4_gz_bringup) by extensions ['colcon_pkg']
[1.046s] Level 1:colcon.colcon_core.package_identification:_identify(src/turtlebot4_simulator/turtlebot4_gz_bringup) by extension 'colcon_pkg'
[1.046s] Level 1:colcon.colcon_core.package_identification:_identify(src/turtlebot4_simulator/turtlebot4_gz_bringup) by extensions ['colcon_meta']
[1.046s] Level 1:colcon.colcon_core.package_identification:_identify(src/turtlebot4_simulator/turtlebot4_gz_bringup) by extension 'colcon_meta'
[1.047s] Level 1:colcon.colcon_core.package_identification:_identify(src/turtlebot4_simulator/turtlebot4_gz_bringup) by extensions ['ros']
[1.047s] Level 1:colcon.colcon_core.package_identification:_identify(src/turtlebot4_simulator/turtlebot4_gz_bringup) by extension 'ros'
[1.055s] DEBUG:colcon.colcon_core.package_identification:Package 'src/turtlebot4_simulator/turtlebot4_gz_bringup' with type 'ros.ament_cmake' and name 'turtlebot4_gz_bringup'
[1.056s] Level 1:colcon.colcon_core.package_identification:_identify(src/turtlebot4_simulator/turtlebot4_gz_gui_plugins) by extensions ['ignore', 'ignore_ament_install']
[1.058s] Level 1:colcon.colcon_core.package_identification:_identify(src/turtlebot4_simulator/turtlebot4_gz_gui_plugins) by extension 'ignore'
[1.059s] Level 1:colcon.colcon_core.package_identification:_identify(src/turtlebot4_simulator/turtlebot4_gz_gui_plugins) by extension 'ignore_ament_install'
[1.059s] Level 1:colcon.colcon_core.package_identification:_identify(src/turtlebot4_simulator/turtlebot4_gz_gui_plugins) by extensions ['colcon_pkg']
[1.059s] Level 1:colcon.colcon_core.package_identification:_identify(src/turtlebot4_simulator/turtlebot4_gz_gui_plugins) by extension 'colcon_pkg'
[1.059s] Level 1:colcon.colcon_core.package_identification:_identify(src/turtlebot4_simulator/turtlebot4_gz_gui_plugins) by extensions ['colcon_meta']
[1.059s] Level 1:colcon.colcon_core.package_identification:_identify(src/turtlebot4_simulator/turtlebot4_gz_gui_plugins) by extension 'colcon_meta'
[1.060s] Level 1:colcon.colcon_core.package_identification:_identify(src/turtlebot4_simulator/turtlebot4_gz_gui_plugins) by extensions ['ros']
[1.060s] Level 1:colcon.colcon_core.package_identification:_identify(src/turtlebot4_simulator/turtlebot4_gz_gui_plugins) by extension 'ros'
[1.064s] DEBUG:colcon.colcon_core.package_identification:Package 'src/turtlebot4_simulator/turtlebot4_gz_gui_plugins' with type 'ros.ament_cmake' and name 'turtlebot4_gz_gui_plugins'
[1.064s] Level 1:colcon.colcon_core.package_identification:_identify(src/turtlebot4_simulator/turtlebot4_gz_toolbox) by extensions ['ignore', 'ignore_ament_install']
[1.065s] Level 1:colcon.colcon_core.package_identification:_identify(src/turtlebot4_simulator/turtlebot4_gz_toolbox) by extension 'ignore'
[1.065s] Level 1:colcon.colcon_core.package_identification:_identify(src/turtlebot4_simulator/turtlebot4_gz_toolbox) by extension 'ignore_ament_install'
[1.066s] Level 1:colcon.colcon_core.package_identification:_identify(src/turtlebot4_simulator/turtlebot4_gz_toolbox) by extensions ['colcon_pkg']
[1.066s] Level 1:colcon.colcon_core.package_identification:_identify(src/turtlebot4_simulator/turtlebot4_gz_toolbox) by extension 'colcon_pkg'
[1.066s] Level 1:colcon.colcon_core.package_identification:_identify(src/turtlebot4_simulator/turtlebot4_gz_toolbox) by extensions ['colcon_meta']
[1.066s] Level 1:colcon.colcon_core.package_identification:_identify(src/turtlebot4_simulator/turtlebot4_gz_toolbox) by extension 'colcon_meta'
[1.067s] Level 1:colcon.colcon_core.package_identification:_identify(src/turtlebot4_simulator/turtlebot4_gz_toolbox) by extensions ['ros']
[1.067s] Level 1:colcon.colcon_core.package_identification:_identify(src/turtlebot4_simulator/turtlebot4_gz_toolbox) by extension 'ros'
[1.074s] DEBUG:colcon.colcon_core.package_identification:Package 'src/turtlebot4_simulator/turtlebot4_gz_toolbox' with type 'ros.ament_cmake' and name 'turtlebot4_gz_toolbox'
[1.075s] Level 1:colcon.colcon_core.package_identification:_identify(src/turtlebot4_simulator/turtlebot4_simulator) by extensions ['ignore', 'ignore_ament_install']
[1.076s] Level 1:colcon.colcon_core.package_identification:_identify(src/turtlebot4_simulator/turtlebot4_simulator) by extension 'ignore'
[1.076s] Level 1:colcon.colcon_core.package_identification:_identify(src/turtlebot4_simulator/turtlebot4_simulator) by extension 'ignore_ament_install'
[1.076s] Level 1:colcon.colcon_core.package_identification:_identify(src/turtlebot4_simulator/turtlebot4_simulator) by extensions ['colcon_pkg']
[1.077s] Level 1:colcon.colcon_core.package_identification:_identify(src/turtlebot4_simulator/turtlebot4_simulator) by extension 'colcon_pkg'
[1.077s] Level 1:colcon.colcon_core.package_identification:_identify(src/turtlebot4_simulator/turtlebot4_simulator) by extensions ['colcon_meta']
[1.077s] Level 1:colcon.colcon_core.package_identification:_identify(src/turtlebot4_simulator/turtlebot4_simulator) by extension 'colcon_meta'
[1.078s] Level 1:colcon.colcon_core.package_identification:_identify(src/turtlebot4_simulator/turtlebot4_simulator) by extensions ['ros']
[1.078s] Level 1:colcon.colcon_core.package_identification:_identify(src/turtlebot4_simulator/turtlebot4_simulator) by extension 'ros'
[1.082s] DEBUG:colcon.colcon_core.package_identification:Package 'src/turtlebot4_simulator/turtlebot4_simulator' with type 'ros.ament_cmake' and name 'turtlebot4_simulator'
[1.082s] Level 1:colcon.colcon_core.package_discovery:discover_packages(recursive) using defaults
[1.082s] Level 1:colcon.colcon_core.package_discovery:discover_packages(ignore) discover
[1.082s] Level 1:colcon.colcon_core.package_discovery:discover_packages(ignore) using defaults
[1.082s] Level 1:colcon.colcon_core.package_discovery:discover_packages(path) discover
[1.083s] Level 1:colcon.colcon_core.package_discovery:discover_packages(path) using defaults
[1.164s] Level 1:colcon.colcon_core.package_discovery:discover_packages(prefix_path) check parameters
[1.164s] Level 1:colcon.colcon_core.package_discovery:discover_packages(prefix_path) discover
[1.176s] DEBUG:colcon.colcon_installed_package_information.package_discovery:Found 5 installed packages in /home/aashraey-vaid/turtlebot4_ws/install
[1.185s] DEBUG:colcon.colcon_installed_package_information.package_discovery:Found 432 installed packages in /opt/ros/jazzy
[1.190s] Level 1:colcon.colcon_core.package_discovery:discover_packages(prefix_path) using defaults
[1.515s] Level 5:colcon.colcon_core.verb:set package 'turtlebot4_controller' build argument 'cmake_args' from command line to 'None'
[1.515s] Level 5:colcon.colcon_core.verb:set package 'turtlebot4_controller' build argument 'cmake_target' from command line to 'None'
[1.515s] Level 5:colcon.colcon_core.verb:set package 'turtlebot4_controller' build argument 'cmake_target_skip_unavailable' from command line to 'False'
[1.515s] Level 5:colcon.colcon_core.verb:set package 'turtlebot4_controller' build argument 'cmake_clean_cache' from command line to 'False'
[1.515s] Level 5:colcon.colcon_core.verb:set package 'turtlebot4_controller' build argument 'cmake_clean_first' from command line to 'False'
[1.516s] Level 5:colcon.colcon_core.verb:set package 'turtlebot4_controller' build argument 'cmake_force_configure' from command line to 'False'
[1.516s] Level 5:colcon.colcon_core.verb:set package 'turtlebot4_controller' build argument 'ament_cmake_args' from command line to 'None'
[1.516s] Level 5:colcon.colcon_core.verb:set package 'turtlebot4_controller' build argument 'catkin_cmake_args' from command line to 'None'
[1.516s] Level 5:colcon.colcon_core.verb:set package 'turtlebot4_controller' build argument 'catkin_skip_building_tests' from command line to 'False'
[1.516s] DEBUG:colcon.colcon_core.verb:Building package 'turtlebot4_controller' with the following arguments: {'ament_cmake_args': None, 'build_base': '/home/aashraey-vaid/turtlebot4_ws/build/turtlebot4_controller', 'catkin_cmake_args': None, 'catkin_skip_building_tests': False, 'cmake_args': None, 'cmake_clean_cache': False, 'cmake_clean_first': False, 'cmake_force_configure': False, 'cmake_target': None, 'cmake_target_skip_unavailable': False, 'install_base': '/home/aashraey-vaid/turtlebot4_ws/install/turtlebot4_controller', 'merge_install': False, 'path': '/home/aashraey-vaid/turtlebot4_ws/src/turtlebot4_controller', 'symlink_install': False, 'test_result_base': None}
[1.518s] Level 5:colcon.colcon_core.verb:set package 'turtlebot4_gz_gui_plugins' build argument 'cmake_args' from command line to 'None'
[1.518s] Level 5:colcon.colcon_core.verb:set package 'turtlebot4_gz_gui_plugins' build argument 'cmake_target' from command line to 'None'
[1.518s] Level 5:colcon.colcon_core.verb:set package 'turtlebot4_gz_gui_plugins' build argument 'cmake_target_skip_unavailable' from command line to 'False'
[1.518s] Level 5:colcon.colcon_core.verb:set package 'turtlebot4_gz_gui_plugins' build argument 'cmake_clean_cache' from command line to 'False'
[1.518s] Level 5:colcon.colcon_core.verb:set package 'turtlebot4_gz_gui_plugins' build argument 'cmake_clean_first' from command line to 'False'
[1.518s] Level 5:colcon.colcon_core.verb:set package 'turtlebot4_gz_gui_plugins' build argument 'cmake_force_configure' from command line to 'False'
[1.518s] Level 5:colcon.colcon_core.verb:set package 'turtlebot4_gz_gui_plugins' build argument 'ament_cmake_args' from command line to 'None'
[1.518s] Level 5:colcon.colcon_core.verb:set package 'turtlebot4_gz_gui_plugins' build argument 'catkin_cmake_args' from command line to 'None'
[1.518s] Level 5:colcon.colcon_core.verb:set package 'turtlebot4_gz_gui_plugins' build argument 'catkin_skip_building_tests' from command line to 'False'
[1.519s] DEBUG:colcon.colcon_core.verb:Building package 'turtlebot4_gz_gui_plugins' with the following arguments: {'ament_cmake_args': None, 'build_base': '/home/aashraey-vaid/turtlebot4_ws/build/turtlebot4_gz_gui_plugins', 'catkin_cmake_args': None, 'catkin_skip_building_tests': False, 'cmake_args': None, 'cmake_clean_cache': False, 'cmake_clean_first': False, 'cmake_force_configure': False, 'cmake_target': None, 'cmake_target_skip_unavailable': False, 'install_base': '/home/aashraey-vaid/turtlebot4_ws/install/turtlebot4_gz_gui_plugins', 'merge_install': False, 'path': '/home/aashraey-vaid/turtlebot4_ws/src/turtlebot4_simulator/turtlebot4_gz_gui_plugins', 'symlink_install': False, 'test_result_base': None}
[1.523s] Level 5:colcon.colcon_core.verb:set package 'turtlebot4_gz_toolbox' build argument 'cmake_args' from command line to 'None'
[1.523s] Level 5:colcon.colcon_core.verb:set package 'turtlebot4_gz_toolbox' build argument 'cmake_target' from command line to 'None'
[1.523s] Level 5:colcon.colcon_core.verb:set package 'turtlebot4_gz_toolbox' build argument 'cmake_target_skip_unavailable' from command line to 'False'
[1.524s] Level 5:colcon.colcon_core.verb:set package 'turtlebot4_gz_toolbox' build argument 'cmake_clean_cache' from command line to 'False'
[1.524s] Level 5:colcon.colcon_core.verb:set package 'turtlebot4_gz_toolbox' build argument 'cmake_clean_first' from command line to 'False'
[1.524s] Level 5:colcon.colcon_core.verb:set package 'turtlebot4_gz_toolbox' build argument 'cmake_force_configure' from command line to 'False'
[1.524s] Level 5:colcon.colcon_core.verb:set package 'turtlebot4_gz_toolbox' build argument 'ament_cmake_args' from command line to 'None'
[1.524s] Level 5:colcon.colcon_core.verb:set package 'turtlebot4_gz_toolbox' build argument 'catkin_cmake_args' from command line to 'None'
[1.524s] Level 5:colcon.colcon_core.verb:set package 'turtlebot4_gz_toolbox' build argument 'catkin_skip_building_tests' from command line to 'False'
[1.524s] DEBUG:colcon.colcon_core.verb:Building package 'turtlebot4_gz_toolbox' with the following arguments: {'ament_cmake_args': None, 'build_base': '/home/aashraey-vaid/turtlebot4_ws/build/turtlebot4_gz_toolbox', 'catkin_cmake_args': None, 'catkin_skip_building_tests': False, 'cmake_args': None, 'cmake_clean_cache': False, 'cmake_clean_first': False, 'cmake_force_configure': False, 'cmake_target': None, 'cmake_target_skip_unavailable': False, 'install_base': '/home/aashraey-vaid/turtlebot4_ws/install/turtlebot4_gz_toolbox', 'merge_install': False, 'path': '/home/aashraey-vaid/turtlebot4_ws/src/turtlebot4_simulator/turtlebot4_gz_toolbox', 'symlink_install': False, 'test_result_base': None}
[1.525s] Level 5:colcon.colcon_core.verb:set package 'turtlebot4_gz_bringup' build argument 'cmake_args' from command line to 'None'
[1.526s] Level 5:colcon.colcon_core.verb:set package 'turtlebot4_gz_bringup' build argument 'cmake_target' from command line to 'None'
[1.526s] Level 5:colcon.colcon_core.verb:set package 'turtlebot4_gz_bringup' build argument 'cmake_target_skip_unavailable' from command line to 'False'
[1.526s] Level 5:colcon.colcon_core.verb:set package 'turtlebot4_gz_bringup' build argument 'cmake_clean_cache' from command line to 'False'
[1.526s] Level 5:colcon.colcon_core.verb:set package 'turtlebot4_gz_bringup' build argument 'cmake_clean_first' from command line to 'False'
[1.526s] Level 5:colcon.colcon_core.verb:set package 'turtlebot4_gz_bringup' build argument 'cmake_force_configure' from command line to 'False'
[1.526s] Level 5:colcon.colcon_core.verb:set package 'turtlebot4_gz_bringup' build argument 'ament_cmake_args' from command line to 'None'
[1.526s] Level 5:colcon.colcon_core.verb:set package 'turtlebot4_gz_bringup' build argument 'catkin_cmake_args' from command line to 'None'
[1.526s] Level 5:colcon.colcon_core.verb:set package 'turtlebot4_gz_bringup' build argument 'catkin_skip_building_tests' from command line to 'False'
[1.527s] DEBUG:colcon.colcon_core.verb:Building package 'turtlebot4_gz_bringup' with the following arguments: {'ament_cmake_args': None, 'build_base': '/home/aashraey-vaid/turtlebot4_ws/build/turtlebot4_gz_bringup', 'catkin_cmake_args': None, 'catkin_skip_building_tests': False, 'cmake_args': None, 'cmake_clean_cache': False, 'cmake_clean_first': False, 'cmake_force_configure': False, 'cmake_target': None, 'cmake_target_skip_unavailable': False, 'install_base': '/home/aashraey-vaid/turtlebot4_ws/install/turtlebot4_gz_bringup', 'merge_install': False, 'path': '/home/aashraey-vaid/turtlebot4_ws/src/turtlebot4_simulator/turtlebot4_gz_bringup', 'symlink_install': False, 'test_result_base': None}
[1.528s] Level 5:colcon.colcon_core.verb:set package 'turtlebot4_simulator' build argument 'cmake_args' from command line to 'None'
[1.528s] Level 5:colcon.colcon_core.verb:set package 'turtlebot4_simulator' build argument 'cmake_target' from command line to 'None'
[1.528s] Level 5:colcon.colcon_core.verb:set package 'turtlebot4_simulator' build argument 'cmake_target_skip_unavailable' from command line to 'False'
[1.528s] Level 5:colcon.colcon_core.verb:set package 'turtlebot4_simulator' build argument 'cmake_clean_cache' from command line to 'False'
[1.528s] Level 5:colcon.colcon_core.verb:set package 'turtlebot4_simulator' build argument 'cmake_clean_first' from command line to 'False'
[1.528s] Level 5:colcon.colcon_core.verb:set package 'turtlebot4_simulator' build argument 'cmake_force_configure' from command line to 'False'
[1.528s] Level 5:colcon.colcon_core.verb:set package 'turtlebot4_simulator' build argument 'ament_cmake_args' from command line to 'None'
[1.528s] Level 5:colcon.colcon_core.verb:set package 'turtlebot4_simulator' build argument 'catkin_cmake_args' from command line to 'None'
[1.528s] Level 5:colcon.colcon_core.verb:set package 'turtlebot4_simulator' build argument 'catkin_skip_building_tests' from command line to 'False'
[1.529s] DEBUG:colcon.colcon_core.verb:Building package 'turtlebot4_simulator' with the following arguments: {'ament_cmake_args': None, 'build_base': '/home/aashraey-vaid/turtlebot4_ws/build/turtlebot4_simulator', 'catkin_cmake_args': None, 'catkin_skip_building_tests': False, 'cmake_args': None, 'cmake_clean_cache': False, 'cmake_clean_first': False, 'cmake_force_configure': False, 'cmake_target': None, 'cmake_target_skip_unavailable': False, 'install_base': '/home/aashraey-vaid/turtlebot4_ws/install/turtlebot4_simulator', 'merge_install': False, 'path': '/home/aashraey-vaid/turtlebot4_ws/src/turtlebot4_simulator/turtlebot4_simulator', 'symlink_install': False, 'test_result_base': None}
[1.530s] INFO:colcon.colcon_core.executor:Executing jobs using 'parallel' executor
[1.536s] DEBUG:colcon.colcon_parallel_executor.executor.parallel:run_until_complete
[1.537s] INFO:colcon.colcon_ros.task.ament_cmake.build:Building ROS package in '/home/aashraey-vaid/turtlebot4_ws/src/turtlebot4_simulator/turtlebot4_gz_gui_plugins' with build type 'ament_cmake'
[1.537s] INFO:colcon.colcon_cmake.task.cmake.build:Building CMake package in '/home/aashraey-vaid/turtlebot4_ws/src/turtlebot4_simulator/turtlebot4_gz_gui_plugins'
[1.548s] INFO:colcon.colcon_core.plugin_system:Skipping extension 'colcon_core.shell.bat': Not used on non-Windows systems
[1.549s] INFO:colcon.colcon_core.shell:Skip shell extension 'powershell' for command environment: Not usable outside of PowerShell
[1.549s] DEBUG:colcon.colcon_core.shell:Skip shell extension 'dsv' for command environment
[1.568s] INFO:colcon.colcon_ros.task.ament_cmake.build:Building ROS package in '/home/aashraey-vaid/turtlebot4_ws/src/turtlebot4_simulator/turtlebot4_gz_toolbox' with build type 'ament_cmake'
[1.569s] INFO:colcon.colcon_cmake.task.cmake.build:Building CMake package in '/home/aashraey-vaid/turtlebot4_ws/src/turtlebot4_simulator/turtlebot4_gz_toolbox'
[1.569s] INFO:colcon.colcon_core.shell:Skip shell extension 'powershell' for command environment: Not usable outside of PowerShell
[1.569s] DEBUG:colcon.colcon_core.shell:Skip shell extension 'dsv' for command environment
[1.591s] INFO:colcon.colcon_ros.task.ament_python.build:Building ROS package in '/home/aashraey-vaid/turtlebot4_ws/src/turtlebot4_controller' with build type 'ament_python'
[1.591s] Level 1:colcon.colcon_core.shell:create_environment_hook('turtlebot4_controller', 'ament_prefix_path')
[1.592s] INFO:colcon.colcon_core.shell:Creating environment hook '/home/aashraey-vaid/turtlebot4_ws/install/turtlebot4_controller/share/turtlebot4_controller/hook/ament_prefix_path.ps1'
[1.594s] INFO:colcon.colcon_core.shell:Creating environment descriptor '/home/aashraey-vaid/turtlebot4_ws/install/turtlebot4_controller/share/turtlebot4_controller/hook/ament_prefix_path.dsv'
[1.596s] INFO:colcon.colcon_core.shell:Creating environment hook '/home/aashraey-vaid/turtlebot4_ws/install/turtlebot4_controller/share/turtlebot4_controller/hook/ament_prefix_path.sh'
[1.599s] INFO:colcon.colcon_core.shell:Skip shell extension 'powershell' for command environment: Not usable outside of PowerShell
[1.599s] DEBUG:colcon.colcon_core.shell:Skip shell extension 'dsv' for command environment
[1.635s] DEBUG:colcon.colcon_core.event_handler.log_command:Invoking command in '/home/aashraey-vaid/turtlebot4_ws/build/turtlebot4_gz_gui_plugins': CMAKE_PREFIX_PATH=${CMAKE_PREFIX_PATH}:/home/aashraey-vaid/turtlebot4_ws/install/turtlebot4_controller:/opt/ros/jazzy DEBUGINFOD_URLS=https://debuginfod.ubuntu.com /usr/bin/cmake --build /home/aashraey-vaid/turtlebot4_ws/build/turtlebot4_gz_gui_plugins -- -j8 -l8
[1.655s] DEBUG:colcon.colcon_core.event_handler.log_command:Invoking command in '/home/aashraey-vaid/turtlebot4_ws/build/turtlebot4_gz_toolbox': CMAKE_PREFIX_PATH=${CMAKE_PREFIX_PATH}:/home/aashraey-vaid/turtlebot4_ws/install/turtlebot4_controller:/opt/ros/jazzy DEBUGINFOD_URLS=https://debuginfod.ubuntu.com /usr/bin/cmake --build /home/aashraey-vaid/turtlebot4_ws/build/turtlebot4_gz_toolbox -- -j8 -l8
[3.077s] INFO:colcon.colcon_core.task.python.build:Building Python package in '/home/aashraey-vaid/turtlebot4_ws/src/turtlebot4_controller'
[3.077s] INFO:colcon.colcon_core.shell:Skip shell extension 'powershell' for command environment: Not usable outside of PowerShell
[3.079s] DEBUG:colcon.colcon_core.shell:Skip shell extension 'dsv' for command environment
[3.115s] DEBUG:colcon.colcon_core.event_handler.log_command:Invoked command in '/home/aashraey-vaid/turtlebot4_ws/build/turtlebot4_gz_toolbox' returned '0': CMAKE_PREFIX_PATH=${CMAKE_PREFIX_PATH}:/home/aashraey-vaid/turtlebot4_ws/install/turtlebot4_controller:/opt/ros/jazzy DEBUGINFOD_URLS=https://debuginfod.ubuntu.com /usr/bin/cmake --build /home/aashraey-vaid/turtlebot4_ws/build/turtlebot4_gz_toolbox -- -j8 -l8
[3.178s] DEBUG:colcon.colcon_core.event_handler.log_command:Invoking command in '/home/aashraey-vaid/turtlebot4_ws/build/turtlebot4_gz_toolbox': CMAKE_PREFIX_PATH=${CMAKE_PREFIX_PATH}:/home/aashraey-vaid/turtlebot4_ws/install/turtlebot4_controller:/opt/ros/jazzy DEBUGINFOD_URLS=https://debuginfod.ubuntu.com /usr/bin/cmake --install /home/aashraey-vaid/turtlebot4_ws/build/turtlebot4_gz_toolbox
[3.185s] DEBUG:colcon.colcon_core.event_handler.log_command:Invoked command in '/home/aashraey-vaid/turtlebot4_ws/build/turtlebot4_gz_gui_plugins' returned '0': CMAKE_PREFIX_PATH=${CMAKE_PREFIX_PATH}:/home/aashraey-vaid/turtlebot4_ws/install/turtlebot4_controller:/opt/ros/jazzy DEBUGINFOD_URLS=https://debuginfod.ubuntu.com /usr/bin/cmake --build /home/aashraey-vaid/turtlebot4_ws/build/turtlebot4_gz_gui_plugins -- -j8 -l8
[3.188s] DEBUG:colcon.colcon_core.event_handler.log_command:Invoking command in '/home/aashraey-vaid/turtlebot4_ws/build/turtlebot4_gz_gui_plugins': CMAKE_PREFIX_PATH=${CMAKE_PREFIX_PATH}:/home/aashraey-vaid/turtlebot4_ws/install/turtlebot4_controller:/opt/ros/jazzy DEBUGINFOD_URLS=https://debuginfod.ubuntu.com /usr/bin/cmake --install /home/aashraey-vaid/turtlebot4_ws/build/turtlebot4_gz_gui_plugins
[3.251s] Level 1:colcon.colcon_core.environment:create_environment_scripts_only(turtlebot4_gz_toolbox)
[3.281s] DEBUG:colcon.colcon_core.event_handler.log_command:Invoked command in '/home/aashraey-vaid/turtlebot4_ws/build/turtlebot4_gz_toolbox' returned '0': CMAKE_PREFIX_PATH=${CMAKE_PREFIX_PATH}:/home/aashraey-vaid/turtlebot4_ws/install/turtlebot4_controller:/opt/ros/jazzy DEBUGINFOD_URLS=https://debuginfod.ubuntu.com /usr/bin/cmake --install /home/aashraey-vaid/turtlebot4_ws/build/turtlebot4_gz_toolbox
[3.286s] Level 1:colcon.colcon_core.environment:checking '/home/aashraey-vaid/turtlebot4_ws/install/turtlebot4_gz_toolbox' for CMake module files
[3.293s] Level 1:colcon.colcon_core.environment:checking '/home/aashraey-vaid/turtlebot4_ws/install/turtlebot4_gz_toolbox' for CMake config files
[3.294s] Level 1:colcon.colcon_core.shell:create_environment_hook('turtlebot4_gz_toolbox', 'cmake_prefix_path')
[3.307s] INFO:colcon.colcon_core.shell:Creating environment hook '/home/aashraey-vaid/turtlebot4_ws/install/turtlebot4_gz_toolbox/share/turtlebot4_gz_toolbox/hook/cmake_prefix_path.ps1'
[3.309s] INFO:colcon.colcon_core.shell:Creating environment descriptor '/home/aashraey-vaid/turtlebot4_ws/install/turtlebot4_gz_toolbox/share/turtlebot4_gz_toolbox/hook/cmake_prefix_path.dsv'
[3.310s] INFO:colcon.colcon_core.shell:Creating environment hook '/home/aashraey-vaid/turtlebot4_ws/install/turtlebot4_gz_toolbox/share/turtlebot4_gz_toolbox/hook/cmake_prefix_path.sh'
[3.313s] Level 1:colcon.colcon_core.environment:checking '/home/aashraey-vaid/turtlebot4_ws/install/turtlebot4_gz_toolbox/lib'
[3.314s] Level 1:colcon.colcon_core.environment:checking '/home/aashraey-vaid/turtlebot4_ws/install/turtlebot4_gz_toolbox/bin'
[3.314s] Level 1:colcon.colcon_core.environment:checking '/home/aashraey-vaid/turtlebot4_ws/install/turtlebot4_gz_toolbox/lib/pkgconfig/turtlebot4_gz_toolbox.pc'
[3.315s] Level 1:colcon.colcon_core.environment:checking '/home/aashraey-vaid/turtlebot4_ws/install/turtlebot4_gz_toolbox/lib/python3.12/site-packages'
[3.316s] Level 1:colcon.colcon_core.environment:checking '/home/aashraey-vaid/turtlebot4_ws/install/turtlebot4_gz_toolbox/bin'
[3.317s] INFO:colcon.colcon_core.shell:Creating package script '/home/aashraey-vaid/turtlebot4_ws/install/turtlebot4_gz_toolbox/share/turtlebot4_gz_toolbox/package.ps1'
[3.320s] INFO:colcon.colcon_core.shell:Creating package descriptor '/home/aashraey-vaid/turtlebot4_ws/install/turtlebot4_gz_toolbox/share/turtlebot4_gz_toolbox/package.dsv'
[3.322s] INFO:colcon.colcon_core.shell:Creating package script '/home/aashraey-vaid/turtlebot4_ws/install/turtlebot4_gz_toolbox/share/turtlebot4_gz_toolbox/package.sh'
[3.325s] INFO:colcon.colcon_core.shell:Creating package script '/home/aashraey-vaid/turtlebot4_ws/install/turtlebot4_gz_toolbox/share/turtlebot4_gz_toolbox/package.bash'
[3.328s] INFO:colcon.colcon_core.shell:Creating package script '/home/aashraey-vaid/turtlebot4_ws/install/turtlebot4_gz_toolbox/share/turtlebot4_gz_toolbox/package.zsh'
[3.331s] Level 1:colcon.colcon_core.environment:create_file_with_runtime_dependencies(/home/aashraey-vaid/turtlebot4_ws/install/turtlebot4_gz_toolbox/share/colcon-core/packages/turtlebot4_gz_toolbox)
[3.334s] Level 1:colcon.colcon_core.environment:create_environment_scripts_only(turtlebot4_gz_toolbox)
[3.335s] Level 1:colcon.colcon_core.environment:checking '/home/aashraey-vaid/turtlebot4_ws/install/turtlebot4_gz_toolbox' for CMake module files
[3.339s] Level 1:colcon.colcon_core.environment:checking '/home/aashraey-vaid/turtlebot4_ws/install/turtlebot4_gz_toolbox' for CMake config files
[3.339s] Level 1:colcon.colcon_core.shell:create_environment_hook('turtlebot4_gz_toolbox', 'cmake_prefix_path')
[3.340s] INFO:colcon.colcon_core.shell:Creating environment hook '/home/aashraey-vaid/turtlebot4_ws/install/turtlebot4_gz_toolbox/share/turtlebot4_gz_toolbox/hook/cmake_prefix_path.ps1'
[3.342s] INFO:colcon.colcon_core.shell:Creating environment descriptor '/home/aashraey-vaid/turtlebot4_ws/install/turtlebot4_gz_toolbox/share/turtlebot4_gz_toolbox/hook/cmake_prefix_path.dsv'
[3.343s] INFO:colcon.colcon_core.shell:Creating environment hook '/home/aashraey-vaid/turtlebot4_ws/install/turtlebot4_gz_toolbox/share/turtlebot4_gz_toolbox/hook/cmake_prefix_path.sh'
[3.346s] Level 1:colcon.colcon_core.environment:checking '/home/aashraey-vaid/turtlebot4_ws/install/turtlebot4_gz_toolbox/lib'
[3.347s] Level 1:colcon.colcon_core.environment:checking '/home/aashraey-vaid/turtlebot4_ws/install/turtlebot4_gz_toolbox/bin'
[3.348s] Level 1:colcon.colcon_core.environment:checking '/home/aashraey-vaid/turtlebot4_ws/install/turtlebot4_gz_toolbox/lib/pkgconfig/turtlebot4_gz_toolbox.pc'
[3.349s] Level 1:colcon.colcon_core.environment:checking '/home/aashraey-vaid/turtlebot4_ws/install/turtlebot4_gz_toolbox/lib/python3.12/site-packages'
[3.349s] Level 1:colcon.colcon_core.environment:checking '/home/aashraey-vaid/turtlebot4_ws/install/turtlebot4_gz_toolbox/bin'
[3.351s] INFO:colcon.colcon_core.shell:Creating package script '/home/aashraey-vaid/turtlebot4_ws/install/turtlebot4_gz_toolbox/share/turtlebot4_gz_toolbox/package.ps1'
[3.353s] INFO:colcon.colcon_core.shell:Creating package descriptor '/home/aashraey-vaid/turtlebot4_ws/install/turtlebot4_gz_toolbox/share/turtlebot4_gz_toolbox/package.dsv'
[3.355s] INFO:colcon.colcon_core.shell:Creating package script '/home/aashraey-vaid/turtlebot4_ws/install/turtlebot4_gz_toolbox/share/turtlebot4_gz_toolbox/package.sh'
[3.357s] INFO:colcon.colcon_core.shell:Creating package script '/home/aashraey-vaid/turtlebot4_ws/install/turtlebot4_gz_toolbox/share/turtlebot4_gz_toolbox/package.bash'
[3.359s] INFO:colcon.colcon_core.shell:Creating package script '/home/aashraey-vaid/turtlebot4_ws/install/turtlebot4_gz_toolbox/share/turtlebot4_gz_toolbox/package.zsh'
[3.404s] Level 1:colcon.colcon_core.environment:create_file_with_runtime_dependencies(/home/aashraey-vaid/turtlebot4_ws/install/turtlebot4_gz_toolbox/share/colcon-core/packages/turtlebot4_gz_toolbox)
[3.408s] Level 1:colcon.colcon_core.environment:create_environment_scripts_only(turtlebot4_gz_gui_plugins)
[3.408s] Level 1:colcon.colcon_core.environment:checking '/home/aashraey-vaid/turtlebot4_ws/install/turtlebot4_gz_gui_plugins' for CMake module files
[3.412s] DEBUG:colcon.colcon_core.event_handler.log_command:Invoked command in '/home/aashraey-vaid/turtlebot4_ws/build/turtlebot4_gz_gui_plugins' returned '0': CMAKE_PREFIX_PATH=${CMAKE_PREFIX_PATH}:/home/aashraey-vaid/turtlebot4_ws/install/turtlebot4_controller:/opt/ros/jazzy DEBUGINFOD_URLS=https://debuginfod.ubuntu.com /usr/bin/cmake --install /home/aashraey-vaid/turtlebot4_ws/build/turtlebot4_gz_gui_plugins
[3.413s] Level 1:colcon.colcon_core.environment:checking '/home/aashraey-vaid/turtlebot4_ws/install/turtlebot4_gz_gui_plugins' for CMake config files
[3.414s] Level 1:colcon.colcon_core.shell:create_environment_hook('turtlebot4_gz_gui_plugins', 'cmake_prefix_path')
[3.415s] INFO:colcon.colcon_core.shell:Creating environment hook '/home/aashraey-vaid/turtlebot4_ws/install/turtlebot4_gz_gui_plugins/share/turtlebot4_gz_gui_plugins/hook/cmake_prefix_path.ps1'
[3.418s] INFO:colcon.colcon_core.shell:Creating environment descriptor '/home/aashraey-vaid/turtlebot4_ws/install/turtlebot4_gz_gui_plugins/share/turtlebot4_gz_gui_plugins/hook/cmake_prefix_path.dsv'
[3.419s] INFO:colcon.colcon_core.shell:Creating environment hook '/home/aashraey-vaid/turtlebot4_ws/install/turtlebot4_gz_gui_plugins/share/turtlebot4_gz_gui_plugins/hook/cmake_prefix_path.sh'
[3.421s] Level 1:colcon.colcon_core.environment:checking '/home/aashraey-vaid/turtlebot4_ws/install/turtlebot4_gz_gui_plugins/bin'
[3.422s] Level 1:colcon.colcon_core.environment:checking '/home/aashraey-vaid/turtlebot4_ws/install/turtlebot4_gz_gui_plugins/lib/pkgconfig/turtlebot4_gz_gui_plugins.pc'
[3.423s] Level 1:colcon.colcon_core.environment:checking '/home/aashraey-vaid/turtlebot4_ws/install/turtlebot4_gz_gui_plugins/lib/python3.12/site-packages'
[3.424s] Level 1:colcon.colcon_core.environment:checking '/home/aashraey-vaid/turtlebot4_ws/install/turtlebot4_gz_gui_plugins/bin'
[3.425s] INFO:colcon.colcon_core.shell:Creating package script '/home/aashraey-vaid/turtlebot4_ws/install/turtlebot4_gz_gui_plugins/share/turtlebot4_gz_gui_plugins/package.ps1'
[3.428s] INFO:colcon.colcon_core.shell:Creating package descriptor '/home/aashraey-vaid/turtlebot4_ws/install/turtlebot4_gz_gui_plugins/share/turtlebot4_gz_gui_plugins/package.dsv'
[3.429s] INFO:colcon.colcon_core.shell:Creating package script '/home/aashraey-vaid/turtlebot4_ws/install/turtlebot4_gz_gui_plugins/share/turtlebot4_gz_gui_plugins/package.sh'
[3.432s] INFO:colcon.colcon_core.shell:Creating package script '/home/aashraey-vaid/turtlebot4_ws/install/turtlebot4_gz_gui_plugins/share/turtlebot4_gz_gui_plugins/package.bash'
[3.434s] INFO:colcon.colcon_core.shell:Creating package script '/home/aashraey-vaid/turtlebot4_ws/install/turtlebot4_gz_gui_plugins/share/turtlebot4_gz_gui_plugins/package.zsh'
[3.435s] Level 1:colcon.colcon_core.environment:create_file_with_runtime_dependencies(/home/aashraey-vaid/turtlebot4_ws/install/turtlebot4_gz_gui_plugins/share/colcon-core/packages/turtlebot4_gz_gui_plugins)
[3.437s] Level 1:colcon.colcon_core.environment:create_environment_scripts_only(turtlebot4_gz_gui_plugins)
[3.438s] Level 1:colcon.colcon_core.environment:checking '/home/aashraey-vaid/turtlebot4_ws/install/turtlebot4_gz_gui_plugins' for CMake module files
[3.440s] Level 1:colcon.colcon_core.environment:checking '/home/aashraey-vaid/turtlebot4_ws/install/turtlebot4_gz_gui_plugins' for CMake config files
[3.441s] Level 1:colcon.colcon_core.shell:create_environment_hook('turtlebot4_gz_gui_plugins', 'cmake_prefix_path')
[3.442s] INFO:colcon.colcon_core.shell:Creating environment hook '/home/aashraey-vaid/turtlebot4_ws/install/turtlebot4_gz_gui_plugins/share/turtlebot4_gz_gui_plugins/hook/cmake_prefix_path.ps1'
[3.444s] INFO:colcon.colcon_core.shell:Creating environment descriptor '/home/aashraey-vaid/turtlebot4_ws/install/turtlebot4_gz_gui_plugins/share/turtlebot4_gz_gui_plugins/hook/cmake_prefix_path.dsv'
[3.446s] INFO:colcon.colcon_core.shell:Creating environment hook '/home/aashraey-vaid/turtlebot4_ws/install/turtlebot4_gz_gui_plugins/share/turtlebot4_gz_gui_plugins/hook/cmake_prefix_path.sh'
[3.448s] Level 1:colcon.colcon_core.environment:checking '/home/aashraey-vaid/turtlebot4_ws/install/turtlebot4_gz_gui_plugins/bin'
[3.448s] Level 1:colcon.colcon_core.environment:checking '/home/aashraey-vaid/turtlebot4_ws/install/turtlebot4_gz_gui_plugins/lib/pkgconfig/turtlebot4_gz_gui_plugins.pc'
[3.449s] Level 1:colcon.colcon_core.environment:checking '/home/aashraey-vaid/turtlebot4_ws/install/turtlebot4_gz_gui_plugins/lib/python3.12/site-packages'
[3.449s] Level 1:colcon.colcon_core.environment:checking '/home/aashraey-vaid/turtlebot4_ws/install/turtlebot4_gz_gui_plugins/bin'
[3.451s] INFO:colcon.colcon_core.shell:Creating package script '/home/aashraey-vaid/turtlebot4_ws/install/turtlebot4_gz_gui_plugins/share/turtlebot4_gz_gui_plugins/package.ps1'
[3.452s] INFO:colcon.colcon_core.shell:Creating package descriptor '/home/aashraey-vaid/turtlebot4_ws/install/turtlebot4_gz_gui_plugins/share/turtlebot4_gz_gui_plugins/package.dsv'
[3.456s] INFO:colcon.colcon_core.shell:Creating package script '/home/aashraey-vaid/turtlebot4_ws/install/turtlebot4_gz_gui_plugins/share/turtlebot4_gz_gui_plugins/package.sh'
[3.458s] INFO:colcon.colcon_core.shell:Creating package script '/home/aashraey-vaid/turtlebot4_ws/install/turtlebot4_gz_gui_plugins/share/turtlebot4_gz_gui_plugins/package.bash'
[3.459s] INFO:colcon.colcon_core.shell:Creating package script '/home/aashraey-vaid/turtlebot4_ws/install/turtlebot4_gz_gui_plugins/share/turtlebot4_gz_gui_plugins/package.zsh'
[3.461s] Level 1:colcon.colcon_core.environment:create_file_with_runtime_dependencies(/home/aashraey-vaid/turtlebot4_ws/install/turtlebot4_gz_gui_plugins/share/colcon-core/packages/turtlebot4_gz_gui_plugins)
[3.462s] INFO:colcon.colcon_ros.task.ament_cmake.build:Building ROS package in '/home/aashraey-vaid/turtlebot4_ws/src/turtlebot4_simulator/turtlebot4_gz_bringup' with build type 'ament_cmake'
[3.462s] INFO:colcon.colcon_cmake.task.cmake.build:Building CMake package in '/home/aashraey-vaid/turtlebot4_ws/src/turtlebot4_simulator/turtlebot4_gz_bringup'
[3.463s] INFO:colcon.colcon_core.shell:Skip shell extension 'powershell' for command environment: Not usable outside of PowerShell
[3.464s] DEBUG:colcon.colcon_core.shell:Skip shell extension 'dsv' for command environment
[3.519s] DEBUG:colcon.colcon_core.event_handler.log_command:Invoking command in '/home/aashraey-vaid/turtlebot4_ws/build/turtlebot4_gz_bringup': CMAKE_PREFIX_PATH=/home/aashraey-vaid/turtlebot4_ws/install/turtlebot4_gz_toolbox:/home/aashraey-vaid/turtlebot4_ws/install/turtlebot4_gz_gui_plugins:/home/aashraey-vaid/turtlebot4_ws/install/turtlebot4_simulator:/home/aashraey-vaid/turtlebot4_ws/install/turtlebot4_gz_bringup:/opt/ros/jazzy/opt/gz_sim_vendor:/opt/ros/jazzy/opt/gz_sensors_vendor:/opt/ros/jazzy/opt/gz_physics_vendor:/opt/ros/jazzy/opt/sdformat_vendor:/opt/ros/jazzy/opt/gz_gui_vendor:/opt/ros/jazzy/opt/gz_transport_vendor:/opt/ros/jazzy/opt/gz_rendering_vendor:/opt/ros/jazzy/opt/gz_plugin_vendor:/opt/ros/jazzy/opt/gz_fuel_tools_vendor:/opt/ros/jazzy/opt/gz_msgs_vendor:/opt/ros/jazzy/opt/gz_common_vendor:/opt/ros/jazzy/opt/gz_math_vendor:/opt/ros/jazzy/opt/gz_utils_vendor:/opt/ros/jazzy/opt/gz_tools_vendor:/opt/ros/jazzy/opt/gz_ogre_next_vendor:/opt/ros/jazzy/opt/gz_dartsim_vendor:/opt/ros/jazzy/opt/gz_cmake_vendor:/home/aashraey-vaid/turtlebot4_ws/install/turtlebot4_controller:/opt/ros/jazzy DEBUGINFOD_URLS=https://debuginfod.ubuntu.com /usr/bin/cmake --build /home/aashraey-vaid/turtlebot4_ws/build/turtlebot4_gz_bringup -- -j8 -l8
[3.786s] DEBUG:colcon.colcon_core.event_handler.log_command:Invoked command in '/home/aashraey-vaid/turtlebot4_ws/build/turtlebot4_gz_bringup' returned '0': CMAKE_PREFIX_PATH=/home/aashraey-vaid/turtlebot4_ws/install/turtlebot4_gz_toolbox:/home/aashraey-vaid/turtlebot4_ws/install/turtlebot4_gz_gui_plugins:/home/aashraey-vaid/turtlebot4_ws/install/turtlebot4_simulator:/home/aashraey-vaid/turtlebot4_ws/install/turtlebot4_gz_bringup:/opt/ros/jazzy/opt/gz_sim_vendor:/opt/ros/jazzy/opt/gz_sensors_vendor:/opt/ros/jazzy/opt/gz_physics_vendor:/opt/ros/jazzy/opt/sdformat_vendor:/opt/ros/jazzy/opt/gz_gui_vendor:/opt/ros/jazzy/opt/gz_transport_vendor:/opt/ros/jazzy/opt/gz_rendering_vendor:/opt/ros/jazzy/opt/gz_plugin_vendor:/opt/ros/jazzy/opt/gz_fuel_tools_vendor:/opt/ros/jazzy/opt/gz_msgs_vendor:/opt/ros/jazzy/opt/gz_common_vendor:/opt/ros/jazzy/opt/gz_math_vendor:/opt/ros/jazzy/opt/gz_utils_vendor:/opt/ros/jazzy/opt/gz_tools_vendor:/opt/ros/jazzy/opt/gz_ogre_next_vendor:/opt/ros/jazzy/opt/gz_dartsim_vendor:/opt/ros/jazzy/opt/gz_cmake_vendor:/home/aashraey-vaid/turtlebot4_ws/install/turtlebot4_controller:/opt/ros/jazzy DEBUGINFOD_URLS=https://debuginfod.ubuntu.com /usr/bin/cmake --build /home/aashraey-vaid/turtlebot4_ws/build/turtlebot4_gz_bringup -- -j8 -l8
[3.792s] DEBUG:colcon.colcon_core.event_handler.log_command:Invoking command in '/home/aashraey-vaid/turtlebot4_ws/build/turtlebot4_gz_bringup': CMAKE_PREFIX_PATH=/home/aashraey-vaid/turtlebot4_ws/install/turtlebot4_gz_toolbox:/home/aashraey-vaid/turtlebot4_ws/install/turtlebot4_gz_gui_plugins:/home/aashraey-vaid/turtlebot4_ws/install/turtlebot4_simulator:/home/aashraey-vaid/turtlebot4_ws/install/turtlebot4_gz_bringup:/opt/ros/jazzy/opt/gz_sim_vendor:/opt/ros/jazzy/opt/gz_sensors_vendor:/opt/ros/jazzy/opt/gz_physics_vendor:/opt/ros/jazzy/opt/sdformat_vendor:/opt/ros/jazzy/opt/gz_gui_vendor:/opt/ros/jazzy/opt/gz_transport_vendor:/opt/ros/jazzy/opt/gz_rendering_vendor:/opt/ros/jazzy/opt/gz_plugin_vendor:/opt/ros/jazzy/opt/gz_fuel_tools_vendor:/opt/ros/jazzy/opt/gz_msgs_vendor:/opt/ros/jazzy/opt/gz_common_vendor:/opt/ros/jazzy/opt/gz_math_vendor:/opt/ros/jazzy/opt/gz_utils_vendor:/opt/ros/jazzy/opt/gz_tools_vendor:/opt/ros/jazzy/opt/gz_ogre_next_vendor:/opt/ros/jazzy/opt/gz_dartsim_vendor:/opt/ros/jazzy/opt/gz_cmake_vendor:/home/aashraey-vaid/turtlebot4_ws/install/turtlebot4_controller:/opt/ros/jazzy DEBUGINFOD_URLS=https://debuginfod.ubuntu.com /usr/bin/cmake --install /home/aashraey-vaid/turtlebot4_ws/build/turtlebot4_gz_bringup
[3.871s] Level 1:colcon.colcon_core.environment:create_environment_scripts_only(turtlebot4_gz_bringup)
[3.871s] Level 1:colcon.colcon_core.environment:checking '/home/aashraey-vaid/turtlebot4_ws/install/turtlebot4_gz_bringup' for CMake module files
[3.874s] DEBUG:colcon.colcon_core.event_handler.log_command:Invoked command in '/home/aashraey-vaid/turtlebot4_ws/build/turtlebot4_gz_bringup' returned '0': CMAKE_PREFIX_PATH=/home/aashraey-vaid/turtlebot4_ws/install/turtlebot4_gz_toolbox:/home/aashraey-vaid/turtlebot4_ws/install/turtlebot4_gz_gui_plugins:/home/aashraey-vaid/turtlebot4_ws/install/turtlebot4_simulator:/home/aashraey-vaid/turtlebot4_ws/install/turtlebot4_gz_bringup:/opt/ros/jazzy/opt/gz_sim_vendor:/opt/ros/jazzy/opt/gz_sensors_vendor:/opt/ros/jazzy/opt/gz_physics_vendor:/opt/ros/jazzy/opt/sdformat_vendor:/opt/ros/jazzy/opt/gz_gui_vendor:/opt/ros/jazzy/opt/gz_transport_vendor:/opt/ros/jazzy/opt/gz_rendering_vendor:/opt/ros/jazzy/opt/gz_plugin_vendor:/opt/ros/jazzy/opt/gz_fuel_tools_vendor:/opt/ros/jazzy/opt/gz_msgs_vendor:/opt/ros/jazzy/opt/gz_common_vendor:/opt/ros/jazzy/opt/gz_math_vendor:/opt/ros/jazzy/opt/gz_utils_vendor:/opt/ros/jazzy/opt/gz_tools_vendor:/opt/ros/jazzy/opt/gz_ogre_next_vendor:/opt/ros/jazzy/opt/gz_dartsim_vendor:/opt/ros/jazzy/opt/gz_cmake_vendor:/home/aashraey-vaid/turtlebot4_ws/install/turtlebot4_controller:/opt/ros/jazzy DEBUGINFOD_URLS=https://debuginfod.ubuntu.com /usr/bin/cmake --install /home/aashraey-vaid/turtlebot4_ws/build/turtlebot4_gz_bringup
[3.876s] Level 1:colcon.colcon_core.environment:checking '/home/aashraey-vaid/turtlebot4_ws/install/turtlebot4_gz_bringup' for CMake config files
[3.878s] Level 1:colcon.colcon_core.shell:create_environment_hook('turtlebot4_gz_bringup', 'cmake_prefix_path')
[3.879s] INFO:colcon.colcon_core.shell:Creating environment hook '/home/aashraey-vaid/turtlebot4_ws/install/turtlebot4_gz_bringup/share/turtlebot4_gz_bringup/hook/cmake_prefix_path.ps1'
[3.880s] INFO:colcon.colcon_core.shell:Creating environment descriptor '/home/aashraey-vaid/turtlebot4_ws/install/turtlebot4_gz_bringup/share/turtlebot4_gz_bringup/hook/cmake_prefix_path.dsv'
[3.881s] INFO:colcon.colcon_core.shell:Creating environment hook '/home/aashraey-vaid/turtlebot4_ws/install/turtlebot4_gz_bringup/share/turtlebot4_gz_bringup/hook/cmake_prefix_path.sh'
[3.884s] Level 1:colcon.colcon_core.environment:checking '/home/aashraey-vaid/turtlebot4_ws/install/turtlebot4_gz_bringup/bin'
[3.885s] Level 1:colcon.colcon_core.environment:checking '/home/aashraey-vaid/turtlebot4_ws/install/turtlebot4_gz_bringup/lib/pkgconfig/turtlebot4_gz_bringup.pc'
[3.887s] Level 1:colcon.colcon_core.environment:checking '/home/aashraey-vaid/turtlebot4_ws/install/turtlebot4_gz_bringup/lib/python3.12/site-packages'
[3.887s] Level 1:colcon.colcon_core.environment:checking '/home/aashraey-vaid/turtlebot4_ws/install/turtlebot4_gz_bringup/bin'
[3.889s] INFO:colcon.colcon_core.shell:Creating package script '/home/aashraey-vaid/turtlebot4_ws/install/turtlebot4_gz_bringup/share/turtlebot4_gz_bringup/package.ps1'
[3.891s] INFO:colcon.colcon_core.shell:Creating package descriptor '/home/aashraey-vaid/turtlebot4_ws/install/turtlebot4_gz_bringup/share/turtlebot4_gz_bringup/package.dsv'
[3.893s] INFO:colcon.colcon_core.shell:Creating package script '/home/aashraey-vaid/turtlebot4_ws/install/turtlebot4_gz_bringup/share/turtlebot4_gz_bringup/package.sh'
[3.894s] INFO:colcon.colcon_core.shell:Creating package script '/home/aashraey-vaid/turtlebot4_ws/install/turtlebot4_gz_bringup/share/turtlebot4_gz_bringup/package.bash'
[3.896s] INFO:colcon.colcon_core.shell:Creating package script '/home/aashraey-vaid/turtlebot4_ws/install/turtlebot4_gz_bringup/share/turtlebot4_gz_bringup/package.zsh'
[3.898s] Level 1:colcon.colcon_core.environment:create_file_with_runtime_dependencies(/home/aashraey-vaid/turtlebot4_ws/install/turtlebot4_gz_bringup/share/colcon-core/packages/turtlebot4_gz_bringup)
[3.900s] Level 1:colcon.colcon_core.environment:create_environment_scripts_only(turtlebot4_gz_bringup)
[3.900s] Level 1:colcon.colcon_core.environment:checking '/home/aashraey-vaid/turtlebot4_ws/install/turtlebot4_gz_bringup' for CMake module files
[3.905s] Level 1:colcon.colcon_core.environment:checking '/home/aashraey-vaid/turtlebot4_ws/install/turtlebot4_gz_bringup' for CMake config files
[3.906s] Level 1:colcon.colcon_core.shell:create_environment_hook('turtlebot4_gz_bringup', 'cmake_prefix_path')
[3.907s] INFO:colcon.colcon_core.shell:Creating environment hook '/home/aashraey-vaid/turtlebot4_ws/install/turtlebot4_gz_bringup/share/turtlebot4_gz_bringup/hook/cmake_prefix_path.ps1'
[3.908s] INFO:colcon.colcon_core.shell:Creating environment descriptor '/home/aashraey-vaid/turtlebot4_ws/install/turtlebot4_gz_bringup/share/turtlebot4_gz_bringup/hook/cmake_prefix_path.dsv'
[3.911s] INFO:colcon.colcon_core.shell:Creating environment hook '/home/aashraey-vaid/turtlebot4_ws/install/turtlebot4_gz_bringup/share/turtlebot4_gz_bringup/hook/cmake_prefix_path.sh'
[3.913s] Level 1:colcon.colcon_core.environment:checking '/home/aashraey-vaid/turtlebot4_ws/install/turtlebot4_gz_bringup/bin'
[3.915s] Level 1:colcon.colcon_core.environment:checking '/home/aashraey-vaid/turtlebot4_ws/install/turtlebot4_gz_bringup/lib/pkgconfig/turtlebot4_gz_bringup.pc'
[3.916s] Level 1:colcon.colcon_core.environment:checking '/home/aashraey-vaid/turtlebot4_ws/install/turtlebot4_gz_bringup/lib/python3.12/site-packages'
[3.917s] Level 1:colcon.colcon_core.environment:checking '/home/aashraey-vaid/turtlebot4_ws/install/turtlebot4_gz_bringup/bin'
[3.921s] INFO:colcon.colcon_core.shell:Creating package script '/home/aashraey-vaid/turtlebot4_ws/install/turtlebot4_gz_bringup/share/turtlebot4_gz_bringup/package.ps1'
[3.923s] INFO:colcon.colcon_core.shell:Creating package descriptor '/home/aashraey-vaid/turtlebot4_ws/install/turtlebot4_gz_bringup/share/turtlebot4_gz_bringup/package.dsv'
[3.925s] INFO:colcon.colcon_core.shell:Creating package script '/home/aashraey-vaid/turtlebot4_ws/install/turtlebot4_gz_bringup/share/turtlebot4_gz_bringup/package.sh'
[3.926s] INFO:colcon.colcon_core.shell:Creating package script '/home/aashraey-vaid/turtlebot4_ws/install/turtlebot4_gz_bringup/share/turtlebot4_gz_bringup/package.bash'
[3.929s] INFO:colcon.colcon_core.shell:Creating package script '/home/aashraey-vaid/turtlebot4_ws/install/turtlebot4_gz_bringup/share/turtlebot4_gz_bringup/package.zsh'
[3.930s] Level 1:colcon.colcon_core.environment:create_file_with_runtime_dependencies(/home/aashraey-vaid/turtlebot4_ws/install/turtlebot4_gz_bringup/share/colcon-core/packages/turtlebot4_gz_bringup)
[3.931s] INFO:colcon.colcon_ros.task.ament_cmake.build:Building ROS package in '/home/aashraey-vaid/turtlebot4_ws/src/turtlebot4_simulator/turtlebot4_simulator' with build type 'ament_cmake'
[3.931s] INFO:colcon.colcon_cmake.task.cmake.build:Building CMake package in '/home/aashraey-vaid/turtlebot4_ws/src/turtlebot4_simulator/turtlebot4_simulator'
[3.932s] INFO:colcon.colcon_core.shell:Skip shell extension 'powershell' for command environment: Not usable outside of PowerShell
[3.932s] DEBUG:colcon.colcon_core.shell:Skip shell extension 'dsv' for command environment
[3.996s] DEBUG:colcon.colcon_core.event_handler.log_command:Invoking command in '/home/aashraey-vaid/turtlebot4_ws/build/turtlebot4_simulator': CMAKE_PREFIX_PATH=/home/aashraey-vaid/turtlebot4_ws/install/turtlebot4_gz_bringup:/home/aashraey-vaid/turtlebot4_ws/install/turtlebot4_gz_toolbox:/home/aashraey-vaid/turtlebot4_ws/install/turtlebot4_gz_gui_plugins:/home/aashraey-vaid/turtlebot4_ws/install/turtlebot4_simulator:/opt/ros/jazzy/opt/gz_sim_vendor:/opt/ros/jazzy/opt/gz_sensors_vendor:/opt/ros/jazzy/opt/gz_physics_vendor:/opt/ros/jazzy/opt/sdformat_vendor:/opt/ros/jazzy/opt/gz_gui_vendor:/opt/ros/jazzy/opt/gz_transport_vendor:/opt/ros/jazzy/opt/gz_rendering_vendor:/opt/ros/jazzy/opt/gz_plugin_vendor:/opt/ros/jazzy/opt/gz_fuel_tools_vendor:/opt/ros/jazzy/opt/gz_msgs_vendor:/opt/ros/jazzy/opt/gz_common_vendor:/opt/ros/jazzy/opt/gz_math_vendor:/opt/ros/jazzy/opt/gz_utils_vendor:/opt/ros/jazzy/opt/gz_tools_vendor:/opt/ros/jazzy/opt/gz_ogre_next_vendor:/opt/ros/jazzy/opt/gz_dartsim_vendor:/opt/ros/jazzy/opt/gz_cmake_vendor:/home/aashraey-vaid/turtlebot4_ws/install/turtlebot4_controller:/opt/ros/jazzy DEBUGINFOD_URLS=https://debuginfod.ubuntu.com /usr/bin/cmake --build /home/aashraey-vaid/turtlebot4_ws/build/turtlebot4_simulator -- -j8 -l8
[4.250s] DEBUG:colcon.colcon_core.event_handler.log_command:Invoked command in '/home/aashraey-vaid/turtlebot4_ws/build/turtlebot4_simulator' returned '0': CMAKE_PREFIX_PATH=/home/aashraey-vaid/turtlebot4_ws/install/turtlebot4_gz_bringup:/home/aashraey-vaid/turtlebot4_ws/install/turtlebot4_gz_toolbox:/home/aashraey-vaid/turtlebot4_ws/install/turtlebot4_gz_gui_plugins:/home/aashraey-vaid/turtlebot4_ws/install/turtlebot4_simulator:/opt/ros/jazzy/opt/gz_sim_vendor:/opt/ros/jazzy/opt/gz_sensors_vendor:/opt/ros/jazzy/opt/gz_physics_vendor:/opt/ros/jazzy/opt/sdformat_vendor:/opt/ros/jazzy/opt/gz_gui_vendor:/opt/ros/jazzy/opt/gz_transport_vendor:/opt/ros/jazzy/opt/gz_rendering_vendor:/opt/ros/jazzy/opt/gz_plugin_vendor:/opt/ros/jazzy/opt/gz_fuel_tools_vendor:/opt/ros/jazzy/opt/gz_msgs_vendor:/opt/ros/jazzy/opt/gz_common_vendor:/opt/ros/jazzy/opt/gz_math_vendor:/opt/ros/jazzy/opt/gz_utils_vendor:/opt/ros/jazzy/opt/gz_tools_vendor:/opt/ros/jazzy/opt/gz_ogre_next_vendor:/opt/ros/jazzy/opt/gz_dartsim_vendor:/opt/ros/jazzy/opt/gz_cmake_vendor:/home/aashraey-vaid/turtlebot4_ws/install/turtlebot4_controller:/opt/ros/jazzy DEBUGINFOD_URLS=https://debuginfod.ubuntu.com /usr/bin/cmake --build /home/aashraey-vaid/turtlebot4_ws/build/turtlebot4_simulator -- -j8 -l8
[4.255s] DEBUG:colcon.colcon_core.event_handler.log_command:Invoking command in '/home/aashraey-vaid/turtlebot4_ws/build/turtlebot4_simulator': CMAKE_PREFIX_PATH=/home/aashraey-vaid/turtlebot4_ws/install/turtlebot4_gz_bringup:/home/aashraey-vaid/turtlebot4_ws/install/turtlebot4_gz_toolbox:/home/aashraey-vaid/turtlebot4_ws/install/turtlebot4_gz_gui_plugins:/home/aashraey-vaid/turtlebot4_ws/install/turtlebot4_simulator:/opt/ros/jazzy/opt/gz_sim_vendor:/opt/ros/jazzy/opt/gz_sensors_vendor:/opt/ros/jazzy/opt/gz_physics_vendor:/opt/ros/jazzy/opt/sdformat_vendor:/opt/ros/jazzy/opt/gz_gui_vendor:/opt/ros/jazzy/opt/gz_transport_vendor:/opt/ros/jazzy/opt/gz_rendering_vendor:/opt/ros/jazzy/opt/gz_plugin_vendor:/opt/ros/jazzy/opt/gz_fuel_tools_vendor:/opt/ros/jazzy/opt/gz_msgs_vendor:/opt/ros/jazzy/opt/gz_common_vendor:/opt/ros/jazzy/opt/gz_math_vendor:/opt/ros/jazzy/opt/gz_utils_vendor:/opt/ros/jazzy/opt/gz_tools_vendor:/opt/ros/jazzy/opt/gz_ogre_next_vendor:/opt/ros/jazzy/opt/gz_dartsim_vendor:/opt/ros/jazzy/opt/gz_cmake_vendor:/home/aashraey-vaid/turtlebot4_ws/install/turtlebot4_controller:/opt/ros/jazzy DEBUGINFOD_URLS=https://debuginfod.ubuntu.com /usr/bin/cmake --install /home/aashraey-vaid/turtlebot4_ws/build/turtlebot4_simulator
[4.329s] Level 1:colcon.colcon_core.environment:create_environment_scripts_only(turtlebot4_simulator)
[4.331s] Level 1:colcon.colcon_core.environment:checking '/home/aashraey-vaid/turtlebot4_ws/install/turtlebot4_simulator' for CMake module files
[4.345s] DEBUG:colcon.colcon_core.event_handler.log_command:Invoked command in '/home/aashraey-vaid/turtlebot4_ws/build/turtlebot4_simulator' returned '0': CMAKE_PREFIX_PATH=/home/aashraey-vaid/turtlebot4_ws/install/turtlebot4_gz_bringup:/home/aashraey-vaid/turtlebot4_ws/install/turtlebot4_gz_toolbox:/home/aashraey-vaid/turtlebot4_ws/install/turtlebot4_gz_gui_plugins:/home/aashraey-vaid/turtlebot4_ws/install/turtlebot4_simulator:/opt/ros/jazzy/opt/gz_sim_vendor:/opt/ros/jazzy/opt/gz_sensors_vendor:/opt/ros/jazzy/opt/gz_physics_vendor:/opt/ros/jazzy/opt/sdformat_vendor:/opt/ros/jazzy/opt/gz_gui_vendor:/opt/ros/jazzy/opt/gz_transport_vendor:/opt/ros/jazzy/opt/gz_rendering_vendor:/opt/ros/jazzy/opt/gz_plugin_vendor:/opt/ros/jazzy/opt/gz_fuel_tools_vendor:/opt/ros/jazzy/opt/gz_msgs_vendor:/opt/ros/jazzy/opt/gz_common_vendor:/opt/ros/jazzy/opt/gz_math_vendor:/opt/ros/jazzy/opt/gz_utils_vendor:/opt/ros/jazzy/opt/gz_tools_vendor:/opt/ros/jazzy/opt/gz_ogre_next_vendor:/opt/ros/jazzy/opt/gz_dartsim_vendor:/opt/ros/jazzy/opt/gz_cmake_vendor:/home/aashraey-vaid/turtlebot4_ws/install/turtlebot4_controller:/opt/ros/jazzy DEBUGINFOD_URLS=https://debuginfod.ubuntu.com /usr/bin/cmake --install /home/aashraey-vaid/turtlebot4_ws/build/turtlebot4_simulator
[4.347s] Level 1:colcon.colcon_core.environment:checking '/home/aashraey-vaid/turtlebot4_ws/install/turtlebot4_simulator' for CMake config files
[4.350s] Level 1:colcon.colcon_core.shell:create_environment_hook('turtlebot4_simulator', 'cmake_prefix_path')
[4.351s] INFO:colcon.colcon_core.shell:Creating environment hook '/home/aashraey-vaid/turtlebot4_ws/install/turtlebot4_simulator/share/turtlebot4_simulator/hook/cmake_prefix_path.ps1'
[4.355s] INFO:colcon.colcon_core.shell:Creating environment descriptor '/home/aashraey-vaid/turtlebot4_ws/install/turtlebot4_simulator/share/turtlebot4_simulator/hook/cmake_prefix_path.dsv'
[4.357s] INFO:colcon.colcon_core.shell:Creating environment hook '/home/aashraey-vaid/turtlebot4_ws/install/turtlebot4_simulator/share/turtlebot4_simulator/hook/cmake_prefix_path.sh'
[4.361s] Level 1:colcon.colcon_core.environment:checking '/home/aashraey-vaid/turtlebot4_ws/install/turtlebot4_simulator/bin'
[4.361s] Level 1:colcon.colcon_core.environment:checking '/home/aashraey-vaid/turtlebot4_ws/install/turtlebot4_simulator/lib/pkgconfig/turtlebot4_simulator.pc'
[4.362s] Level 1:colcon.colcon_core.environment:checking '/home/aashraey-vaid/turtlebot4_ws/install/turtlebot4_simulator/lib/python3.12/site-packages'
[4.363s] Level 1:colcon.colcon_core.environment:checking '/home/aashraey-vaid/turtlebot4_ws/install/turtlebot4_simulator/bin'
[4.365s] INFO:colcon.colcon_core.shell:Creating package script '/home/aashraey-vaid/turtlebot4_ws/install/turtlebot4_simulator/share/turtlebot4_simulator/package.ps1'
[4.367s] INFO:colcon.colcon_core.shell:Creating package descriptor '/home/aashraey-vaid/turtlebot4_ws/install/turtlebot4_simulator/share/turtlebot4_simulator/package.dsv'
[4.368s] INFO:colcon.colcon_core.shell:Creating package script '/home/aashraey-vaid/turtlebot4_ws/install/turtlebot4_simulator/share/turtlebot4_simulator/package.sh'
[4.372s] INFO:colcon.colcon_core.shell:Creating package script '/home/aashraey-vaid/turtlebot4_ws/install/turtlebot4_simulator/share/turtlebot4_simulator/package.bash'
[4.375s] INFO:colcon.colcon_core.shell:Creating package script '/home/aashraey-vaid/turtlebot4_ws/install/turtlebot4_simulator/share/turtlebot4_simulator/package.zsh'
[4.377s] Level 1:colcon.colcon_core.environment:create_file_with_runtime_dependencies(/home/aashraey-vaid/turtlebot4_ws/install/turtlebot4_simulator/share/colcon-core/packages/turtlebot4_simulator)
[4.379s] Level 1:colcon.colcon_core.environment:create_environment_scripts_only(turtlebot4_simulator)
[4.380s] Level 1:colcon.colcon_core.environment:checking '/home/aashraey-vaid/turtlebot4_ws/install/turtlebot4_simulator' for CMake module files
[4.383s] Level 1:colcon.colcon_core.environment:checking '/home/aashraey-vaid/turtlebot4_ws/install/turtlebot4_simulator' for CMake config files
[4.384s] Level 1:colcon.colcon_core.shell:create_environment_hook('turtlebot4_simulator', 'cmake_prefix_path')
[4.385s] INFO:colcon.colcon_core.shell:Creating environment hook '/home/aashraey-vaid/turtlebot4_ws/install/turtlebot4_simulator/share/turtlebot4_simulator/hook/cmake_prefix_path.ps1'
[4.386s] INFO:colcon.colcon_core.shell:Creating environment descriptor '/home/aashraey-vaid/turtlebot4_ws/install/turtlebot4_simulator/share/turtlebot4_simulator/hook/cmake_prefix_path.dsv'
[4.388s] INFO:colcon.colcon_core.shell:Creating environment hook '/home/aashraey-vaid/turtlebot4_ws/install/turtlebot4_simulator/share/turtlebot4_simulator/hook/cmake_prefix_path.sh'
[4.392s] Level 1:colcon.colcon_core.environment:checking '/home/aashraey-vaid/turtlebot4_ws/install/turtlebot4_simulator/bin'
[4.393s] Level 1:colcon.colcon_core.environment:checking '/home/aashraey-vaid/turtlebot4_ws/install/turtlebot4_simulator/lib/pkgconfig/turtlebot4_simulator.pc'
[4.394s] Level 1:colcon.colcon_core.environment:checking '/home/aashraey-vaid/turtlebot4_ws/install/turtlebot4_simulator/lib/python3.12/site-packages'
[4.396s] Level 1:colcon.colcon_core.environment:checking '/home/aashraey-vaid/turtlebot4_ws/install/turtlebot4_simulator/bin'
[4.397s] INFO:colcon.colcon_core.shell:Creating package script '/home/aashraey-vaid/turtlebot4_ws/install/turtlebot4_simulator/share/turtlebot4_simulator/package.ps1'
[4.399s] INFO:colcon.colcon_core.shell:Creating package descriptor '/home/aashraey-vaid/turtlebot4_ws/install/turtlebot4_simulator/share/turtlebot4_simulator/package.dsv'
[4.402s] INFO:colcon.colcon_core.shell:Creating package script '/home/aashraey-vaid/turtlebot4_ws/install/turtlebot4_simulator/share/turtlebot4_simulator/package.sh'
[4.403s] INFO:colcon.colcon_core.shell:Creating package script '/home/aashraey-vaid/turtlebot4_ws/install/turtlebot4_simulator/share/turtlebot4_simulator/package.bash'
[4.405s] INFO:colcon.colcon_core.shell:Creating package script '/home/aashraey-vaid/turtlebot4_ws/install/turtlebot4_simulator/share/turtlebot4_simulator/package.zsh'
[4.408s] Level 1:colcon.colcon_core.environment:create_file_with_runtime_dependencies(/home/aashraey-vaid/turtlebot4_ws/install/turtlebot4_simulator/share/colcon-core/packages/turtlebot4_simulator)
[6.976s] DEBUG:colcon.colcon_core.event_handler.log_command:Invoking command in '/home/aashraey-vaid/turtlebot4_ws/src/turtlebot4_controller': DEBUGINFOD_URLS=https://debuginfod.ubuntu.com PYTHONPATH=/home/aashraey-vaid/turtlebot4_ws/build/turtlebot4_controller/prefix_override:/usr/lib/python3/dist-packages/colcon_core/task/python/colcon_distutils_commands:/home/aashraey-vaid/turtlebot4_ws/install/turtlebot4_controller/lib/python3.12/site-packages:${PYTHONPATH} /usr/bin/python3 -W ignore:setup.py install is deprecated -W ignore:easy_install command is deprecated setup.py egg_info --egg-base ../../build/turtlebot4_controller build --build-base /home/aashraey-vaid/turtlebot4_ws/build/turtlebot4_controller/build install --record /home/aashraey-vaid/turtlebot4_ws/build/turtlebot4_controller/install.log --single-version-externally-managed install_data
[10.546s] Level 1:colcon.colcon_core.environment:checking '/home/aashraey-vaid/turtlebot4_ws/install/turtlebot4_controller' for CMake module files
[10.547s] DEBUG:colcon.colcon_core.event_handler.log_command:Invoked command in '/home/aashraey-vaid/turtlebot4_ws/src/turtlebot4_controller' returned '0': DEBUGINFOD_URLS=https://debuginfod.ubuntu.com PYTHONPATH=/home/aashraey-vaid/turtlebot4_ws/build/turtlebot4_controller/prefix_override:/usr/lib/python3/dist-packages/colcon_core/task/python/colcon_distutils_commands:/home/aashraey-vaid/turtlebot4_ws/install/turtlebot4_controller/lib/python3.12/site-packages:${PYTHONPATH} /usr/bin/python3 -W ignore:setup.py install is deprecated -W ignore:easy_install command is deprecated setup.py egg_info --egg-base ../../build/turtlebot4_controller build --build-base /home/aashraey-vaid/turtlebot4_ws/build/turtlebot4_controller/build install --record /home/aashraey-vaid/turtlebot4_ws/build/turtlebot4_controller/install.log --single-version-externally-managed install_data
[10.554s] Level 1:colcon.colcon_core.environment:checking '/home/aashraey-vaid/turtlebot4_ws/install/turtlebot4_controller' for CMake config files
[10.556s] Level 1:colcon.colcon_core.environment:checking '/home/aashraey-vaid/turtlebot4_ws/install/turtlebot4_controller/lib'
[10.556s] Level 1:colcon.colcon_core.environment:checking '/home/aashraey-vaid/turtlebot4_ws/install/turtlebot4_controller/bin'
[10.557s] Level 1:colcon.colcon_core.environment:checking '/home/aashraey-vaid/turtlebot4_ws/install/turtlebot4_controller/lib/pkgconfig/turtlebot4_controller.pc'
[10.557s] Level 1:colcon.colcon_core.environment:checking '/home/aashraey-vaid/turtlebot4_ws/install/turtlebot4_controller/lib/python3.12/site-packages'
[10.558s] Level 1:colcon.colcon_core.shell:create_environment_hook('turtlebot4_controller', 'pythonpath')
[10.558s] INFO:colcon.colcon_core.shell:Creating environment hook '/home/aashraey-vaid/turtlebot4_ws/install/turtlebot4_controller/share/turtlebot4_controller/hook/pythonpath.ps1'
[10.561s] INFO:colcon.colcon_core.shell:Creating environment descriptor '/home/aashraey-vaid/turtlebot4_ws/install/turtlebot4_controller/share/turtlebot4_controller/hook/pythonpath.dsv'
[10.565s] INFO:colcon.colcon_core.shell:Creating environment hook '/home/aashraey-vaid/turtlebot4_ws/install/turtlebot4_controller/share/turtlebot4_controller/hook/pythonpath.sh'
[10.568s] Level 1:colcon.colcon_core.environment:checking '/home/aashraey-vaid/turtlebot4_ws/install/turtlebot4_controller/bin'
[10.568s] Level 1:colcon.colcon_core.environment:create_environment_scripts_only(turtlebot4_controller)
[10.570s] INFO:colcon.colcon_core.shell:Creating package script '/home/aashraey-vaid/turtlebot4_ws/install/turtlebot4_controller/share/turtlebot4_controller/package.ps1'
[10.572s] INFO:colcon.colcon_core.shell:Creating package descriptor '/home/aashraey-vaid/turtlebot4_ws/install/turtlebot4_controller/share/turtlebot4_controller/package.dsv'
[10.575s] INFO:colcon.colcon_core.shell:Creating package script '/home/aashraey-vaid/turtlebot4_ws/install/turtlebot4_controller/share/turtlebot4_controller/package.sh'
[10.577s] INFO:colcon.colcon_core.shell:Creating package script '/home/aashraey-vaid/turtlebot4_ws/install/turtlebot4_controller/share/turtlebot4_controller/package.bash'
[10.579s] INFO:colcon.colcon_core.shell:Creating package script '/home/aashraey-vaid/turtlebot4_ws/install/turtlebot4_controller/share/turtlebot4_controller/package.zsh'
[10.580s] Level 1:colcon.colcon_core.environment:create_file_with_runtime_dependencies(/home/aashraey-vaid/turtlebot4_ws/install/turtlebot4_controller/share/colcon-core/packages/turtlebot4_controller)
[10.581s] DEBUG:colcon.colcon_parallel_executor.executor.parallel:closing loop
[10.584s] DEBUG:colcon.colcon_parallel_executor.executor.parallel:loop closed
[10.585s] DEBUG:colcon.colcon_parallel_executor.executor.parallel:run_until_complete finished with '0'
[10.585s] DEBUG:colcon.colcon_core.event_reactor:joining thread
[10.609s] INFO:colcon.colcon_core.plugin_system:Skipping extension 'colcon_notification.desktop_notification.terminal_notifier': Not used on non-Darwin systems
[10.609s] INFO:colcon.colcon_core.plugin_system:Skipping extension 'colcon_notification.desktop_notification.win32': Not used on non-Windows systems
[10.610s] INFO:colcon.colcon_notification.desktop_notification:Sending desktop notification using 'notify2'
[10.664s] DEBUG:colcon.colcon_core.event_reactor:joined thread
[10.666s] INFO:colcon.colcon_core.shell:Creating prefix script '/home/aashraey-vaid/turtlebot4_ws/install/local_setup.ps1'
[10.671s] INFO:colcon.colcon_core.shell:Creating prefix util module '/home/aashraey-vaid/turtlebot4_ws/install/_local_setup_util_ps1.py'
[10.679s] INFO:colcon.colcon_core.shell:Creating prefix chain script '/home/aashraey-vaid/turtlebot4_ws/install/setup.ps1'
[10.686s] INFO:colcon.colcon_core.shell:Creating prefix script '/home/aashraey-vaid/turtlebot4_ws/install/local_setup.sh'
[10.691s] INFO:colcon.colcon_core.shell:Creating prefix util module '/home/aashraey-vaid/turtlebot4_ws/install/_local_setup_util_sh.py'
[10.695s] INFO:colcon.colcon_core.shell:Creating prefix chain script '/home/aashraey-vaid/turtlebot4_ws/install/setup.sh'
[10.701s] INFO:colcon.colcon_core.shell:Creating prefix script '/home/aashraey-vaid/turtlebot4_ws/install/local_setup.bash'
[10.703s] INFO:colcon.colcon_core.shell:Creating prefix chain script '/home/aashraey-vaid/turtlebot4_ws/install/setup.bash'
[10.712s] INFO:colcon.colcon_core.shell:Creating prefix script '/home/aashraey-vaid/turtlebot4_ws/install/local_setup.zsh'
[10.717s] INFO:colcon.colcon_core.shell:Creating prefix chain script '/home/aashraey-vaid/turtlebot4_ws/install/setup.zsh'
