[0.490s] DEBUG:colcon:Command line arguments: ['/usr/bin/colcon', 'build']
[0.490s] DEBUG:colcon:Parsed command line arguments: Namespace(log_base=None, log_level=None, verb_name='build', build_base='build', install_base='install', merge_install=False, symlink_install=False, test_result_base=None, continue_on_error=False, executor='parallel', parallel_workers=8, event_handlers=None, ignore_user_meta=False, metas=['./colcon.meta'], base_paths=['.'], packages_ignore=None, packages_ignore_regex=None, paths=None, packages_up_to=None, packages_up_to_regex=None, packages_above=None, packages_above_and_dependencies=None, packages_above_depth=None, packages_select_by_dep=None, packages_skip_by_dep=None, packages_skip_up_to=None, packages_select_build_failed=False, packages_skip_build_finished=False, packages_select_test_failures=False, packages_skip_test_passed=False, packages_select=None, packages_skip=None, packages_select_regex=None, packages_skip_regex=None, packages_start=None, packages_end=None, allow_overriding=[], cmake_args=None, cmake_target=None, cmake_target_skip_unavailable=False, cmake_clean_cache=False, cmake_clean_first=False, cmake_force_configure=False, ament_cmake_args=None, catkin_cmake_args=None, catkin_skip_building_tests=False, mixin_files=None, mixin=None, verb_parser=<colcon_mixin.mixin.mixin_argument.MixinArgumentDecorator object at 0x788c8a6a3620>, verb_extension=<colcon_core.verb.build.BuildVerb object at 0x788c8a7f47a0>, main=<bound method BuildVerb.main of <colcon_core.verb.build.BuildVerb object at 0x788c8a7f47a0>>, mixin_verb=('build',))
[0.643s] Level 1:colcon.colcon_core.package_discovery:discover_packages(colcon_meta) check parameters
[0.644s] Level 1:colcon.colcon_core.package_discovery:discover_packages(recursive) check parameters
[0.644s] Level 1:colcon.colcon_core.package_discovery:discover_packages(ignore) check parameters
[0.644s] Level 1:colcon.colcon_core.package_discovery:discover_packages(path) check parameters
[0.644s] Level 1:colcon.colcon_core.package_discovery:discover_packages(colcon_meta) discover
[0.644s] Level 1:colcon.colcon_core.package_discovery:discover_packages(recursive) discover
[0.645s] INFO:colcon.colcon_core.package_discovery:Crawling recursively for packages in '/home/aashraey-vaid/turtlebot4_ws'
[0.646s] Level 1:colcon.colcon_core.package_identification:_identify(.) by extensions ['ignore', 'ignore_ament_install']
[0.646s] Level 1:colcon.colcon_core.package_identification:_identify(.) by extension 'ignore'
[0.646s] Level 1:colcon.colcon_core.package_identification:_identify(.) by extension 'ignore_ament_install'
[0.646s] Level 1:colcon.colcon_core.package_identification:_identify(.) by extensions ['colcon_pkg']
[0.646s] Level 1:colcon.colcon_core.package_identification:_identify(.) by extension 'colcon_pkg'
[0.647s] Level 1:colcon.colcon_core.package_identification:_identify(.) by extensions ['colcon_meta']
[0.647s] Level 1:colcon.colcon_core.package_identification:_identify(.) by extension 'colcon_meta'
[0.647s] Level 1:colcon.colcon_core.package_identification:_identify(.) by extensions ['ros']
[0.647s] Level 1:colcon.colcon_core.package_identification:_identify(.) by extension 'ros'
[0.755s] Level 1:colcon.colcon_core.package_identification:_identify(.) by extensions ['cmake', 'python']
[0.755s] Level 1:colcon.colcon_core.package_identification:_identify(.) by extension 'cmake'
[0.755s] Level 1:colcon.colcon_core.package_identification:_identify(.) by extension 'python'
[0.756s] Level 1:colcon.colcon_core.package_identification:_identify(.) by extensions ['python_setup_py']
[0.756s] Level 1:colcon.colcon_core.package_identification:_identify(.) by extension 'python_setup_py'
[0.756s] Level 1:colcon.colcon_core.package_identification:_identify(build) by extensions ['ignore', 'ignore_ament_install']
[0.756s] Level 1:colcon.colcon_core.package_identification:_identify(build) by extension 'ignore'
[0.757s] Level 1:colcon.colcon_core.package_identification:_identify(build) ignored
[0.757s] Level 1:colcon.colcon_core.package_identification:_identify(install) by extensions ['ignore', 'ignore_ament_install']
[0.757s] Level 1:colcon.colcon_core.package_identification:_identify(install) by extension 'ignore'
[0.757s] Level 1:colcon.colcon_core.package_identification:_identify(install) ignored
[0.758s] Level 1:colcon.colcon_core.package_identification:_identify(log) by extensions ['ignore', 'ignore_ament_install']
[0.758s] Level 1:colcon.colcon_core.package_identification:_identify(log) by extension 'ignore'
[0.758s] Level 1:colcon.colcon_core.package_identification:_identify(log) ignored
[0.758s] Level 1:colcon.colcon_core.package_identification:_identify(src) by extensions ['ignore', 'ignore_ament_install']
[0.759s] Level 1:colcon.colcon_core.package_identification:_identify(src) by extension 'ignore'
[0.759s] Level 1:colcon.colcon_core.package_identification:_identify(src) by extension 'ignore_ament_install'
[0.759s] Level 1:colcon.colcon_core.package_identification:_identify(src) by extensions ['colcon_pkg']
[0.759s] Level 1:colcon.colcon_core.package_identification:_identify(src) by extension 'colcon_pkg'
[0.759s] Level 1:colcon.colcon_core.package_identification:_identify(src) by extensions ['colcon_meta']
[0.759s] Level 1:colcon.colcon_core.package_identification:_identify(src) by extension 'colcon_meta'
[0.759s] Level 1:colcon.colcon_core.package_identification:_identify(src) by extensions ['ros']
[0.759s] Level 1:colcon.colcon_core.package_identification:_identify(src) by extension 'ros'
[0.760s] Level 1:colcon.colcon_core.package_identification:_identify(src) by extensions ['cmake', 'python']
[0.760s] Level 1:colcon.colcon_core.package_identification:_identify(src) by extension 'cmake'
[0.760s] Level 1:colcon.colcon_core.package_identification:_identify(src) by extension 'python'
[0.760s] Level 1:colcon.colcon_core.package_identification:_identify(src) by extensions ['python_setup_py']
[0.760s] Level 1:colcon.colcon_core.package_identification:_identify(src) by extension 'python_setup_py'
[0.760s] Level 1:colcon.colcon_core.package_identification:_identify(src/build) by extensions ['ignore', 'ignore_ament_install']
[0.761s] Level 1:colcon.colcon_core.package_identification:_identify(src/build) by extension 'ignore'
[0.761s] Level 1:colcon.colcon_core.package_identification:_identify(src/build) ignored
[0.761s] Level 1:colcon.colcon_core.package_identification:_identify(src/install) by extensions ['ignore', 'ignore_ament_install']
[0.762s] Level 1:colcon.colcon_core.package_identification:_identify(src/install) by extension 'ignore'
[0.762s] Level 1:colcon.colcon_core.package_identification:_identify(src/install) ignored
[0.762s] Level 1:colcon.colcon_core.package_identification:_identify(src/log) by extensions ['ignore', 'ignore_ament_install']
[0.762s] Level 1:colcon.colcon_core.package_identification:_identify(src/log) by extension 'ignore'
[0.762s] Level 1:colcon.colcon_core.package_identification:_identify(src/log) ignored
[0.762s] Level 1:colcon.colcon_core.package_identification:_identify(src/turtlebot4_controller) by extensions ['ignore', 'ignore_ament_install']
[0.763s] Level 1:colcon.colcon_core.package_identification:_identify(src/turtlebot4_controller) by extension 'ignore'
[0.763s] Level 1:colcon.colcon_core.package_identification:_identify(src/turtlebot4_controller) by extension 'ignore_ament_install'
[0.763s] Level 1:colcon.colcon_core.package_identification:_identify(src/turtlebot4_controller) by extensions ['colcon_pkg']
[0.763s] Level 1:colcon.colcon_core.package_identification:_identify(src/turtlebot4_controller) by extension 'colcon_pkg'
[0.763s] Level 1:colcon.colcon_core.package_identification:_identify(src/turtlebot4_controller) by extensions ['colcon_meta']
[0.763s] Level 1:colcon.colcon_core.package_identification:_identify(src/turtlebot4_controller) by extension 'colcon_meta'
[0.763s] Level 1:colcon.colcon_core.package_identification:_identify(src/turtlebot4_controller) by extensions ['ros']
[0.764s] Level 1:colcon.colcon_core.package_identification:_identify(src/turtlebot4_controller) by extension 'ros'
[0.770s] DEBUG:colcon.colcon_core.package_identification:Package 'src/turtlebot4_controller' with type 'ros.ament_python' and name 'turtlebot4_controller'
[0.771s] Level 1:colcon.colcon_core.package_identification:_identify(src/turtlebot4_simulator) by extensions ['ignore', 'ignore_ament_install']
[0.771s] Level 1:colcon.colcon_core.package_identification:_identify(src/turtlebot4_simulator) by extension 'ignore'
[0.772s] Level 1:colcon.colcon_core.package_identification:_identify(src/turtlebot4_simulator) by extension 'ignore_ament_install'
[0.772s] Level 1:colcon.colcon_core.package_identification:_identify(src/turtlebot4_simulator) by extensions ['colcon_pkg']
[0.772s] Level 1:colcon.colcon_core.package_identification:_identify(src/turtlebot4_simulator) by extension 'colcon_pkg'
[0.772s] Level 1:colcon.colcon_core.package_identification:_identify(src/turtlebot4_simulator) by extensions ['colcon_meta']
[0.772s] Level 1:colcon.colcon_core.package_identification:_identify(src/turtlebot4_simulator) by extension 'colcon_meta'
[0.772s] Level 1:colcon.colcon_core.package_identification:_identify(src/turtlebot4_simulator) by extensions ['ros']
[0.772s] Level 1:colcon.colcon_core.package_identification:_identify(src/turtlebot4_simulator) by extension 'ros'
[0.773s] Level 1:colcon.colcon_core.package_identification:_identify(src/turtlebot4_simulator) by extensions ['cmake', 'python']
[0.773s] Level 1:colcon.colcon_core.package_identification:_identify(src/turtlebot4_simulator) by extension 'cmake'
[0.773s] Level 1:colcon.colcon_core.package_identification:_identify(src/turtlebot4_simulator) by extension 'python'
[0.773s] Level 1:colcon.colcon_core.package_identification:_identify(src/turtlebot4_simulator) by extensions ['python_setup_py']
[0.773s] Level 1:colcon.colcon_core.package_identification:_identify(src/turtlebot4_simulator) by extension 'python_setup_py'
[0.773s] Level 1:colcon.colcon_core.package_identification:_identify(src/turtlebot4_simulator/turtlebot4_gz_bringup) by extensions ['ignore', 'ignore_ament_install']
[0.773s] Level 1:colcon.colcon_core.package_identification:_identify(src/turtlebot4_simulator/turtlebot4_gz_bringup) by extension 'ignore'
[0.774s] Level 1:colcon.colcon_core.package_identification:_identify(src/turtlebot4_simulator/turtlebot4_gz_bringup) by extension 'ignore_ament_install'
[0.774s] Level 1:colcon.colcon_core.package_identification:_identify(src/turtlebot4_simulator/turtlebot4_gz_bringup) by extensions ['colcon_pkg']
[0.774s] Level 1:colcon.colcon_core.package_identification:_identify(src/turtlebot4_simulator/turtlebot4_gz_bringup) by extension 'colcon_pkg'
[0.774s] Level 1:colcon.colcon_core.package_identification:_identify(src/turtlebot4_simulator/turtlebot4_gz_bringup) by extensions ['colcon_meta']
[0.774s] Level 1:colcon.colcon_core.package_identification:_identify(src/turtlebot4_simulator/turtlebot4_gz_bringup) by extension 'colcon_meta'
[0.774s] Level 1:colcon.colcon_core.package_identification:_identify(src/turtlebot4_simulator/turtlebot4_gz_bringup) by extensions ['ros']
[0.774s] Level 1:colcon.colcon_core.package_identification:_identify(src/turtlebot4_simulator/turtlebot4_gz_bringup) by extension 'ros'
[0.779s] DEBUG:colcon.colcon_core.package_identification:Package 'src/turtlebot4_simulator/turtlebot4_gz_bringup' with type 'ros.ament_cmake' and name 'turtlebot4_gz_bringup'
[0.780s] Level 1:colcon.colcon_core.package_identification:_identify(src/turtlebot4_simulator/turtlebot4_gz_gui_plugins) by extensions ['ignore', 'ignore_ament_install']
[0.780s] Level 1:colcon.colcon_core.package_identification:_identify(src/turtlebot4_simulator/turtlebot4_gz_gui_plugins) by extension 'ignore'
[0.780s] Level 1:colcon.colcon_core.package_identification:_identify(src/turtlebot4_simulator/turtlebot4_gz_gui_plugins) by extension 'ignore_ament_install'
[0.780s] Level 1:colcon.colcon_core.package_identification:_identify(src/turtlebot4_simulator/turtlebot4_gz_gui_plugins) by extensions ['colcon_pkg']
[0.780s] Level 1:colcon.colcon_core.package_identification:_identify(src/turtlebot4_simulator/turtlebot4_gz_gui_plugins) by extension 'colcon_pkg'
[0.781s] Level 1:colcon.colcon_core.package_identification:_identify(src/turtlebot4_simulator/turtlebot4_gz_gui_plugins) by extensions ['colcon_meta']
[0.781s] Level 1:colcon.colcon_core.package_identification:_identify(src/turtlebot4_simulator/turtlebot4_gz_gui_plugins) by extension 'colcon_meta'
[0.781s] Level 1:colcon.colcon_core.package_identification:_identify(src/turtlebot4_simulator/turtlebot4_gz_gui_plugins) by extensions ['ros']
[0.781s] Level 1:colcon.colcon_core.package_identification:_identify(src/turtlebot4_simulator/turtlebot4_gz_gui_plugins) by extension 'ros'
[0.783s] DEBUG:colcon.colcon_core.package_identification:Package 'src/turtlebot4_simulator/turtlebot4_gz_gui_plugins' with type 'ros.ament_cmake' and name 'turtlebot4_gz_gui_plugins'
[0.783s] Level 1:colcon.colcon_core.package_identification:_identify(src/turtlebot4_simulator/turtlebot4_gz_toolbox) by extensions ['ignore', 'ignore_ament_install']
[0.783s] Level 1:colcon.colcon_core.package_identification:_identify(src/turtlebot4_simulator/turtlebot4_gz_toolbox) by extension 'ignore'
[0.784s] Level 1:colcon.colcon_core.package_identification:_identify(src/turtlebot4_simulator/turtlebot4_gz_toolbox) by extension 'ignore_ament_install'
[0.784s] Level 1:colcon.colcon_core.package_identification:_identify(src/turtlebot4_simulator/turtlebot4_gz_toolbox) by extensions ['colcon_pkg']
[0.784s] Level 1:colcon.colcon_core.package_identification:_identify(src/turtlebot4_simulator/turtlebot4_gz_toolbox) by extension 'colcon_pkg'
[0.784s] Level 1:colcon.colcon_core.package_identification:_identify(src/turtlebot4_simulator/turtlebot4_gz_toolbox) by extensions ['colcon_meta']
[0.784s] Level 1:colcon.colcon_core.package_identification:_identify(src/turtlebot4_simulator/turtlebot4_gz_toolbox) by extension 'colcon_meta'
[0.784s] Level 1:colcon.colcon_core.package_identification:_identify(src/turtlebot4_simulator/turtlebot4_gz_toolbox) by extensions ['ros']
[0.784s] Level 1:colcon.colcon_core.package_identification:_identify(src/turtlebot4_simulator/turtlebot4_gz_toolbox) by extension 'ros'
[0.787s] DEBUG:colcon.colcon_core.package_identification:Package 'src/turtlebot4_simulator/turtlebot4_gz_toolbox' with type 'ros.ament_cmake' and name 'turtlebot4_gz_toolbox'
[0.787s] Level 1:colcon.colcon_core.package_identification:_identify(src/turtlebot4_simulator/turtlebot4_simulator) by extensions ['ignore', 'ignore_ament_install']
[0.787s] Level 1:colcon.colcon_core.package_identification:_identify(src/turtlebot4_simulator/turtlebot4_simulator) by extension 'ignore'
[0.787s] Level 1:colcon.colcon_core.package_identification:_identify(src/turtlebot4_simulator/turtlebot4_simulator) by extension 'ignore_ament_install'
[0.788s] Level 1:colcon.colcon_core.package_identification:_identify(src/turtlebot4_simulator/turtlebot4_simulator) by extensions ['colcon_pkg']
[0.788s] Level 1:colcon.colcon_core.package_identification:_identify(src/turtlebot4_simulator/turtlebot4_simulator) by extension 'colcon_pkg'
[0.788s] Level 1:colcon.colcon_core.package_identification:_identify(src/turtlebot4_simulator/turtlebot4_simulator) by extensions ['colcon_meta']
[0.788s] Level 1:colcon.colcon_core.package_identification:_identify(src/turtlebot4_simulator/turtlebot4_simulator) by extension 'colcon_meta'
[0.788s] Level 1:colcon.colcon_core.package_identification:_identify(src/turtlebot4_simulator/turtlebot4_simulator) by extensions ['ros']
[0.788s] Level 1:colcon.colcon_core.package_identification:_identify(src/turtlebot4_simulator/turtlebot4_simulator) by extension 'ros'
[0.790s] DEBUG:colcon.colcon_core.package_identification:Package 'src/turtlebot4_simulator/turtlebot4_simulator' with type 'ros.ament_cmake' and name 'turtlebot4_simulator'
[0.791s] Level 1:colcon.colcon_core.package_discovery:discover_packages(recursive) using defaults
[0.791s] Level 1:colcon.colcon_core.package_discovery:discover_packages(ignore) discover
[0.791s] Level 1:colcon.colcon_core.package_discovery:discover_packages(ignore) using defaults
[0.791s] Level 1:colcon.colcon_core.package_discovery:discover_packages(path) discover
[0.791s] Level 1:colcon.colcon_core.package_discovery:discover_packages(path) using defaults
[0.871s] Level 1:colcon.colcon_core.package_discovery:discover_packages(prefix_path) check parameters
[0.871s] Level 1:colcon.colcon_core.package_discovery:discover_packages(prefix_path) discover
[0.882s] DEBUG:colcon.colcon_installed_package_information.package_discovery:Found 5 installed packages in /home/aashraey-vaid/turtlebot4_ws/install
[0.890s] DEBUG:colcon.colcon_installed_package_information.package_discovery:Found 432 installed packages in /opt/ros/jazzy
[0.895s] Level 1:colcon.colcon_core.package_discovery:discover_packages(prefix_path) using defaults
[1.117s] Level 5:colcon.colcon_core.verb:set package 'turtlebot4_controller' build argument 'cmake_args' from command line to 'None'
[1.117s] Level 5:colcon.colcon_core.verb:set package 'turtlebot4_controller' build argument 'cmake_target' from command line to 'None'
[1.118s] Level 5:colcon.colcon_core.verb:set package 'turtlebot4_controller' build argument 'cmake_target_skip_unavailable' from command line to 'False'
[1.118s] Level 5:colcon.colcon_core.verb:set package 'turtlebot4_controller' build argument 'cmake_clean_cache' from command line to 'False'
[1.118s] Level 5:colcon.colcon_core.verb:set package 'turtlebot4_controller' build argument 'cmake_clean_first' from command line to 'False'
[1.118s] Level 5:colcon.colcon_core.verb:set package 'turtlebot4_controller' build argument 'cmake_force_configure' from command line to 'False'
[1.118s] Level 5:colcon.colcon_core.verb:set package 'turtlebot4_controller' build argument 'ament_cmake_args' from command line to 'None'
[1.118s] Level 5:colcon.colcon_core.verb:set package 'turtlebot4_controller' build argument 'catkin_cmake_args' from command line to 'None'
[1.118s] Level 5:colcon.colcon_core.verb:set package 'turtlebot4_controller' build argument 'catkin_skip_building_tests' from command line to 'False'
[1.118s] DEBUG:colcon.colcon_core.verb:Building package 'turtlebot4_controller' with the following arguments: {'ament_cmake_args': None, 'build_base': '/home/aashraey-vaid/turtlebot4_ws/build/turtlebot4_controller', 'catkin_cmake_args': None, 'catkin_skip_building_tests': False, 'cmake_args': None, 'cmake_clean_cache': False, 'cmake_clean_first': False, 'cmake_force_configure': False, 'cmake_target': None, 'cmake_target_skip_unavailable': False, 'install_base': '/home/aashraey-vaid/turtlebot4_ws/install/turtlebot4_controller', 'merge_install': False, 'path': '/home/aashraey-vaid/turtlebot4_ws/src/turtlebot4_controller', 'symlink_install': False, 'test_result_base': None}
[1.119s] Level 5:colcon.colcon_core.verb:set package 'turtlebot4_gz_gui_plugins' build argument 'cmake_args' from command line to 'None'
[1.119s] Level 5:colcon.colcon_core.verb:set package 'turtlebot4_gz_gui_plugins' build argument 'cmake_target' from command line to 'None'
[1.119s] Level 5:colcon.colcon_core.verb:set package 'turtlebot4_gz_gui_plugins' build argument 'cmake_target_skip_unavailable' from command line to 'False'
[1.119s] Level 5:colcon.colcon_core.verb:set package 'turtlebot4_gz_gui_plugins' build argument 'cmake_clean_cache' from command line to 'False'
[1.119s] Level 5:colcon.colcon_core.verb:set package 'turtlebot4_gz_gui_plugins' build argument 'cmake_clean_first' from command line to 'False'
[1.119s] Level 5:colcon.colcon_core.verb:set package 'turtlebot4_gz_gui_plugins' build argument 'cmake_force_configure' from command line to 'False'
[1.119s] Level 5:colcon.colcon_core.verb:set package 'turtlebot4_gz_gui_plugins' build argument 'ament_cmake_args' from command line to 'None'
[1.119s] Level 5:colcon.colcon_core.verb:set package 'turtlebot4_gz_gui_plugins' build argument 'catkin_cmake_args' from command line to 'None'
[1.119s] Level 5:colcon.colcon_core.verb:set package 'turtlebot4_gz_gui_plugins' build argument 'catkin_skip_building_tests' from command line to 'False'
[1.119s] DEBUG:colcon.colcon_core.verb:Building package 'turtlebot4_gz_gui_plugins' with the following arguments: {'ament_cmake_args': None, 'build_base': '/home/aashraey-vaid/turtlebot4_ws/build/turtlebot4_gz_gui_plugins', 'catkin_cmake_args': None, 'catkin_skip_building_tests': False, 'cmake_args': None, 'cmake_clean_cache': False, 'cmake_clean_first': False, 'cmake_force_configure': False, 'cmake_target': None, 'cmake_target_skip_unavailable': False, 'install_base': '/home/aashraey-vaid/turtlebot4_ws/install/turtlebot4_gz_gui_plugins', 'merge_install': False, 'path': '/home/aashraey-vaid/turtlebot4_ws/src/turtlebot4_simulator/turtlebot4_gz_gui_plugins', 'symlink_install': False, 'test_result_base': None}
[1.120s] Level 5:colcon.colcon_core.verb:set package 'turtlebot4_gz_toolbox' build argument 'cmake_args' from command line to 'None'
[1.120s] Level 5:colcon.colcon_core.verb:set package 'turtlebot4_gz_toolbox' build argument 'cmake_target' from command line to 'None'
[1.120s] Level 5:colcon.colcon_core.verb:set package 'turtlebot4_gz_toolbox' build argument 'cmake_target_skip_unavailable' from command line to 'False'
[1.120s] Level 5:colcon.colcon_core.verb:set package 'turtlebot4_gz_toolbox' build argument 'cmake_clean_cache' from command line to 'False'
[1.121s] Level 5:colcon.colcon_core.verb:set package 'turtlebot4_gz_toolbox' build argument 'cmake_clean_first' from command line to 'False'
[1.121s] Level 5:colcon.colcon_core.verb:set package 'turtlebot4_gz_toolbox' build argument 'cmake_force_configure' from command line to 'False'
[1.121s] Level 5:colcon.colcon_core.verb:set package 'turtlebot4_gz_toolbox' build argument 'ament_cmake_args' from command line to 'None'
[1.121s] Level 5:colcon.colcon_core.verb:set package 'turtlebot4_gz_toolbox' build argument 'catkin_cmake_args' from command line to 'None'
[1.121s] Level 5:colcon.colcon_core.verb:set package 'turtlebot4_gz_toolbox' build argument 'catkin_skip_building_tests' from command line to 'False'
[1.121s] DEBUG:colcon.colcon_core.verb:Building package 'turtlebot4_gz_toolbox' with the following arguments: {'ament_cmake_args': None, 'build_base': '/home/aashraey-vaid/turtlebot4_ws/build/turtlebot4_gz_toolbox', 'catkin_cmake_args': None, 'catkin_skip_building_tests': False, 'cmake_args': None, 'cmake_clean_cache': False, 'cmake_clean_first': False, 'cmake_force_configure': False, 'cmake_target': None, 'cmake_target_skip_unavailable': False, 'install_base': '/home/aashraey-vaid/turtlebot4_ws/install/turtlebot4_gz_toolbox', 'merge_install': False, 'path': '/home/aashraey-vaid/turtlebot4_ws/src/turtlebot4_simulator/turtlebot4_gz_toolbox', 'symlink_install': False, 'test_result_base': None}
[1.123s] Level 5:colcon.colcon_core.verb:set package 'turtlebot4_gz_bringup' build argument 'cmake_args' from command line to 'None'
[1.123s] Level 5:colcon.colcon_core.verb:set package 'turtlebot4_gz_bringup' build argument 'cmake_target' from command line to 'None'
[1.123s] Level 5:colcon.colcon_core.verb:set package 'turtlebot4_gz_bringup' build argument 'cmake_target_skip_unavailable' from command line to 'False'
[1.123s] Level 5:colcon.colcon_core.verb:set package 'turtlebot4_gz_bringup' build argument 'cmake_clean_cache' from command line to 'False'
[1.123s] Level 5:colcon.colcon_core.verb:set package 'turtlebot4_gz_bringup' build argument 'cmake_clean_first' from command line to 'False'
[1.123s] Level 5:colcon.colcon_core.verb:set package 'turtlebot4_gz_bringup' build argument 'cmake_force_configure' from command line to 'False'
[1.124s] Level 5:colcon.colcon_core.verb:set package 'turtlebot4_gz_bringup' build argument 'ament_cmake_args' from command line to 'None'
[1.124s] Level 5:colcon.colcon_core.verb:set package 'turtlebot4_gz_bringup' build argument 'catkin_cmake_args' from command line to 'None'
[1.124s] Level 5:colcon.colcon_core.verb:set package 'turtlebot4_gz_bringup' build argument 'catkin_skip_building_tests' from command line to 'False'
[1.124s] DEBUG:colcon.colcon_core.verb:Building package 'turtlebot4_gz_bringup' with the following arguments: {'ament_cmake_args': None, 'build_base': '/home/aashraey-vaid/turtlebot4_ws/build/turtlebot4_gz_bringup', 'catkin_cmake_args': None, 'catkin_skip_building_tests': False, 'cmake_args': None, 'cmake_clean_cache': False, 'cmake_clean_first': False, 'cmake_force_configure': False, 'cmake_target': None, 'cmake_target_skip_unavailable': False, 'install_base': '/home/aashraey-vaid/turtlebot4_ws/install/turtlebot4_gz_bringup', 'merge_install': False, 'path': '/home/aashraey-vaid/turtlebot4_ws/src/turtlebot4_simulator/turtlebot4_gz_bringup', 'symlink_install': False, 'test_result_base': None}
[1.125s] Level 5:colcon.colcon_core.verb:set package 'turtlebot4_simulator' build argument 'cmake_args' from command line to 'None'
[1.125s] Level 5:colcon.colcon_core.verb:set package 'turtlebot4_simulator' build argument 'cmake_target' from command line to 'None'
[1.125s] Level 5:colcon.colcon_core.verb:set package 'turtlebot4_simulator' build argument 'cmake_target_skip_unavailable' from command line to 'False'
[1.125s] Level 5:colcon.colcon_core.verb:set package 'turtlebot4_simulator' build argument 'cmake_clean_cache' from command line to 'False'
[1.125s] Level 5:colcon.colcon_core.verb:set package 'turtlebot4_simulator' build argument 'cmake_clean_first' from command line to 'False'
[1.125s] Level 5:colcon.colcon_core.verb:set package 'turtlebot4_simulator' build argument 'cmake_force_configure' from command line to 'False'
[1.125s] Level 5:colcon.colcon_core.verb:set package 'turtlebot4_simulator' build argument 'ament_cmake_args' from command line to 'None'
[1.126s] Level 5:colcon.colcon_core.verb:set package 'turtlebot4_simulator' build argument 'catkin_cmake_args' from command line to 'None'
[1.126s] Level 5:colcon.colcon_core.verb:set package 'turtlebot4_simulator' build argument 'catkin_skip_building_tests' from command line to 'False'
[1.126s] DEBUG:colcon.colcon_core.verb:Building package 'turtlebot4_simulator' with the following arguments: {'ament_cmake_args': None, 'build_base': '/home/aashraey-vaid/turtlebot4_ws/build/turtlebot4_simulator', 'catkin_cmake_args': None, 'catkin_skip_building_tests': False, 'cmake_args': None, 'cmake_clean_cache': False, 'cmake_clean_first': False, 'cmake_force_configure': False, 'cmake_target': None, 'cmake_target_skip_unavailable': False, 'install_base': '/home/aashraey-vaid/turtlebot4_ws/install/turtlebot4_simulator', 'merge_install': False, 'path': '/home/aashraey-vaid/turtlebot4_ws/src/turtlebot4_simulator/turtlebot4_simulator', 'symlink_install': False, 'test_result_base': None}
[1.126s] INFO:colcon.colcon_core.executor:Executing jobs using 'parallel' executor
[1.129s] DEBUG:colcon.colcon_parallel_executor.executor.parallel:run_until_complete
[1.130s] INFO:colcon.colcon_ros.task.ament_cmake.build:Building ROS package in '/home/aashraey-vaid/turtlebot4_ws/src/turtlebot4_simulator/turtlebot4_gz_gui_plugins' with build type 'ament_cmake'
[1.130s] INFO:colcon.colcon_cmake.task.cmake.build:Building CMake package in '/home/aashraey-vaid/turtlebot4_ws/src/turtlebot4_simulator/turtlebot4_gz_gui_plugins'
[1.138s] INFO:colcon.colcon_core.plugin_system:Skipping extension 'colcon_core.shell.bat': Not used on non-Windows systems
[1.139s] INFO:colcon.colcon_core.shell:Skip shell extension 'powershell' for command environment: Not usable outside of PowerShell
[1.139s] DEBUG:colcon.colcon_core.shell:Skip shell extension 'dsv' for command environment
[1.155s] INFO:colcon.colcon_ros.task.ament_cmake.build:Building ROS package in '/home/aashraey-vaid/turtlebot4_ws/src/turtlebot4_simulator/turtlebot4_gz_toolbox' with build type 'ament_cmake'
[1.156s] INFO:colcon.colcon_cmake.task.cmake.build:Building CMake package in '/home/aashraey-vaid/turtlebot4_ws/src/turtlebot4_simulator/turtlebot4_gz_toolbox'
[1.157s] INFO:colcon.colcon_core.shell:Skip shell extension 'powershell' for command environment: Not usable outside of PowerShell
[1.157s] DEBUG:colcon.colcon_core.shell:Skip shell extension 'dsv' for command environment
[1.172s] INFO:colcon.colcon_ros.task.ament_python.build:Building ROS package in '/home/aashraey-vaid/turtlebot4_ws/src/turtlebot4_controller' with build type 'ament_python'
[1.173s] Level 1:colcon.colcon_core.shell:create_environment_hook('turtlebot4_controller', 'ament_prefix_path')
[1.173s] INFO:colcon.colcon_core.shell:Creating environment hook '/home/aashraey-vaid/turtlebot4_ws/install/turtlebot4_controller/share/turtlebot4_controller/hook/ament_prefix_path.ps1'
[1.175s] INFO:colcon.colcon_core.shell:Creating environment descriptor '/home/aashraey-vaid/turtlebot4_ws/install/turtlebot4_controller/share/turtlebot4_controller/hook/ament_prefix_path.dsv'
[1.177s] INFO:colcon.colcon_core.shell:Creating environment hook '/home/aashraey-vaid/turtlebot4_ws/install/turtlebot4_controller/share/turtlebot4_controller/hook/ament_prefix_path.sh'
[1.179s] INFO:colcon.colcon_core.shell:Skip shell extension 'powershell' for command environment: Not usable outside of PowerShell
[1.179s] DEBUG:colcon.colcon_core.shell:Skip shell extension 'dsv' for command environment
[1.206s] DEBUG:colcon.colcon_core.event_handler.log_command:Invoking command in '/home/aashraey-vaid/turtlebot4_ws/build/turtlebot4_gz_gui_plugins': CMAKE_PREFIX_PATH=${CMAKE_PREFIX_PATH}:/home/aashraey-vaid/turtlebot4_ws/install/turtlebot4_controller:/opt/ros/jazzy DEBUGINFOD_URLS=https://debuginfod.ubuntu.com /usr/bin/cmake --build /home/aashraey-vaid/turtlebot4_ws/build/turtlebot4_gz_gui_plugins -- -j8 -l8
[1.214s] DEBUG:colcon.colcon_core.event_handler.log_command:Invoking command in '/home/aashraey-vaid/turtlebot4_ws/build/turtlebot4_gz_toolbox': CMAKE_PREFIX_PATH=${CMAKE_PREFIX_PATH}:/home/aashraey-vaid/turtlebot4_ws/install/turtlebot4_controller:/opt/ros/jazzy DEBUGINFOD_URLS=https://debuginfod.ubuntu.com /usr/bin/cmake --build /home/aashraey-vaid/turtlebot4_ws/build/turtlebot4_gz_toolbox -- -j8 -l8
[2.319s] INFO:colcon.colcon_core.task.python.build:Building Python package in '/home/aashraey-vaid/turtlebot4_ws/src/turtlebot4_controller'
[2.320s] INFO:colcon.colcon_core.shell:Skip shell extension 'powershell' for command environment: Not usable outside of PowerShell
[2.320s] DEBUG:colcon.colcon_core.shell:Skip shell extension 'dsv' for command environment
[2.352s] DEBUG:colcon.colcon_core.event_handler.log_command:Invoked command in '/home/aashraey-vaid/turtlebot4_ws/build/turtlebot4_gz_toolbox' returned '0': CMAKE_PREFIX_PATH=${CMAKE_PREFIX_PATH}:/home/aashraey-vaid/turtlebot4_ws/install/turtlebot4_controller:/opt/ros/jazzy DEBUGINFOD_URLS=https://debuginfod.ubuntu.com /usr/bin/cmake --build /home/aashraey-vaid/turtlebot4_ws/build/turtlebot4_gz_toolbox -- -j8 -l8
[2.391s] DEBUG:colcon.colcon_core.event_handler.log_command:Invoking command in '/home/aashraey-vaid/turtlebot4_ws/build/turtlebot4_gz_toolbox': CMAKE_PREFIX_PATH=${CMAKE_PREFIX_PATH}:/home/aashraey-vaid/turtlebot4_ws/install/turtlebot4_controller:/opt/ros/jazzy DEBUGINFOD_URLS=https://debuginfod.ubuntu.com /usr/bin/cmake --install /home/aashraey-vaid/turtlebot4_ws/build/turtlebot4_gz_toolbox
[2.395s] DEBUG:colcon.colcon_core.event_handler.log_command:Invoked command in '/home/aashraey-vaid/turtlebot4_ws/build/turtlebot4_gz_gui_plugins' returned '0': CMAKE_PREFIX_PATH=${CMAKE_PREFIX_PATH}:/home/aashraey-vaid/turtlebot4_ws/install/turtlebot4_controller:/opt/ros/jazzy DEBUGINFOD_URLS=https://debuginfod.ubuntu.com /usr/bin/cmake --build /home/aashraey-vaid/turtlebot4_ws/build/turtlebot4_gz_gui_plugins -- -j8 -l8
[2.398s] DEBUG:colcon.colcon_core.event_handler.log_command:Invoking command in '/home/aashraey-vaid/turtlebot4_ws/build/turtlebot4_gz_gui_plugins': CMAKE_PREFIX_PATH=${CMAKE_PREFIX_PATH}:/home/aashraey-vaid/turtlebot4_ws/install/turtlebot4_controller:/opt/ros/jazzy DEBUGINFOD_URLS=https://debuginfod.ubuntu.com /usr/bin/cmake --install /home/aashraey-vaid/turtlebot4_ws/build/turtlebot4_gz_gui_plugins
[2.443s] Level 1:colcon.colcon_core.environment:create_environment_scripts_only(turtlebot4_gz_toolbox)
[2.445s] DEBUG:colcon.colcon_core.event_handler.log_command:Invoked command in '/home/aashraey-vaid/turtlebot4_ws/build/turtlebot4_gz_toolbox' returned '0': CMAKE_PREFIX_PATH=${CMAKE_PREFIX_PATH}:/home/aashraey-vaid/turtlebot4_ws/install/turtlebot4_controller:/opt/ros/jazzy DEBUGINFOD_URLS=https://debuginfod.ubuntu.com /usr/bin/cmake --install /home/aashraey-vaid/turtlebot4_ws/build/turtlebot4_gz_toolbox
[2.452s] Level 1:colcon.colcon_core.environment:checking '/home/aashraey-vaid/turtlebot4_ws/install/turtlebot4_gz_toolbox' for CMake module files
[2.455s] Level 1:colcon.colcon_core.environment:checking '/home/aashraey-vaid/turtlebot4_ws/install/turtlebot4_gz_toolbox' for CMake config files
[2.456s] Level 1:colcon.colcon_core.shell:create_environment_hook('turtlebot4_gz_toolbox', 'cmake_prefix_path')
[2.456s] INFO:colcon.colcon_core.shell:Creating environment hook '/home/aashraey-vaid/turtlebot4_ws/install/turtlebot4_gz_toolbox/share/turtlebot4_gz_toolbox/hook/cmake_prefix_path.ps1'
[2.458s] INFO:colcon.colcon_core.shell:Creating environment descriptor '/home/aashraey-vaid/turtlebot4_ws/install/turtlebot4_gz_toolbox/share/turtlebot4_gz_toolbox/hook/cmake_prefix_path.dsv'
[2.460s] INFO:colcon.colcon_core.shell:Creating environment hook '/home/aashraey-vaid/turtlebot4_ws/install/turtlebot4_gz_toolbox/share/turtlebot4_gz_toolbox/hook/cmake_prefix_path.sh'
[2.462s] Level 1:colcon.colcon_core.environment:checking '/home/aashraey-vaid/turtlebot4_ws/install/turtlebot4_gz_toolbox/lib'
[2.466s] Level 1:colcon.colcon_core.environment:checking '/home/aashraey-vaid/turtlebot4_ws/install/turtlebot4_gz_toolbox/bin'
[2.467s] Level 1:colcon.colcon_core.environment:checking '/home/aashraey-vaid/turtlebot4_ws/install/turtlebot4_gz_toolbox/lib/pkgconfig/turtlebot4_gz_toolbox.pc'
[2.468s] Level 1:colcon.colcon_core.environment:checking '/home/aashraey-vaid/turtlebot4_ws/install/turtlebot4_gz_toolbox/lib/python3.12/site-packages'
[2.469s] Level 1:colcon.colcon_core.environment:checking '/home/aashraey-vaid/turtlebot4_ws/install/turtlebot4_gz_toolbox/bin'
[2.470s] INFO:colcon.colcon_core.shell:Creating package script '/home/aashraey-vaid/turtlebot4_ws/install/turtlebot4_gz_toolbox/share/turtlebot4_gz_toolbox/package.ps1'
[2.474s] INFO:colcon.colcon_core.shell:Creating package descriptor '/home/aashraey-vaid/turtlebot4_ws/install/turtlebot4_gz_toolbox/share/turtlebot4_gz_toolbox/package.dsv'
[2.476s] INFO:colcon.colcon_core.shell:Creating package script '/home/aashraey-vaid/turtlebot4_ws/install/turtlebot4_gz_toolbox/share/turtlebot4_gz_toolbox/package.sh'
[2.478s] INFO:colcon.colcon_core.shell:Creating package script '/home/aashraey-vaid/turtlebot4_ws/install/turtlebot4_gz_toolbox/share/turtlebot4_gz_toolbox/package.bash'
[2.480s] INFO:colcon.colcon_core.shell:Creating package script '/home/aashraey-vaid/turtlebot4_ws/install/turtlebot4_gz_toolbox/share/turtlebot4_gz_toolbox/package.zsh'
[2.482s] Level 1:colcon.colcon_core.environment:create_file_with_runtime_dependencies(/home/aashraey-vaid/turtlebot4_ws/install/turtlebot4_gz_toolbox/share/colcon-core/packages/turtlebot4_gz_toolbox)
[2.484s] Level 1:colcon.colcon_core.environment:create_environment_scripts_only(turtlebot4_gz_toolbox)
[2.485s] Level 1:colcon.colcon_core.environment:checking '/home/aashraey-vaid/turtlebot4_ws/install/turtlebot4_gz_toolbox' for CMake module files
[2.487s] Level 1:colcon.colcon_core.environment:checking '/home/aashraey-vaid/turtlebot4_ws/install/turtlebot4_gz_toolbox' for CMake config files
[2.488s] Level 1:colcon.colcon_core.shell:create_environment_hook('turtlebot4_gz_toolbox', 'cmake_prefix_path')
[2.488s] INFO:colcon.colcon_core.shell:Creating environment hook '/home/aashraey-vaid/turtlebot4_ws/install/turtlebot4_gz_toolbox/share/turtlebot4_gz_toolbox/hook/cmake_prefix_path.ps1'
[2.490s] INFO:colcon.colcon_core.shell:Creating environment descriptor '/home/aashraey-vaid/turtlebot4_ws/install/turtlebot4_gz_toolbox/share/turtlebot4_gz_toolbox/hook/cmake_prefix_path.dsv'
[2.491s] INFO:colcon.colcon_core.shell:Creating environment hook '/home/aashraey-vaid/turtlebot4_ws/install/turtlebot4_gz_toolbox/share/turtlebot4_gz_toolbox/hook/cmake_prefix_path.sh'
[2.493s] Level 1:colcon.colcon_core.environment:checking '/home/aashraey-vaid/turtlebot4_ws/install/turtlebot4_gz_toolbox/lib'
[2.494s] Level 1:colcon.colcon_core.environment:checking '/home/aashraey-vaid/turtlebot4_ws/install/turtlebot4_gz_toolbox/bin'
[2.494s] Level 1:colcon.colcon_core.environment:checking '/home/aashraey-vaid/turtlebot4_ws/install/turtlebot4_gz_toolbox/lib/pkgconfig/turtlebot4_gz_toolbox.pc'
[2.494s] Level 1:colcon.colcon_core.environment:checking '/home/aashraey-vaid/turtlebot4_ws/install/turtlebot4_gz_toolbox/lib/python3.12/site-packages'
[2.495s] Level 1:colcon.colcon_core.environment:checking '/home/aashraey-vaid/turtlebot4_ws/install/turtlebot4_gz_toolbox/bin'
[2.496s] INFO:colcon.colcon_core.shell:Creating package script '/home/aashraey-vaid/turtlebot4_ws/install/turtlebot4_gz_toolbox/share/turtlebot4_gz_toolbox/package.ps1'
[2.497s] INFO:colcon.colcon_core.shell:Creating package descriptor '/home/aashraey-vaid/turtlebot4_ws/install/turtlebot4_gz_toolbox/share/turtlebot4_gz_toolbox/package.dsv'
[2.499s] INFO:colcon.colcon_core.shell:Creating package script '/home/aashraey-vaid/turtlebot4_ws/install/turtlebot4_gz_toolbox/share/turtlebot4_gz_toolbox/package.sh'
[2.500s] INFO:colcon.colcon_core.shell:Creating package script '/home/aashraey-vaid/turtlebot4_ws/install/turtlebot4_gz_toolbox/share/turtlebot4_gz_toolbox/package.bash'
[2.501s] INFO:colcon.colcon_core.shell:Creating package script '/home/aashraey-vaid/turtlebot4_ws/install/turtlebot4_gz_toolbox/share/turtlebot4_gz_toolbox/package.zsh'
[2.503s] Level 1:colcon.colcon_core.environment:create_file_with_runtime_dependencies(/home/aashraey-vaid/turtlebot4_ws/install/turtlebot4_gz_toolbox/share/colcon-core/packages/turtlebot4_gz_toolbox)
[2.503s] Level 1:colcon.colcon_core.environment:create_environment_scripts_only(turtlebot4_gz_gui_plugins)
[2.505s] Level 1:colcon.colcon_core.environment:checking '/home/aashraey-vaid/turtlebot4_ws/install/turtlebot4_gz_gui_plugins' for CMake module files
[2.509s] Level 1:colcon.colcon_core.environment:checking '/home/aashraey-vaid/turtlebot4_ws/install/turtlebot4_gz_gui_plugins' for CMake config files
[2.510s] DEBUG:colcon.colcon_core.event_handler.log_command:Invoked command in '/home/aashraey-vaid/turtlebot4_ws/build/turtlebot4_gz_gui_plugins' returned '0': CMAKE_PREFIX_PATH=${CMAKE_PREFIX_PATH}:/home/aashraey-vaid/turtlebot4_ws/install/turtlebot4_controller:/opt/ros/jazzy DEBUGINFOD_URLS=https://debuginfod.ubuntu.com /usr/bin/cmake --install /home/aashraey-vaid/turtlebot4_ws/build/turtlebot4_gz_gui_plugins
[2.511s] Level 1:colcon.colcon_core.shell:create_environment_hook('turtlebot4_gz_gui_plugins', 'cmake_prefix_path')
[2.512s] INFO:colcon.colcon_core.shell:Creating environment hook '/home/aashraey-vaid/turtlebot4_ws/install/turtlebot4_gz_gui_plugins/share/turtlebot4_gz_gui_plugins/hook/cmake_prefix_path.ps1'
[2.514s] INFO:colcon.colcon_core.shell:Creating environment descriptor '/home/aashraey-vaid/turtlebot4_ws/install/turtlebot4_gz_gui_plugins/share/turtlebot4_gz_gui_plugins/hook/cmake_prefix_path.dsv'
[2.515s] INFO:colcon.colcon_core.shell:Creating environment hook '/home/aashraey-vaid/turtlebot4_ws/install/turtlebot4_gz_gui_plugins/share/turtlebot4_gz_gui_plugins/hook/cmake_prefix_path.sh'
[2.517s] Level 1:colcon.colcon_core.environment:checking '/home/aashraey-vaid/turtlebot4_ws/install/turtlebot4_gz_gui_plugins/bin'
[2.517s] Level 1:colcon.colcon_core.environment:checking '/home/aashraey-vaid/turtlebot4_ws/install/turtlebot4_gz_gui_plugins/lib/pkgconfig/turtlebot4_gz_gui_plugins.pc'
[2.518s] Level 1:colcon.colcon_core.environment:checking '/home/aashraey-vaid/turtlebot4_ws/install/turtlebot4_gz_gui_plugins/lib/python3.12/site-packages'
[2.518s] Level 1:colcon.colcon_core.environment:checking '/home/aashraey-vaid/turtlebot4_ws/install/turtlebot4_gz_gui_plugins/bin'
[2.520s] INFO:colcon.colcon_core.shell:Creating package script '/home/aashraey-vaid/turtlebot4_ws/install/turtlebot4_gz_gui_plugins/share/turtlebot4_gz_gui_plugins/package.ps1'
[2.521s] INFO:colcon.colcon_core.shell:Creating package descriptor '/home/aashraey-vaid/turtlebot4_ws/install/turtlebot4_gz_gui_plugins/share/turtlebot4_gz_gui_plugins/package.dsv'
[2.523s] INFO:colcon.colcon_core.shell:Creating package script '/home/aashraey-vaid/turtlebot4_ws/install/turtlebot4_gz_gui_plugins/share/turtlebot4_gz_gui_plugins/package.sh'
[2.524s] INFO:colcon.colcon_core.shell:Creating package script '/home/aashraey-vaid/turtlebot4_ws/install/turtlebot4_gz_gui_plugins/share/turtlebot4_gz_gui_plugins/package.bash'
[2.526s] INFO:colcon.colcon_core.shell:Creating package script '/home/aashraey-vaid/turtlebot4_ws/install/turtlebot4_gz_gui_plugins/share/turtlebot4_gz_gui_plugins/package.zsh'
[2.527s] Level 1:colcon.colcon_core.environment:create_file_with_runtime_dependencies(/home/aashraey-vaid/turtlebot4_ws/install/turtlebot4_gz_gui_plugins/share/colcon-core/packages/turtlebot4_gz_gui_plugins)
[2.529s] Level 1:colcon.colcon_core.environment:create_environment_scripts_only(turtlebot4_gz_gui_plugins)
[2.529s] Level 1:colcon.colcon_core.environment:checking '/home/aashraey-vaid/turtlebot4_ws/install/turtlebot4_gz_gui_plugins' for CMake module files
[2.572s] Level 1:colcon.colcon_core.environment:checking '/home/aashraey-vaid/turtlebot4_ws/install/turtlebot4_gz_gui_plugins' for CMake config files
[2.573s] Level 1:colcon.colcon_core.shell:create_environment_hook('turtlebot4_gz_gui_plugins', 'cmake_prefix_path')
[2.574s] INFO:colcon.colcon_core.shell:Creating environment hook '/home/aashraey-vaid/turtlebot4_ws/install/turtlebot4_gz_gui_plugins/share/turtlebot4_gz_gui_plugins/hook/cmake_prefix_path.ps1'
[2.576s] INFO:colcon.colcon_core.shell:Creating environment descriptor '/home/aashraey-vaid/turtlebot4_ws/install/turtlebot4_gz_gui_plugins/share/turtlebot4_gz_gui_plugins/hook/cmake_prefix_path.dsv'
[2.577s] INFO:colcon.colcon_core.shell:Creating environment hook '/home/aashraey-vaid/turtlebot4_ws/install/turtlebot4_gz_gui_plugins/share/turtlebot4_gz_gui_plugins/hook/cmake_prefix_path.sh'
[2.580s] Level 1:colcon.colcon_core.environment:checking '/home/aashraey-vaid/turtlebot4_ws/install/turtlebot4_gz_gui_plugins/bin'
[2.580s] Level 1:colcon.colcon_core.environment:checking '/home/aashraey-vaid/turtlebot4_ws/install/turtlebot4_gz_gui_plugins/lib/pkgconfig/turtlebot4_gz_gui_plugins.pc'
[2.581s] Level 1:colcon.colcon_core.environment:checking '/home/aashraey-vaid/turtlebot4_ws/install/turtlebot4_gz_gui_plugins/lib/python3.12/site-packages'
[2.582s] Level 1:colcon.colcon_core.environment:checking '/home/aashraey-vaid/turtlebot4_ws/install/turtlebot4_gz_gui_plugins/bin'
[2.583s] INFO:colcon.colcon_core.shell:Creating package script '/home/aashraey-vaid/turtlebot4_ws/install/turtlebot4_gz_gui_plugins/share/turtlebot4_gz_gui_plugins/package.ps1'
[2.585s] INFO:colcon.colcon_core.shell:Creating package descriptor '/home/aashraey-vaid/turtlebot4_ws/install/turtlebot4_gz_gui_plugins/share/turtlebot4_gz_gui_plugins/package.dsv'
[2.588s] INFO:colcon.colcon_core.shell:Creating package script '/home/aashraey-vaid/turtlebot4_ws/install/turtlebot4_gz_gui_plugins/share/turtlebot4_gz_gui_plugins/package.sh'
[2.589s] INFO:colcon.colcon_core.shell:Creating package script '/home/aashraey-vaid/turtlebot4_ws/install/turtlebot4_gz_gui_plugins/share/turtlebot4_gz_gui_plugins/package.bash'
[2.591s] INFO:colcon.colcon_core.shell:Creating package script '/home/aashraey-vaid/turtlebot4_ws/install/turtlebot4_gz_gui_plugins/share/turtlebot4_gz_gui_plugins/package.zsh'
[2.592s] Level 1:colcon.colcon_core.environment:create_file_with_runtime_dependencies(/home/aashraey-vaid/turtlebot4_ws/install/turtlebot4_gz_gui_plugins/share/colcon-core/packages/turtlebot4_gz_gui_plugins)
[2.593s] INFO:colcon.colcon_ros.task.ament_cmake.build:Building ROS package in '/home/aashraey-vaid/turtlebot4_ws/src/turtlebot4_simulator/turtlebot4_gz_bringup' with build type 'ament_cmake'
[2.595s] INFO:colcon.colcon_cmake.task.cmake.build:Building CMake package in '/home/aashraey-vaid/turtlebot4_ws/src/turtlebot4_simulator/turtlebot4_gz_bringup'
[2.596s] INFO:colcon.colcon_core.shell:Skip shell extension 'powershell' for command environment: Not usable outside of PowerShell
[2.596s] DEBUG:colcon.colcon_core.shell:Skip shell extension 'dsv' for command environment
[2.636s] DEBUG:colcon.colcon_core.event_handler.log_command:Invoking command in '/home/aashraey-vaid/turtlebot4_ws/build/turtlebot4_gz_bringup': CMAKE_PREFIX_PATH=/home/aashraey-vaid/turtlebot4_ws/install/turtlebot4_gz_toolbox:/home/aashraey-vaid/turtlebot4_ws/install/turtlebot4_gz_gui_plugins:/home/aashraey-vaid/turtlebot4_ws/install/turtlebot4_simulator:/home/aashraey-vaid/turtlebot4_ws/install/turtlebot4_gz_bringup:/opt/ros/jazzy/opt/gz_sim_vendor:/opt/ros/jazzy/opt/gz_sensors_vendor:/opt/ros/jazzy/opt/gz_physics_vendor:/opt/ros/jazzy/opt/sdformat_vendor:/opt/ros/jazzy/opt/gz_gui_vendor:/opt/ros/jazzy/opt/gz_transport_vendor:/opt/ros/jazzy/opt/gz_rendering_vendor:/opt/ros/jazzy/opt/gz_plugin_vendor:/opt/ros/jazzy/opt/gz_fuel_tools_vendor:/opt/ros/jazzy/opt/gz_msgs_vendor:/opt/ros/jazzy/opt/gz_common_vendor:/opt/ros/jazzy/opt/gz_math_vendor:/opt/ros/jazzy/opt/gz_utils_vendor:/opt/ros/jazzy/opt/gz_tools_vendor:/opt/ros/jazzy/opt/gz_ogre_next_vendor:/opt/ros/jazzy/opt/gz_dartsim_vendor:/opt/ros/jazzy/opt/gz_cmake_vendor:/home/aashraey-vaid/turtlebot4_ws/install/turtlebot4_controller:/opt/ros/jazzy DEBUGINFOD_URLS=https://debuginfod.ubuntu.com /usr/bin/cmake --build /home/aashraey-vaid/turtlebot4_ws/build/turtlebot4_gz_bringup -- -j8 -l8
[2.836s] DEBUG:colcon.colcon_core.event_handler.log_command:Invoked command in '/home/aashraey-vaid/turtlebot4_ws/build/turtlebot4_gz_bringup' returned '0': CMAKE_PREFIX_PATH=/home/aashraey-vaid/turtlebot4_ws/install/turtlebot4_gz_toolbox:/home/aashraey-vaid/turtlebot4_ws/install/turtlebot4_gz_gui_plugins:/home/aashraey-vaid/turtlebot4_ws/install/turtlebot4_simulator:/home/aashraey-vaid/turtlebot4_ws/install/turtlebot4_gz_bringup:/opt/ros/jazzy/opt/gz_sim_vendor:/opt/ros/jazzy/opt/gz_sensors_vendor:/opt/ros/jazzy/opt/gz_physics_vendor:/opt/ros/jazzy/opt/sdformat_vendor:/opt/ros/jazzy/opt/gz_gui_vendor:/opt/ros/jazzy/opt/gz_transport_vendor:/opt/ros/jazzy/opt/gz_rendering_vendor:/opt/ros/jazzy/opt/gz_plugin_vendor:/opt/ros/jazzy/opt/gz_fuel_tools_vendor:/opt/ros/jazzy/opt/gz_msgs_vendor:/opt/ros/jazzy/opt/gz_common_vendor:/opt/ros/jazzy/opt/gz_math_vendor:/opt/ros/jazzy/opt/gz_utils_vendor:/opt/ros/jazzy/opt/gz_tools_vendor:/opt/ros/jazzy/opt/gz_ogre_next_vendor:/opt/ros/jazzy/opt/gz_dartsim_vendor:/opt/ros/jazzy/opt/gz_cmake_vendor:/home/aashraey-vaid/turtlebot4_ws/install/turtlebot4_controller:/opt/ros/jazzy DEBUGINFOD_URLS=https://debuginfod.ubuntu.com /usr/bin/cmake --build /home/aashraey-vaid/turtlebot4_ws/build/turtlebot4_gz_bringup -- -j8 -l8
[2.839s] DEBUG:colcon.colcon_core.event_handler.log_command:Invoking command in '/home/aashraey-vaid/turtlebot4_ws/build/turtlebot4_gz_bringup': CMAKE_PREFIX_PATH=/home/aashraey-vaid/turtlebot4_ws/install/turtlebot4_gz_toolbox:/home/aashraey-vaid/turtlebot4_ws/install/turtlebot4_gz_gui_plugins:/home/aashraey-vaid/turtlebot4_ws/install/turtlebot4_simulator:/home/aashraey-vaid/turtlebot4_ws/install/turtlebot4_gz_bringup:/opt/ros/jazzy/opt/gz_sim_vendor:/opt/ros/jazzy/opt/gz_sensors_vendor:/opt/ros/jazzy/opt/gz_physics_vendor:/opt/ros/jazzy/opt/sdformat_vendor:/opt/ros/jazzy/opt/gz_gui_vendor:/opt/ros/jazzy/opt/gz_transport_vendor:/opt/ros/jazzy/opt/gz_rendering_vendor:/opt/ros/jazzy/opt/gz_plugin_vendor:/opt/ros/jazzy/opt/gz_fuel_tools_vendor:/opt/ros/jazzy/opt/gz_msgs_vendor:/opt/ros/jazzy/opt/gz_common_vendor:/opt/ros/jazzy/opt/gz_math_vendor:/opt/ros/jazzy/opt/gz_utils_vendor:/opt/ros/jazzy/opt/gz_tools_vendor:/opt/ros/jazzy/opt/gz_ogre_next_vendor:/opt/ros/jazzy/opt/gz_dartsim_vendor:/opt/ros/jazzy/opt/gz_cmake_vendor:/home/aashraey-vaid/turtlebot4_ws/install/turtlebot4_controller:/opt/ros/jazzy DEBUGINFOD_URLS=https://debuginfod.ubuntu.com /usr/bin/cmake --install /home/aashraey-vaid/turtlebot4_ws/build/turtlebot4_gz_bringup
[2.893s] Level 1:colcon.colcon_core.environment:create_environment_scripts_only(turtlebot4_gz_bringup)
[2.894s] Level 1:colcon.colcon_core.environment:checking '/home/aashraey-vaid/turtlebot4_ws/install/turtlebot4_gz_bringup' for CMake module files
[2.899s] Level 1:colcon.colcon_core.environment:checking '/home/aashraey-vaid/turtlebot4_ws/install/turtlebot4_gz_bringup' for CMake config files
[2.900s] DEBUG:colcon.colcon_core.event_handler.log_command:Invoked command in '/home/aashraey-vaid/turtlebot4_ws/build/turtlebot4_gz_bringup' returned '0': CMAKE_PREFIX_PATH=/home/aashraey-vaid/turtlebot4_ws/install/turtlebot4_gz_toolbox:/home/aashraey-vaid/turtlebot4_ws/install/turtlebot4_gz_gui_plugins:/home/aashraey-vaid/turtlebot4_ws/install/turtlebot4_simulator:/home/aashraey-vaid/turtlebot4_ws/install/turtlebot4_gz_bringup:/opt/ros/jazzy/opt/gz_sim_vendor:/opt/ros/jazzy/opt/gz_sensors_vendor:/opt/ros/jazzy/opt/gz_physics_vendor:/opt/ros/jazzy/opt/sdformat_vendor:/opt/ros/jazzy/opt/gz_gui_vendor:/opt/ros/jazzy/opt/gz_transport_vendor:/opt/ros/jazzy/opt/gz_rendering_vendor:/opt/ros/jazzy/opt/gz_plugin_vendor:/opt/ros/jazzy/opt/gz_fuel_tools_vendor:/opt/ros/jazzy/opt/gz_msgs_vendor:/opt/ros/jazzy/opt/gz_common_vendor:/opt/ros/jazzy/opt/gz_math_vendor:/opt/ros/jazzy/opt/gz_utils_vendor:/opt/ros/jazzy/opt/gz_tools_vendor:/opt/ros/jazzy/opt/gz_ogre_next_vendor:/opt/ros/jazzy/opt/gz_dartsim_vendor:/opt/ros/jazzy/opt/gz_cmake_vendor:/home/aashraey-vaid/turtlebot4_ws/install/turtlebot4_controller:/opt/ros/jazzy DEBUGINFOD_URLS=https://debuginfod.ubuntu.com /usr/bin/cmake --install /home/aashraey-vaid/turtlebot4_ws/build/turtlebot4_gz_bringup
[2.901s] Level 1:colcon.colcon_core.shell:create_environment_hook('turtlebot4_gz_bringup', 'cmake_prefix_path')
[2.902s] INFO:colcon.colcon_core.shell:Creating environment hook '/home/aashraey-vaid/turtlebot4_ws/install/turtlebot4_gz_bringup/share/turtlebot4_gz_bringup/hook/cmake_prefix_path.ps1'
[2.904s] INFO:colcon.colcon_core.shell:Creating environment descriptor '/home/aashraey-vaid/turtlebot4_ws/install/turtlebot4_gz_bringup/share/turtlebot4_gz_bringup/hook/cmake_prefix_path.dsv'
[2.906s] INFO:colcon.colcon_core.shell:Creating environment hook '/home/aashraey-vaid/turtlebot4_ws/install/turtlebot4_gz_bringup/share/turtlebot4_gz_bringup/hook/cmake_prefix_path.sh'
[2.908s] Level 1:colcon.colcon_core.environment:checking '/home/aashraey-vaid/turtlebot4_ws/install/turtlebot4_gz_bringup/bin'
[2.909s] Level 1:colcon.colcon_core.environment:checking '/home/aashraey-vaid/turtlebot4_ws/install/turtlebot4_gz_bringup/lib/pkgconfig/turtlebot4_gz_bringup.pc'
[2.910s] Level 1:colcon.colcon_core.environment:checking '/home/aashraey-vaid/turtlebot4_ws/install/turtlebot4_gz_bringup/lib/python3.12/site-packages'
[2.910s] Level 1:colcon.colcon_core.environment:checking '/home/aashraey-vaid/turtlebot4_ws/install/turtlebot4_gz_bringup/bin'
[2.911s] INFO:colcon.colcon_core.shell:Creating package script '/home/aashraey-vaid/turtlebot4_ws/install/turtlebot4_gz_bringup/share/turtlebot4_gz_bringup/package.ps1'
[2.913s] INFO:colcon.colcon_core.shell:Creating package descriptor '/home/aashraey-vaid/turtlebot4_ws/install/turtlebot4_gz_bringup/share/turtlebot4_gz_bringup/package.dsv'
[2.915s] INFO:colcon.colcon_core.shell:Creating package script '/home/aashraey-vaid/turtlebot4_ws/install/turtlebot4_gz_bringup/share/turtlebot4_gz_bringup/package.sh'
[2.917s] INFO:colcon.colcon_core.shell:Creating package script '/home/aashraey-vaid/turtlebot4_ws/install/turtlebot4_gz_bringup/share/turtlebot4_gz_bringup/package.bash'
[2.918s] INFO:colcon.colcon_core.shell:Creating package script '/home/aashraey-vaid/turtlebot4_ws/install/turtlebot4_gz_bringup/share/turtlebot4_gz_bringup/package.zsh'
[2.920s] Level 1:colcon.colcon_core.environment:create_file_with_runtime_dependencies(/home/aashraey-vaid/turtlebot4_ws/install/turtlebot4_gz_bringup/share/colcon-core/packages/turtlebot4_gz_bringup)
[2.922s] Level 1:colcon.colcon_core.environment:create_environment_scripts_only(turtlebot4_gz_bringup)
[2.923s] Level 1:colcon.colcon_core.environment:checking '/home/aashraey-vaid/turtlebot4_ws/install/turtlebot4_gz_bringup' for CMake module files
[2.925s] Level 1:colcon.colcon_core.environment:checking '/home/aashraey-vaid/turtlebot4_ws/install/turtlebot4_gz_bringup' for CMake config files
[2.926s] Level 1:colcon.colcon_core.shell:create_environment_hook('turtlebot4_gz_bringup', 'cmake_prefix_path')
[2.927s] INFO:colcon.colcon_core.shell:Creating environment hook '/home/aashraey-vaid/turtlebot4_ws/install/turtlebot4_gz_bringup/share/turtlebot4_gz_bringup/hook/cmake_prefix_path.ps1'
[2.929s] INFO:colcon.colcon_core.shell:Creating environment descriptor '/home/aashraey-vaid/turtlebot4_ws/install/turtlebot4_gz_bringup/share/turtlebot4_gz_bringup/hook/cmake_prefix_path.dsv'
[2.931s] INFO:colcon.colcon_core.shell:Creating environment hook '/home/aashraey-vaid/turtlebot4_ws/install/turtlebot4_gz_bringup/share/turtlebot4_gz_bringup/hook/cmake_prefix_path.sh'
[2.934s] Level 1:colcon.colcon_core.environment:checking '/home/aashraey-vaid/turtlebot4_ws/install/turtlebot4_gz_bringup/bin'
[2.934s] Level 1:colcon.colcon_core.environment:checking '/home/aashraey-vaid/turtlebot4_ws/install/turtlebot4_gz_bringup/lib/pkgconfig/turtlebot4_gz_bringup.pc'
[2.935s] Level 1:colcon.colcon_core.environment:checking '/home/aashraey-vaid/turtlebot4_ws/install/turtlebot4_gz_bringup/lib/python3.12/site-packages'
[2.936s] Level 1:colcon.colcon_core.environment:checking '/home/aashraey-vaid/turtlebot4_ws/install/turtlebot4_gz_bringup/bin'
[2.937s] INFO:colcon.colcon_core.shell:Creating package script '/home/aashraey-vaid/turtlebot4_ws/install/turtlebot4_gz_bringup/share/turtlebot4_gz_bringup/package.ps1'
[2.939s] INFO:colcon.colcon_core.shell:Creating package descriptor '/home/aashraey-vaid/turtlebot4_ws/install/turtlebot4_gz_bringup/share/turtlebot4_gz_bringup/package.dsv'
[2.941s] INFO:colcon.colcon_core.shell:Creating package script '/home/aashraey-vaid/turtlebot4_ws/install/turtlebot4_gz_bringup/share/turtlebot4_gz_bringup/package.sh'
[2.943s] INFO:colcon.colcon_core.shell:Creating package script '/home/aashraey-vaid/turtlebot4_ws/install/turtlebot4_gz_bringup/share/turtlebot4_gz_bringup/package.bash'
[2.945s] INFO:colcon.colcon_core.shell:Creating package script '/home/aashraey-vaid/turtlebot4_ws/install/turtlebot4_gz_bringup/share/turtlebot4_gz_bringup/package.zsh'
[2.947s] Level 1:colcon.colcon_core.environment:create_file_with_runtime_dependencies(/home/aashraey-vaid/turtlebot4_ws/install/turtlebot4_gz_bringup/share/colcon-core/packages/turtlebot4_gz_bringup)
[2.949s] INFO:colcon.colcon_ros.task.ament_cmake.build:Building ROS package in '/home/aashraey-vaid/turtlebot4_ws/src/turtlebot4_simulator/turtlebot4_simulator' with build type 'ament_cmake'
[2.950s] INFO:colcon.colcon_cmake.task.cmake.build:Building CMake package in '/home/aashraey-vaid/turtlebot4_ws/src/turtlebot4_simulator/turtlebot4_simulator'
[2.950s] INFO:colcon.colcon_core.shell:Skip shell extension 'powershell' for command environment: Not usable outside of PowerShell
[2.950s] DEBUG:colcon.colcon_core.shell:Skip shell extension 'dsv' for command environment
[2.990s] DEBUG:colcon.colcon_core.event_handler.log_command:Invoking command in '/home/aashraey-vaid/turtlebot4_ws/build/turtlebot4_simulator': CMAKE_PREFIX_PATH=/home/aashraey-vaid/turtlebot4_ws/install/turtlebot4_gz_bringup:/home/aashraey-vaid/turtlebot4_ws/install/turtlebot4_gz_toolbox:/home/aashraey-vaid/turtlebot4_ws/install/turtlebot4_gz_gui_plugins:/home/aashraey-vaid/turtlebot4_ws/install/turtlebot4_simulator:/opt/ros/jazzy/opt/gz_sim_vendor:/opt/ros/jazzy/opt/gz_sensors_vendor:/opt/ros/jazzy/opt/gz_physics_vendor:/opt/ros/jazzy/opt/sdformat_vendor:/opt/ros/jazzy/opt/gz_gui_vendor:/opt/ros/jazzy/opt/gz_transport_vendor:/opt/ros/jazzy/opt/gz_rendering_vendor:/opt/ros/jazzy/opt/gz_plugin_vendor:/opt/ros/jazzy/opt/gz_fuel_tools_vendor:/opt/ros/jazzy/opt/gz_msgs_vendor:/opt/ros/jazzy/opt/gz_common_vendor:/opt/ros/jazzy/opt/gz_math_vendor:/opt/ros/jazzy/opt/gz_utils_vendor:/opt/ros/jazzy/opt/gz_tools_vendor:/opt/ros/jazzy/opt/gz_ogre_next_vendor:/opt/ros/jazzy/opt/gz_dartsim_vendor:/opt/ros/jazzy/opt/gz_cmake_vendor:/home/aashraey-vaid/turtlebot4_ws/install/turtlebot4_controller:/opt/ros/jazzy DEBUGINFOD_URLS=https://debuginfod.ubuntu.com /usr/bin/cmake --build /home/aashraey-vaid/turtlebot4_ws/build/turtlebot4_simulator -- -j8 -l8
[3.191s] DEBUG:colcon.colcon_core.event_handler.log_command:Invoked command in '/home/aashraey-vaid/turtlebot4_ws/build/turtlebot4_simulator' returned '0': CMAKE_PREFIX_PATH=/home/aashraey-vaid/turtlebot4_ws/install/turtlebot4_gz_bringup:/home/aashraey-vaid/turtlebot4_ws/install/turtlebot4_gz_toolbox:/home/aashraey-vaid/turtlebot4_ws/install/turtlebot4_gz_gui_plugins:/home/aashraey-vaid/turtlebot4_ws/install/turtlebot4_simulator:/opt/ros/jazzy/opt/gz_sim_vendor:/opt/ros/jazzy/opt/gz_sensors_vendor:/opt/ros/jazzy/opt/gz_physics_vendor:/opt/ros/jazzy/opt/sdformat_vendor:/opt/ros/jazzy/opt/gz_gui_vendor:/opt/ros/jazzy/opt/gz_transport_vendor:/opt/ros/jazzy/opt/gz_rendering_vendor:/opt/ros/jazzy/opt/gz_plugin_vendor:/opt/ros/jazzy/opt/gz_fuel_tools_vendor:/opt/ros/jazzy/opt/gz_msgs_vendor:/opt/ros/jazzy/opt/gz_common_vendor:/opt/ros/jazzy/opt/gz_math_vendor:/opt/ros/jazzy/opt/gz_utils_vendor:/opt/ros/jazzy/opt/gz_tools_vendor:/opt/ros/jazzy/opt/gz_ogre_next_vendor:/opt/ros/jazzy/opt/gz_dartsim_vendor:/opt/ros/jazzy/opt/gz_cmake_vendor:/home/aashraey-vaid/turtlebot4_ws/install/turtlebot4_controller:/opt/ros/jazzy DEBUGINFOD_URLS=https://debuginfod.ubuntu.com /usr/bin/cmake --build /home/aashraey-vaid/turtlebot4_ws/build/turtlebot4_simulator -- -j8 -l8
[3.193s] DEBUG:colcon.colcon_core.event_handler.log_command:Invoking command in '/home/aashraey-vaid/turtlebot4_ws/build/turtlebot4_simulator': CMAKE_PREFIX_PATH=/home/aashraey-vaid/turtlebot4_ws/install/turtlebot4_gz_bringup:/home/aashraey-vaid/turtlebot4_ws/install/turtlebot4_gz_toolbox:/home/aashraey-vaid/turtlebot4_ws/install/turtlebot4_gz_gui_plugins:/home/aashraey-vaid/turtlebot4_ws/install/turtlebot4_simulator:/opt/ros/jazzy/opt/gz_sim_vendor:/opt/ros/jazzy/opt/gz_sensors_vendor:/opt/ros/jazzy/opt/gz_physics_vendor:/opt/ros/jazzy/opt/sdformat_vendor:/opt/ros/jazzy/opt/gz_gui_vendor:/opt/ros/jazzy/opt/gz_transport_vendor:/opt/ros/jazzy/opt/gz_rendering_vendor:/opt/ros/jazzy/opt/gz_plugin_vendor:/opt/ros/jazzy/opt/gz_fuel_tools_vendor:/opt/ros/jazzy/opt/gz_msgs_vendor:/opt/ros/jazzy/opt/gz_common_vendor:/opt/ros/jazzy/opt/gz_math_vendor:/opt/ros/jazzy/opt/gz_utils_vendor:/opt/ros/jazzy/opt/gz_tools_vendor:/opt/ros/jazzy/opt/gz_ogre_next_vendor:/opt/ros/jazzy/opt/gz_dartsim_vendor:/opt/ros/jazzy/opt/gz_cmake_vendor:/home/aashraey-vaid/turtlebot4_ws/install/turtlebot4_controller:/opt/ros/jazzy DEBUGINFOD_URLS=https://debuginfod.ubuntu.com /usr/bin/cmake --install /home/aashraey-vaid/turtlebot4_ws/build/turtlebot4_simulator
[3.241s] Level 1:colcon.colcon_core.environment:create_environment_scripts_only(turtlebot4_simulator)
[3.243s] Level 1:colcon.colcon_core.environment:checking '/home/aashraey-vaid/turtlebot4_ws/install/turtlebot4_simulator' for CMake module files
[3.245s] DEBUG:colcon.colcon_core.event_handler.log_command:Invoked command in '/home/aashraey-vaid/turtlebot4_ws/build/turtlebot4_simulator' returned '0': CMAKE_PREFIX_PATH=/home/aashraey-vaid/turtlebot4_ws/install/turtlebot4_gz_bringup:/home/aashraey-vaid/turtlebot4_ws/install/turtlebot4_gz_toolbox:/home/aashraey-vaid/turtlebot4_ws/install/turtlebot4_gz_gui_plugins:/home/aashraey-vaid/turtlebot4_ws/install/turtlebot4_simulator:/opt/ros/jazzy/opt/gz_sim_vendor:/opt/ros/jazzy/opt/gz_sensors_vendor:/opt/ros/jazzy/opt/gz_physics_vendor:/opt/ros/jazzy/opt/sdformat_vendor:/opt/ros/jazzy/opt/gz_gui_vendor:/opt/ros/jazzy/opt/gz_transport_vendor:/opt/ros/jazzy/opt/gz_rendering_vendor:/opt/ros/jazzy/opt/gz_plugin_vendor:/opt/ros/jazzy/opt/gz_fuel_tools_vendor:/opt/ros/jazzy/opt/gz_msgs_vendor:/opt/ros/jazzy/opt/gz_common_vendor:/opt/ros/jazzy/opt/gz_math_vendor:/opt/ros/jazzy/opt/gz_utils_vendor:/opt/ros/jazzy/opt/gz_tools_vendor:/opt/ros/jazzy/opt/gz_ogre_next_vendor:/opt/ros/jazzy/opt/gz_dartsim_vendor:/opt/ros/jazzy/opt/gz_cmake_vendor:/home/aashraey-vaid/turtlebot4_ws/install/turtlebot4_controller:/opt/ros/jazzy DEBUGINFOD_URLS=https://debuginfod.ubuntu.com /usr/bin/cmake --install /home/aashraey-vaid/turtlebot4_ws/build/turtlebot4_simulator
[3.246s] Level 1:colcon.colcon_core.environment:checking '/home/aashraey-vaid/turtlebot4_ws/install/turtlebot4_simulator' for CMake config files
[3.246s] Level 1:colcon.colcon_core.shell:create_environment_hook('turtlebot4_simulator', 'cmake_prefix_path')
[3.247s] INFO:colcon.colcon_core.shell:Creating environment hook '/home/aashraey-vaid/turtlebot4_ws/install/turtlebot4_simulator/share/turtlebot4_simulator/hook/cmake_prefix_path.ps1'
[3.248s] INFO:colcon.colcon_core.shell:Creating environment descriptor '/home/aashraey-vaid/turtlebot4_ws/install/turtlebot4_simulator/share/turtlebot4_simulator/hook/cmake_prefix_path.dsv'
[3.250s] INFO:colcon.colcon_core.shell:Creating environment hook '/home/aashraey-vaid/turtlebot4_ws/install/turtlebot4_simulator/share/turtlebot4_simulator/hook/cmake_prefix_path.sh'
[3.251s] Level 1:colcon.colcon_core.environment:checking '/home/aashraey-vaid/turtlebot4_ws/install/turtlebot4_simulator/bin'
[3.252s] Level 1:colcon.colcon_core.environment:checking '/home/aashraey-vaid/turtlebot4_ws/install/turtlebot4_simulator/lib/pkgconfig/turtlebot4_simulator.pc'
[3.252s] Level 1:colcon.colcon_core.environment:checking '/home/aashraey-vaid/turtlebot4_ws/install/turtlebot4_simulator/lib/python3.12/site-packages'
[3.253s] Level 1:colcon.colcon_core.environment:checking '/home/aashraey-vaid/turtlebot4_ws/install/turtlebot4_simulator/bin'
[3.255s] INFO:colcon.colcon_core.shell:Creating package script '/home/aashraey-vaid/turtlebot4_ws/install/turtlebot4_simulator/share/turtlebot4_simulator/package.ps1'
[3.256s] INFO:colcon.colcon_core.shell:Creating package descriptor '/home/aashraey-vaid/turtlebot4_ws/install/turtlebot4_simulator/share/turtlebot4_simulator/package.dsv'
[3.258s] INFO:colcon.colcon_core.shell:Creating package script '/home/aashraey-vaid/turtlebot4_ws/install/turtlebot4_simulator/share/turtlebot4_simulator/package.sh'
[3.259s] INFO:colcon.colcon_core.shell:Creating package script '/home/aashraey-vaid/turtlebot4_ws/install/turtlebot4_simulator/share/turtlebot4_simulator/package.bash'
[3.261s] INFO:colcon.colcon_core.shell:Creating package script '/home/aashraey-vaid/turtlebot4_ws/install/turtlebot4_simulator/share/turtlebot4_simulator/package.zsh'
[3.262s] Level 1:colcon.colcon_core.environment:create_file_with_runtime_dependencies(/home/aashraey-vaid/turtlebot4_ws/install/turtlebot4_simulator/share/colcon-core/packages/turtlebot4_simulator)
[3.263s] Level 1:colcon.colcon_core.environment:create_environment_scripts_only(turtlebot4_simulator)
[3.264s] Level 1:colcon.colcon_core.environment:checking '/home/aashraey-vaid/turtlebot4_ws/install/turtlebot4_simulator' for CMake module files
[3.267s] Level 1:colcon.colcon_core.environment:checking '/home/aashraey-vaid/turtlebot4_ws/install/turtlebot4_simulator' for CMake config files
[3.267s] Level 1:colcon.colcon_core.shell:create_environment_hook('turtlebot4_simulator', 'cmake_prefix_path')
[3.268s] INFO:colcon.colcon_core.shell:Creating environment hook '/home/aashraey-vaid/turtlebot4_ws/install/turtlebot4_simulator/share/turtlebot4_simulator/hook/cmake_prefix_path.ps1'
[3.270s] INFO:colcon.colcon_core.shell:Creating environment descriptor '/home/aashraey-vaid/turtlebot4_ws/install/turtlebot4_simulator/share/turtlebot4_simulator/hook/cmake_prefix_path.dsv'
[3.271s] INFO:colcon.colcon_core.shell:Creating environment hook '/home/aashraey-vaid/turtlebot4_ws/install/turtlebot4_simulator/share/turtlebot4_simulator/hook/cmake_prefix_path.sh'
[3.273s] Level 1:colcon.colcon_core.environment:checking '/home/aashraey-vaid/turtlebot4_ws/install/turtlebot4_simulator/bin'
[3.273s] Level 1:colcon.colcon_core.environment:checking '/home/aashraey-vaid/turtlebot4_ws/install/turtlebot4_simulator/lib/pkgconfig/turtlebot4_simulator.pc'
[3.274s] Level 1:colcon.colcon_core.environment:checking '/home/aashraey-vaid/turtlebot4_ws/install/turtlebot4_simulator/lib/python3.12/site-packages'
[3.275s] Level 1:colcon.colcon_core.environment:checking '/home/aashraey-vaid/turtlebot4_ws/install/turtlebot4_simulator/bin'
[3.276s] INFO:colcon.colcon_core.shell:Creating package script '/home/aashraey-vaid/turtlebot4_ws/install/turtlebot4_simulator/share/turtlebot4_simulator/package.ps1'
[3.278s] INFO:colcon.colcon_core.shell:Creating package descriptor '/home/aashraey-vaid/turtlebot4_ws/install/turtlebot4_simulator/share/turtlebot4_simulator/package.dsv'
[3.281s] INFO:colcon.colcon_core.shell:Creating package script '/home/aashraey-vaid/turtlebot4_ws/install/turtlebot4_simulator/share/turtlebot4_simulator/package.sh'
[3.282s] INFO:colcon.colcon_core.shell:Creating package script '/home/aashraey-vaid/turtlebot4_ws/install/turtlebot4_simulator/share/turtlebot4_simulator/package.bash'
[3.284s] INFO:colcon.colcon_core.shell:Creating package script '/home/aashraey-vaid/turtlebot4_ws/install/turtlebot4_simulator/share/turtlebot4_simulator/package.zsh'
[3.285s] Level 1:colcon.colcon_core.environment:create_file_with_runtime_dependencies(/home/aashraey-vaid/turtlebot4_ws/install/turtlebot4_simulator/share/colcon-core/packages/turtlebot4_simulator)
[5.205s] DEBUG:colcon.colcon_core.event_handler.log_command:Invoking command in '/home/aashraey-vaid/turtlebot4_ws/src/turtlebot4_controller': DEBUGINFOD_URLS=https://debuginfod.ubuntu.com PYTHONPATH=/home/aashraey-vaid/turtlebot4_ws/build/turtlebot4_controller/prefix_override:/usr/lib/python3/dist-packages/colcon_core/task/python/colcon_distutils_commands:/home/aashraey-vaid/turtlebot4_ws/install/turtlebot4_controller/lib/python3.12/site-packages:${PYTHONPATH} /usr/bin/python3 -W ignore:setup.py install is deprecated -W ignore:easy_install command is deprecated setup.py egg_info --egg-base ../../build/turtlebot4_controller build --build-base /home/aashraey-vaid/turtlebot4_ws/build/turtlebot4_controller/build install --record /home/aashraey-vaid/turtlebot4_ws/build/turtlebot4_controller/install.log --single-version-externally-managed install_data
[7.946s] Level 1:colcon.colcon_core.environment:checking '/home/aashraey-vaid/turtlebot4_ws/install/turtlebot4_controller' for CMake module files
[7.949s] Level 1:colcon.colcon_core.environment:checking '/home/aashraey-vaid/turtlebot4_ws/install/turtlebot4_controller' for CMake config files
[7.949s] DEBUG:colcon.colcon_core.event_handler.log_command:Invoked command in '/home/aashraey-vaid/turtlebot4_ws/src/turtlebot4_controller' returned '0': DEBUGINFOD_URLS=https://debuginfod.ubuntu.com PYTHONPATH=/home/aashraey-vaid/turtlebot4_ws/build/turtlebot4_controller/prefix_override:/usr/lib/python3/dist-packages/colcon_core/task/python/colcon_distutils_commands:/home/aashraey-vaid/turtlebot4_ws/install/turtlebot4_controller/lib/python3.12/site-packages:${PYTHONPATH} /usr/bin/python3 -W ignore:setup.py install is deprecated -W ignore:easy_install command is deprecated setup.py egg_info --egg-base ../../build/turtlebot4_controller build --build-base /home/aashraey-vaid/turtlebot4_ws/build/turtlebot4_controller/build install --record /home/aashraey-vaid/turtlebot4_ws/build/turtlebot4_controller/install.log --single-version-externally-managed install_data
[7.952s] Level 1:colcon.colcon_core.environment:checking '/home/aashraey-vaid/turtlebot4_ws/install/turtlebot4_controller/lib'
[7.952s] Level 1:colcon.colcon_core.environment:checking '/home/aashraey-vaid/turtlebot4_ws/install/turtlebot4_controller/bin'
[7.953s] Level 1:colcon.colcon_core.environment:checking '/home/aashraey-vaid/turtlebot4_ws/install/turtlebot4_controller/lib/pkgconfig/turtlebot4_controller.pc'
[7.953s] Level 1:colcon.colcon_core.environment:checking '/home/aashraey-vaid/turtlebot4_ws/install/turtlebot4_controller/lib/python3.12/site-packages'
[7.954s] Level 1:colcon.colcon_core.shell:create_environment_hook('turtlebot4_controller', 'pythonpath')
[7.955s] INFO:colcon.colcon_core.shell:Creating environment hook '/home/aashraey-vaid/turtlebot4_ws/install/turtlebot4_controller/share/turtlebot4_controller/hook/pythonpath.ps1'
[7.956s] INFO:colcon.colcon_core.shell:Creating environment descriptor '/home/aashraey-vaid/turtlebot4_ws/install/turtlebot4_controller/share/turtlebot4_controller/hook/pythonpath.dsv'
[7.958s] INFO:colcon.colcon_core.shell:Creating environment hook '/home/aashraey-vaid/turtlebot4_ws/install/turtlebot4_controller/share/turtlebot4_controller/hook/pythonpath.sh'
[7.960s] Level 1:colcon.colcon_core.environment:checking '/home/aashraey-vaid/turtlebot4_ws/install/turtlebot4_controller/bin'
[7.960s] Level 1:colcon.colcon_core.environment:create_environment_scripts_only(turtlebot4_controller)
[7.962s] INFO:colcon.colcon_core.shell:Creating package script '/home/aashraey-vaid/turtlebot4_ws/install/turtlebot4_controller/share/turtlebot4_controller/package.ps1'
[7.964s] INFO:colcon.colcon_core.shell:Creating package descriptor '/home/aashraey-vaid/turtlebot4_ws/install/turtlebot4_controller/share/turtlebot4_controller/package.dsv'
[7.966s] INFO:colcon.colcon_core.shell:Creating package script '/home/aashraey-vaid/turtlebot4_ws/install/turtlebot4_controller/share/turtlebot4_controller/package.sh'
[7.967s] INFO:colcon.colcon_core.shell:Creating package script '/home/aashraey-vaid/turtlebot4_ws/install/turtlebot4_controller/share/turtlebot4_controller/package.bash'
[7.968s] INFO:colcon.colcon_core.shell:Creating package script '/home/aashraey-vaid/turtlebot4_ws/install/turtlebot4_controller/share/turtlebot4_controller/package.zsh'
[7.970s] Level 1:colcon.colcon_core.environment:create_file_with_runtime_dependencies(/home/aashraey-vaid/turtlebot4_ws/install/turtlebot4_controller/share/colcon-core/packages/turtlebot4_controller)
[7.971s] DEBUG:colcon.colcon_parallel_executor.executor.parallel:closing loop
[7.971s] DEBUG:colcon.colcon_parallel_executor.executor.parallel:loop closed
[7.971s] DEBUG:colcon.colcon_parallel_executor.executor.parallel:run_until_complete finished with '0'
[7.971s] DEBUG:colcon.colcon_core.event_reactor:joining thread
[7.996s] INFO:colcon.colcon_core.plugin_system:Skipping extension 'colcon_notification.desktop_notification.terminal_notifier': Not used on non-Darwin systems
[7.997s] INFO:colcon.colcon_core.plugin_system:Skipping extension 'colcon_notification.desktop_notification.win32': Not used on non-Windows systems
[7.997s] INFO:colcon.colcon_notification.desktop_notification:Sending desktop notification using 'notify2'
[8.051s] DEBUG:colcon.colcon_core.event_reactor:joined thread
[8.051s] INFO:colcon.colcon_core.shell:Creating prefix script '/home/aashraey-vaid/turtlebot4_ws/install/local_setup.ps1'
[8.054s] INFO:colcon.colcon_core.shell:Creating prefix util module '/home/aashraey-vaid/turtlebot4_ws/install/_local_setup_util_ps1.py'
[8.058s] INFO:colcon.colcon_core.shell:Creating prefix chain script '/home/aashraey-vaid/turtlebot4_ws/install/setup.ps1'
[8.062s] INFO:colcon.colcon_core.shell:Creating prefix script '/home/aashraey-vaid/turtlebot4_ws/install/local_setup.sh'
[8.065s] INFO:colcon.colcon_core.shell:Creating prefix util module '/home/aashraey-vaid/turtlebot4_ws/install/_local_setup_util_sh.py'
[8.067s] INFO:colcon.colcon_core.shell:Creating prefix chain script '/home/aashraey-vaid/turtlebot4_ws/install/setup.sh'
[8.073s] INFO:colcon.colcon_core.shell:Creating prefix script '/home/aashraey-vaid/turtlebot4_ws/install/local_setup.bash'
[8.075s] INFO:colcon.colcon_core.shell:Creating prefix chain script '/home/aashraey-vaid/turtlebot4_ws/install/setup.bash'
[8.080s] INFO:colcon.colcon_core.shell:Creating prefix script '/home/aashraey-vaid/turtlebot4_ws/install/local_setup.zsh'
[8.081s] INFO:colcon.colcon_core.shell:Creating prefix chain script '/home/aashraey-vaid/turtlebot4_ws/install/setup.zsh'
