[0.093s] Invoking command in '/home/aashraey-vaid/turtlebot4_ws/build/turtlebot4_gz_gui_plugins': CMAKE_PREFIX_PATH=${CMAKE_PREFIX_PATH}:/home/aashraey-vaid/turtlebot4_ws/install/turtlebot4_controller:/opt/ros/jazzy DEBUGINFOD_URLS=https://debuginfod.ubuntu.com /usr/bin/cmake --build /home/aashraey-vaid/turtlebot4_ws/build/turtlebot4_gz_gui_plugins -- -j8 -l8
[0.477s] [  0%] Built target Turtlebot4Hmi_autogen_timestamp_deps
[0.676s] [ 14%] Built target Turtlebot4Hmi_autogen
[0.885s] [100%] Built target Turtlebot4Hmi
[1.644s] Invoked command in '/home/aashraey-vaid/turtlebot4_ws/build/turtlebot4_gz_gui_plugins' returned '0': CMAKE_PREFIX_PATH=${CMAKE_PREFIX_PATH}:/home/aashraey-vaid/turtlebot4_ws/install/turtlebot4_controller:/opt/ros/jazzy DEBUGINFOD_URLS=https://debuginfod.ubuntu.com /usr/bin/cmake --build /home/aashraey-vaid/turtlebot4_ws/build/turtlebot4_gz_gui_plugins -- -j8 -l8
[1.647s] Invoking command in '/home/aashraey-vaid/turtlebot4_ws/build/turtlebot4_gz_gui_plugins': CMAKE_PREFIX_PATH=${CMAKE_PREFIX_PATH}:/home/aashraey-vaid/turtlebot4_ws/install/turtlebot4_controller:/opt/ros/jazzy DEBUGINFOD_URLS=https://debuginfod.ubuntu.com /usr/bin/cmake --install /home/aashraey-vaid/turtlebot4_ws/build/turtlebot4_gz_gui_plugins
[1.708s] -- Install configuration: ""
[1.709s] -- Up-to-date: /home/aashraey-vaid/turtlebot4_ws/install/turtlebot4_gz_gui_plugins/share/ament_index/resource_index/package_run_dependencies/turtlebot4_gz_gui_plugins
[1.709s] -- Up-to-date: /home/aashraey-vaid/turtlebot4_ws/install/turtlebot4_gz_gui_plugins/share/ament_index/resource_index/parent_prefix_path/turtlebot4_gz_gui_plugins
[1.709s] -- Up-to-date: /home/aashraey-vaid/turtlebot4_ws/install/turtlebot4_gz_gui_plugins/share/turtlebot4_gz_gui_plugins/environment/ament_prefix_path.sh
[1.713s] -- Up-to-date: /home/aashraey-vaid/turtlebot4_ws/install/turtlebot4_gz_gui_plugins/share/turtlebot4_gz_gui_plugins/environment/ament_prefix_path.dsv
[1.714s] -- Up-to-date: /home/aashraey-vaid/turtlebot4_ws/install/turtlebot4_gz_gui_plugins/share/turtlebot4_gz_gui_plugins/environment/path.sh
[1.714s] -- Up-to-date: /home/aashraey-vaid/turtlebot4_ws/install/turtlebot4_gz_gui_plugins/share/turtlebot4_gz_gui_plugins/environment/path.dsv
[1.715s] -- Up-to-date: /home/aashraey-vaid/turtlebot4_ws/install/turtlebot4_gz_gui_plugins/share/turtlebot4_gz_gui_plugins/local_setup.bash
[1.715s] -- Up-to-date: /home/aashraey-vaid/turtlebot4_ws/install/turtlebot4_gz_gui_plugins/share/turtlebot4_gz_gui_plugins/local_setup.sh
[1.715s] -- Up-to-date: /home/aashraey-vaid/turtlebot4_ws/install/turtlebot4_gz_gui_plugins/share/turtlebot4_gz_gui_plugins/local_setup.zsh
[1.721s] -- Up-to-date: /home/aashraey-vaid/turtlebot4_ws/install/turtlebot4_gz_gui_plugins/share/turtlebot4_gz_gui_plugins/local_setup.dsv
[1.721s] -- Installing: /home/aashraey-vaid/turtlebot4_ws/install/turtlebot4_gz_gui_plugins/share/turtlebot4_gz_gui_plugins/package.dsv
[1.721s] -- Up-to-date: /home/aashraey-vaid/turtlebot4_ws/install/turtlebot4_gz_gui_plugins/share/ament_index/resource_index/packages/turtlebot4_gz_gui_plugins
[1.729s] -- Up-to-date: /home/aashraey-vaid/turtlebot4_ws/install/turtlebot4_gz_gui_plugins/share/turtlebot4_gz_gui_plugins/cmake/turtlebot4_gz_gui_pluginsConfig.cmake
[1.732s] -- Up-to-date: /home/aashraey-vaid/turtlebot4_ws/install/turtlebot4_gz_gui_plugins/share/turtlebot4_gz_gui_plugins/cmake/turtlebot4_gz_gui_pluginsConfig-version.cmake
[1.736s] -- Up-to-date: /home/aashraey-vaid/turtlebot4_ws/install/turtlebot4_gz_gui_plugins/share/turtlebot4_gz_gui_plugins/package.xml
[1.739s] -- Up-to-date: /home/aashraey-vaid/turtlebot4_ws/install/turtlebot4_gz_gui_plugins/share/turtlebot4_gz_gui_plugins/lib/libTurtlebot4Hmi.so
[1.871s] Invoked command in '/home/aashraey-vaid/turtlebot4_ws/build/turtlebot4_gz_gui_plugins' returned '0': CMAKE_PREFIX_PATH=${CMAKE_PREFIX_PATH}:/home/aashraey-vaid/turtlebot4_ws/install/turtlebot4_controller:/opt/ros/jazzy DEBUGINFOD_URLS=https://debuginfod.ubuntu.com /usr/bin/cmake --install /home/aashraey-vaid/turtlebot4_ws/build/turtlebot4_gz_gui_plugins
