[0.111s] Invoking command in '/home/aashraey-vaid/turtlebot4_ws/build/turtlebot4_gz_bringup': AMENT_PREFIX_PATH=/home/aashraey-vaid/turtlebot4_ws/install/turtlebot4_gz_toolbox:/home/aashraey-vaid/turtlebot4_ws/install/turtlebot4_gz_gui_plugins:${AMENT_PREFIX_PATH} CMAKE_PREFIX_PATH=/home/aashraey-vaid/turtlebot4_ws/install/turtlebot4_gz_toolbox:/home/aashraey-vaid/turtlebot4_ws/install/turtlebot4_gz_gui_plugins:/opt/ros/jazzy/opt/gz_sim_vendor:/opt/ros/jazzy/opt/gz_sensors_vendor:/opt/ros/jazzy/opt/gz_physics_vendor:/opt/ros/jazzy/opt/sdformat_vendor:/opt/ros/jazzy/opt/gz_gui_vendor:/opt/ros/jazzy/opt/gz_transport_vendor:/opt/ros/jazzy/opt/gz_rendering_vendor:/opt/ros/jazzy/opt/gz_plugin_vendor:/opt/ros/jazzy/opt/gz_fuel_tools_vendor:/opt/ros/jazzy/opt/gz_msgs_vendor:/opt/ros/jazzy/opt/gz_common_vendor:/opt/ros/jazzy/opt/gz_math_vendor:/opt/ros/jazzy/opt/gz_utils_vendor:/opt/ros/jazzy/opt/gz_tools_vendor:/opt/ros/jazzy/opt/gz_ogre_next_vendor:/opt/ros/jazzy/opt/gz_dartsim_vendor:/opt/ros/jazzy/opt/gz_cmake_vendor:/home/aashraey-vaid/turtlebot4_ws/install/turtlebot4_controller:/opt/ros/jazzy DEBUGINFOD_URLS=https://debuginfod.ubuntu.com /usr/bin/cmake /home/aashraey-vaid/turtlebot4_ws/src/turtlebot4_simulator/turtlebot4_gz_bringup -DCMAKE_INSTALL_PREFIX=/home/aashraey-vaid/turtlebot4_ws/install/turtlebot4_gz_bringup
[0.845s] -- The C compiler identification is GNU 13.3.0
[1.549s] -- The CXX compiler identification is GNU 13.3.0
[1.755s] -- Detecting C compiler ABI info
[2.957s] -- Detecting C compiler ABI info - done
[3.080s] -- Check for working C compiler: /usr/bin/cc - skipped
[3.084s] -- Detecting C compile features
[3.090s] -- Detecting C compile features - done
[3.215s] -- Detecting CXX compiler ABI info
[4.455s] -- Detecting CXX compiler ABI info - done
[4.589s] -- Check for working CXX compiler: /usr/bin/c++ - skipped
[4.592s] -- Detecting CXX compile features
[4.598s] -- Detecting CXX compile features - done
[4.661s] -- Found ament_cmake: 2.5.4 (/opt/ros/jazzy/share/ament_cmake/cmake)
[7.570s] -- Found Python3: /usr/bin/python3 (found version "3.12.3") found components: Interpreter 
[9.330s] -- Found ros_gz_interfaces: 1.0.12 (/opt/ros/jazzy/share/ros_gz_interfaces/cmake)
[10.216s] -- Found rosidl_generator_c: 4.6.5 (/opt/ros/jazzy/share/rosidl_generator_c/cmake)
[10.541s] -- Found rosidl_generator_cpp: 4.6.5 (/opt/ros/jazzy/share/rosidl_generator_cpp/cmake)
[10.913s] -- Using all available rosidl_typesupport_c: rosidl_typesupport_fastrtps_c;rosidl_typesupport_introspection_c
[11.269s] -- Using all available rosidl_typesupport_cpp: rosidl_typesupport_fastrtps_cpp;rosidl_typesupport_introspection_cpp
[13.409s] -- Found ament_lint_auto: 0.17.2 (/opt/ros/jazzy/share/ament_lint_auto/cmake)
[15.444s] -- Added test 'copyright' to check source files copyright and LICENSE
[15.512s] -- Added test 'flake8' to check Python code syntax and style conventions
[15.514s] -- Configured 'flake8' exclude dirs and/or files: 
[15.527s] -- Added test 'lint_cmake' to check CMake code style
[15.543s] -- Added test 'pep257' to check Python code against some of the docstring style conventions in PEP 257
[15.575s] -- Added test 'xmllint' to check XML markup files
[15.609s] -- Configuring done (15.4s)
[15.678s] -- Generating done (0.0s)
[15.713s] -- Build files have been written to: /home/aashraey-vaid/turtlebot4_ws/build/turtlebot4_gz_bringup
[15.803s] Invoked command in '/home/aashraey-vaid/turtlebot4_ws/build/turtlebot4_gz_bringup' returned '0': AMENT_PREFIX_PATH=/home/aashraey-vaid/turtlebot4_ws/install/turtlebot4_gz_toolbox:/home/aashraey-vaid/turtlebot4_ws/install/turtlebot4_gz_gui_plugins:${AMENT_PREFIX_PATH} CMAKE_PREFIX_PATH=/home/aashraey-vaid/turtlebot4_ws/install/turtlebot4_gz_toolbox:/home/aashraey-vaid/turtlebot4_ws/install/turtlebot4_gz_gui_plugins:/opt/ros/jazzy/opt/gz_sim_vendor:/opt/ros/jazzy/opt/gz_sensors_vendor:/opt/ros/jazzy/opt/gz_physics_vendor:/opt/ros/jazzy/opt/sdformat_vendor:/opt/ros/jazzy/opt/gz_gui_vendor:/opt/ros/jazzy/opt/gz_transport_vendor:/opt/ros/jazzy/opt/gz_rendering_vendor:/opt/ros/jazzy/opt/gz_plugin_vendor:/opt/ros/jazzy/opt/gz_fuel_tools_vendor:/opt/ros/jazzy/opt/gz_msgs_vendor:/opt/ros/jazzy/opt/gz_common_vendor:/opt/ros/jazzy/opt/gz_math_vendor:/opt/ros/jazzy/opt/gz_utils_vendor:/opt/ros/jazzy/opt/gz_tools_vendor:/opt/ros/jazzy/opt/gz_ogre_next_vendor:/opt/ros/jazzy/opt/gz_dartsim_vendor:/opt/ros/jazzy/opt/gz_cmake_vendor:/home/aashraey-vaid/turtlebot4_ws/install/turtlebot4_controller:/opt/ros/jazzy DEBUGINFOD_URLS=https://debuginfod.ubuntu.com /usr/bin/cmake /home/aashraey-vaid/turtlebot4_ws/src/turtlebot4_simulator/turtlebot4_gz_bringup -DCMAKE_INSTALL_PREFIX=/home/aashraey-vaid/turtlebot4_ws/install/turtlebot4_gz_bringup
[15.817s] Invoking command in '/home/aashraey-vaid/turtlebot4_ws/build/turtlebot4_gz_bringup': AMENT_PREFIX_PATH=/home/aashraey-vaid/turtlebot4_ws/install/turtlebot4_gz_toolbox:/home/aashraey-vaid/turtlebot4_ws/install/turtlebot4_gz_gui_plugins:${AMENT_PREFIX_PATH} CMAKE_PREFIX_PATH=/home/aashraey-vaid/turtlebot4_ws/install/turtlebot4_gz_toolbox:/home/aashraey-vaid/turtlebot4_ws/install/turtlebot4_gz_gui_plugins:/opt/ros/jazzy/opt/gz_sim_vendor:/opt/ros/jazzy/opt/gz_sensors_vendor:/opt/ros/jazzy/opt/gz_physics_vendor:/opt/ros/jazzy/opt/sdformat_vendor:/opt/ros/jazzy/opt/gz_gui_vendor:/opt/ros/jazzy/opt/gz_transport_vendor:/opt/ros/jazzy/opt/gz_rendering_vendor:/opt/ros/jazzy/opt/gz_plugin_vendor:/opt/ros/jazzy/opt/gz_fuel_tools_vendor:/opt/ros/jazzy/opt/gz_msgs_vendor:/opt/ros/jazzy/opt/gz_common_vendor:/opt/ros/jazzy/opt/gz_math_vendor:/opt/ros/jazzy/opt/gz_utils_vendor:/opt/ros/jazzy/opt/gz_tools_vendor:/opt/ros/jazzy/opt/gz_ogre_next_vendor:/opt/ros/jazzy/opt/gz_dartsim_vendor:/opt/ros/jazzy/opt/gz_cmake_vendor:/home/aashraey-vaid/turtlebot4_ws/install/turtlebot4_controller:/opt/ros/jazzy DEBUGINFOD_URLS=https://debuginfod.ubuntu.com /usr/bin/cmake --build /home/aashraey-vaid/turtlebot4_ws/build/turtlebot4_gz_bringup -- -j8 -l8
[16.382s] Invoked command in '/home/aashraey-vaid/turtlebot4_ws/build/turtlebot4_gz_bringup' returned '0': AMENT_PREFIX_PATH=/home/aashraey-vaid/turtlebot4_ws/install/turtlebot4_gz_toolbox:/home/aashraey-vaid/turtlebot4_ws/install/turtlebot4_gz_gui_plugins:${AMENT_PREFIX_PATH} CMAKE_PREFIX_PATH=/home/aashraey-vaid/turtlebot4_ws/install/turtlebot4_gz_toolbox:/home/aashraey-vaid/turtlebot4_ws/install/turtlebot4_gz_gui_plugins:/opt/ros/jazzy/opt/gz_sim_vendor:/opt/ros/jazzy/opt/gz_sensors_vendor:/opt/ros/jazzy/opt/gz_physics_vendor:/opt/ros/jazzy/opt/sdformat_vendor:/opt/ros/jazzy/opt/gz_gui_vendor:/opt/ros/jazzy/opt/gz_transport_vendor:/opt/ros/jazzy/opt/gz_rendering_vendor:/opt/ros/jazzy/opt/gz_plugin_vendor:/opt/ros/jazzy/opt/gz_fuel_tools_vendor:/opt/ros/jazzy/opt/gz_msgs_vendor:/opt/ros/jazzy/opt/gz_common_vendor:/opt/ros/jazzy/opt/gz_math_vendor:/opt/ros/jazzy/opt/gz_utils_vendor:/opt/ros/jazzy/opt/gz_tools_vendor:/opt/ros/jazzy/opt/gz_ogre_next_vendor:/opt/ros/jazzy/opt/gz_dartsim_vendor:/opt/ros/jazzy/opt/gz_cmake_vendor:/home/aashraey-vaid/turtlebot4_ws/install/turtlebot4_controller:/opt/ros/jazzy DEBUGINFOD_URLS=https://debuginfod.ubuntu.com /usr/bin/cmake --build /home/aashraey-vaid/turtlebot4_ws/build/turtlebot4_gz_bringup -- -j8 -l8
[16.394s] Invoking command in '/home/aashraey-vaid/turtlebot4_ws/build/turtlebot4_gz_bringup': AMENT_PREFIX_PATH=/home/aashraey-vaid/turtlebot4_ws/install/turtlebot4_gz_toolbox:/home/aashraey-vaid/turtlebot4_ws/install/turtlebot4_gz_gui_plugins:${AMENT_PREFIX_PATH} CMAKE_PREFIX_PATH=/home/aashraey-vaid/turtlebot4_ws/install/turtlebot4_gz_toolbox:/home/aashraey-vaid/turtlebot4_ws/install/turtlebot4_gz_gui_plugins:/opt/ros/jazzy/opt/gz_sim_vendor:/opt/ros/jazzy/opt/gz_sensors_vendor:/opt/ros/jazzy/opt/gz_physics_vendor:/opt/ros/jazzy/opt/sdformat_vendor:/opt/ros/jazzy/opt/gz_gui_vendor:/opt/ros/jazzy/opt/gz_transport_vendor:/opt/ros/jazzy/opt/gz_rendering_vendor:/opt/ros/jazzy/opt/gz_plugin_vendor:/opt/ros/jazzy/opt/gz_fuel_tools_vendor:/opt/ros/jazzy/opt/gz_msgs_vendor:/opt/ros/jazzy/opt/gz_common_vendor:/opt/ros/jazzy/opt/gz_math_vendor:/opt/ros/jazzy/opt/gz_utils_vendor:/opt/ros/jazzy/opt/gz_tools_vendor:/opt/ros/jazzy/opt/gz_ogre_next_vendor:/opt/ros/jazzy/opt/gz_dartsim_vendor:/opt/ros/jazzy/opt/gz_cmake_vendor:/home/aashraey-vaid/turtlebot4_ws/install/turtlebot4_controller:/opt/ros/jazzy DEBUGINFOD_URLS=https://debuginfod.ubuntu.com /usr/bin/cmake --install /home/aashraey-vaid/turtlebot4_ws/build/turtlebot4_gz_bringup
[16.505s] -- Install configuration: ""
[16.506s] -- Installing: /home/aashraey-vaid/turtlebot4_ws/install/turtlebot4_gz_bringup/share/turtlebot4_gz_bringup/config
[16.509s] -- Installing: /home/aashraey-vaid/turtlebot4_ws/install/turtlebot4_gz_bringup/share/turtlebot4_gz_bringup/config/turtlebot4_node.yaml
[16.512s] -- Installing: /home/aashraey-vaid/turtlebot4_ws/install/turtlebot4_gz_bringup/share/turtlebot4_gz_bringup/gui
[16.513s] -- Installing: /home/aashraey-vaid/turtlebot4_ws/install/turtlebot4_gz_bringup/share/turtlebot4_gz_bringup/gui/lite
[16.515s] -- Installing: /home/aashraey-vaid/turtlebot4_ws/install/turtlebot4_gz_bringup/share/turtlebot4_gz_bringup/gui/lite/gui.config
[16.516s] -- Installing: /home/aashraey-vaid/turtlebot4_ws/install/turtlebot4_gz_bringup/share/turtlebot4_gz_bringup/gui/standard
[16.517s] -- Installing: /home/aashraey-vaid/turtlebot4_ws/install/turtlebot4_gz_bringup/share/turtlebot4_gz_bringup/gui/standard/gui.config
[16.519s] -- Installing: /home/aashraey-vaid/turtlebot4_ws/install/turtlebot4_gz_bringup/share/turtlebot4_gz_bringup/launch
[16.521s] -- Installing: /home/aashraey-vaid/turtlebot4_ws/install/turtlebot4_gz_bringup/share/turtlebot4_gz_bringup/launch/turtlebot4_nodes.launch.py
[16.523s] -- Installing: /home/aashraey-vaid/turtlebot4_ws/install/turtlebot4_gz_bringup/share/turtlebot4_gz_bringup/launch/turtlebot4_spawn.launch.py
[16.525s] -- Installing: /home/aashraey-vaid/turtlebot4_ws/install/turtlebot4_gz_bringup/share/turtlebot4_gz_bringup/launch/turtlebot4_gz.launch.py
[16.527s] -- Installing: /home/aashraey-vaid/turtlebot4_ws/install/turtlebot4_gz_bringup/share/turtlebot4_gz_bringup/launch/sim.launch.py
[16.529s] -- Installing: /home/aashraey-vaid/turtlebot4_ws/install/turtlebot4_gz_bringup/share/turtlebot4_gz_bringup/launch/ros_gz_bridge.launch.py
[16.531s] -- Installing: /home/aashraey-vaid/turtlebot4_ws/install/turtlebot4_gz_bringup/share/turtlebot4_gz_bringup/worlds
[16.532s] -- Installing: /home/aashraey-vaid/turtlebot4_ws/install/turtlebot4_gz_bringup/share/turtlebot4_gz_bringup/worlds/warehouse.sdf
[16.534s] -- Installing: /home/aashraey-vaid/turtlebot4_ws/install/turtlebot4_gz_bringup/share/turtlebot4_gz_bringup/worlds/maze.sdf
[16.537s] -- Installing: /home/aashraey-vaid/turtlebot4_ws/install/turtlebot4_gz_bringup/share/turtlebot4_gz_bringup/worlds/depot.sdf
[16.541s] -- Installing: /home/aashraey-vaid/turtlebot4_ws/install/turtlebot4_gz_bringup/share/ament_index/resource_index/package_run_dependencies/turtlebot4_gz_bringup
[16.544s] -- Installing: /home/aashraey-vaid/turtlebot4_ws/install/turtlebot4_gz_bringup/share/ament_index/resource_index/parent_prefix_path/turtlebot4_gz_bringup
[16.547s] -- Installing: /home/aashraey-vaid/turtlebot4_ws/install/turtlebot4_gz_bringup/share/turtlebot4_gz_bringup/environment/ament_prefix_path.sh
[16.549s] -- Installing: /home/aashraey-vaid/turtlebot4_ws/install/turtlebot4_gz_bringup/share/turtlebot4_gz_bringup/environment/ament_prefix_path.dsv
[16.551s] -- Installing: /home/aashraey-vaid/turtlebot4_ws/install/turtlebot4_gz_bringup/share/turtlebot4_gz_bringup/environment/path.sh
[16.553s] -- Installing: /home/aashraey-vaid/turtlebot4_ws/install/turtlebot4_gz_bringup/share/turtlebot4_gz_bringup/environment/path.dsv
[16.556s] -- Installing: /home/aashraey-vaid/turtlebot4_ws/install/turtlebot4_gz_bringup/share/turtlebot4_gz_bringup/local_setup.bash
[16.558s] -- Installing: /home/aashraey-vaid/turtlebot4_ws/install/turtlebot4_gz_bringup/share/turtlebot4_gz_bringup/local_setup.sh
[16.560s] -- Installing: /home/aashraey-vaid/turtlebot4_ws/install/turtlebot4_gz_bringup/share/turtlebot4_gz_bringup/local_setup.zsh
[16.562s] -- Installing: /home/aashraey-vaid/turtlebot4_ws/install/turtlebot4_gz_bringup/share/turtlebot4_gz_bringup/local_setup.dsv
[16.564s] -- Installing: /home/aashraey-vaid/turtlebot4_ws/install/turtlebot4_gz_bringup/share/turtlebot4_gz_bringup/package.dsv
[16.567s] -- Installing: /home/aashraey-vaid/turtlebot4_ws/install/turtlebot4_gz_bringup/share/ament_index/resource_index/packages/turtlebot4_gz_bringup
[16.569s] -- Installing: /home/aashraey-vaid/turtlebot4_ws/install/turtlebot4_gz_bringup/share/turtlebot4_gz_bringup/cmake/turtlebot4_gz_bringupConfig.cmake
[16.571s] -- Installing: /home/aashraey-vaid/turtlebot4_ws/install/turtlebot4_gz_bringup/share/turtlebot4_gz_bringup/cmake/turtlebot4_gz_bringupConfig-version.cmake
[16.574s] -- Installing: /home/aashraey-vaid/turtlebot4_ws/install/turtlebot4_gz_bringup/share/turtlebot4_gz_bringup/package.xml
[16.599s] Invoked command in '/home/aashraey-vaid/turtlebot4_ws/build/turtlebot4_gz_bringup' returned '0': AMENT_PREFIX_PATH=/home/aashraey-vaid/turtlebot4_ws/install/turtlebot4_gz_toolbox:/home/aashraey-vaid/turtlebot4_ws/install/turtlebot4_gz_gui_plugins:${AMENT_PREFIX_PATH} CMAKE_PREFIX_PATH=/home/aashraey-vaid/turtlebot4_ws/install/turtlebot4_gz_toolbox:/home/aashraey-vaid/turtlebot4_ws/install/turtlebot4_gz_gui_plugins:/opt/ros/jazzy/opt/gz_sim_vendor:/opt/ros/jazzy/opt/gz_sensors_vendor:/opt/ros/jazzy/opt/gz_physics_vendor:/opt/ros/jazzy/opt/sdformat_vendor:/opt/ros/jazzy/opt/gz_gui_vendor:/opt/ros/jazzy/opt/gz_transport_vendor:/opt/ros/jazzy/opt/gz_rendering_vendor:/opt/ros/jazzy/opt/gz_plugin_vendor:/opt/ros/jazzy/opt/gz_fuel_tools_vendor:/opt/ros/jazzy/opt/gz_msgs_vendor:/opt/ros/jazzy/opt/gz_common_vendor:/opt/ros/jazzy/opt/gz_math_vendor:/opt/ros/jazzy/opt/gz_utils_vendor:/opt/ros/jazzy/opt/gz_tools_vendor:/opt/ros/jazzy/opt/gz_ogre_next_vendor:/opt/ros/jazzy/opt/gz_dartsim_vendor:/opt/ros/jazzy/opt/gz_cmake_vendor:/home/aashraey-vaid/turtlebot4_ws/install/turtlebot4_controller:/opt/ros/jazzy DEBUGINFOD_URLS=https://debuginfod.ubuntu.com /usr/bin/cmake --install /home/aashraey-vaid/turtlebot4_ws/build/turtlebot4_gz_bringup
