[0.031s] Invoking command in '/home/aashraey-vaid/turtlebot4_ws/src/build/turtlebot4_simulator': AMENT_PREFIX_PATH=/home/aashraey-vaid/turtlebot4_ws/src/install/turtlebot4_gz_bringup:/home/aashraey-vaid/turtlebot4_ws/src/install/turtlebot4_gz_toolbox:/home/aashraey-vaid/turtlebot4_ws/src/install/turtlebot4_gz_gui_plugins:${AMENT_PREFIX_PATH} CMAKE_PREFIX_PATH=/home/aashraey-vaid/turtlebot4_ws/src/install/turtlebot4_gz_bringup:/home/aashraey-vaid/turtlebot4_ws/src/install/turtlebot4_gz_toolbox:/home/aashraey-vaid/turtlebot4_ws/src/install/turtlebot4_gz_gui_plugins:/opt/ros/jazzy/opt/gz_sim_vendor:/opt/ros/jazzy/opt/gz_sensors_vendor:/opt/ros/jazzy/opt/gz_physics_vendor:/opt/ros/jazzy/opt/sdformat_vendor:/opt/ros/jazzy/opt/gz_gui_vendor:/opt/ros/jazzy/opt/gz_transport_vendor:/opt/ros/jazzy/opt/gz_rendering_vendor:/opt/ros/jazzy/opt/gz_plugin_vendor:/opt/ros/jazzy/opt/gz_fuel_tools_vendor:/opt/ros/jazzy/opt/gz_msgs_vendor:/opt/ros/jazzy/opt/gz_common_vendor:/opt/ros/jazzy/opt/gz_math_vendor:/opt/ros/jazzy/opt/gz_utils_vendor:/opt/ros/jazzy/opt/gz_tools_vendor:/opt/ros/jazzy/opt/gz_ogre_next_vendor:/opt/ros/jazzy/opt/gz_dartsim_vendor:/opt/ros/jazzy/opt/gz_cmake_vendor:/home/aashraey-vaid/turtlebot4_ws/install/turtlebot4_controller:/opt/ros/jazzy DEBUGINFOD_URLS=https://debuginfod.ubuntu.com /usr/bin/cmake /home/aashraey-vaid/turtlebot4_ws/src/turtlebot4_simulator/turtlebot4_simulator -DAMENT_CMAKE_SYMLINK_INSTALL=1 -DCMAKE_INSTALL_PREFIX=/home/aashraey-vaid/turtlebot4_ws/src/install/turtlebot4_simulator
[0.189s] -- The C compiler identification is GNU 13.3.0
[0.346s] -- The CXX compiler identification is GNU 13.3.0
[0.394s] -- Detecting C compiler ABI info
[0.655s] -- Detecting C compiler ABI info - done
[0.683s] -- Check for working C compiler: /usr/bin/cc - skipped
[0.684s] -- Detecting C compile features
[0.685s] -- Detecting C compile features - done
[0.713s] -- Detecting CXX compiler ABI info
[1.012s] -- Detecting CXX compiler ABI info - done
[1.043s] -- Check for working CXX compiler: /usr/bin/c++ - skipped
[1.044s] -- Detecting CXX compile features
[1.045s] -- Detecting CXX compile features - done
[1.061s] -- Found ament_cmake: 2.5.4 (/opt/ros/jazzy/share/ament_cmake/cmake)
[1.535s] -- Found Python3: /usr/bin/python3 (found version "3.12.3") found components: Interpreter 
[1.748s] -- Override CMake install command with custom implementation using symlinks instead of copying resources
[2.179s] -- Configuring done (2.1s)
[2.189s] -- Generating done (0.0s)
[2.195s] -- Build files have been written to: /home/aashraey-vaid/turtlebot4_ws/src/build/turtlebot4_simulator
[2.208s] Invoked command in '/home/aashraey-vaid/turtlebot4_ws/src/build/turtlebot4_simulator' returned '0': AMENT_PREFIX_PATH=/home/aashraey-vaid/turtlebot4_ws/src/install/turtlebot4_gz_bringup:/home/aashraey-vaid/turtlebot4_ws/src/install/turtlebot4_gz_toolbox:/home/aashraey-vaid/turtlebot4_ws/src/install/turtlebot4_gz_gui_plugins:${AMENT_PREFIX_PATH} CMAKE_PREFIX_PATH=/home/aashraey-vaid/turtlebot4_ws/src/install/turtlebot4_gz_bringup:/home/aashraey-vaid/turtlebot4_ws/src/install/turtlebot4_gz_toolbox:/home/aashraey-vaid/turtlebot4_ws/src/install/turtlebot4_gz_gui_plugins:/opt/ros/jazzy/opt/gz_sim_vendor:/opt/ros/jazzy/opt/gz_sensors_vendor:/opt/ros/jazzy/opt/gz_physics_vendor:/opt/ros/jazzy/opt/sdformat_vendor:/opt/ros/jazzy/opt/gz_gui_vendor:/opt/ros/jazzy/opt/gz_transport_vendor:/opt/ros/jazzy/opt/gz_rendering_vendor:/opt/ros/jazzy/opt/gz_plugin_vendor:/opt/ros/jazzy/opt/gz_fuel_tools_vendor:/opt/ros/jazzy/opt/gz_msgs_vendor:/opt/ros/jazzy/opt/gz_common_vendor:/opt/ros/jazzy/opt/gz_math_vendor:/opt/ros/jazzy/opt/gz_utils_vendor:/opt/ros/jazzy/opt/gz_tools_vendor:/opt/ros/jazzy/opt/gz_ogre_next_vendor:/opt/ros/jazzy/opt/gz_dartsim_vendor:/opt/ros/jazzy/opt/gz_cmake_vendor:/home/aashraey-vaid/turtlebot4_ws/install/turtlebot4_controller:/opt/ros/jazzy DEBUGINFOD_URLS=https://debuginfod.ubuntu.com /usr/bin/cmake /home/aashraey-vaid/turtlebot4_ws/src/turtlebot4_simulator/turtlebot4_simulator -DAMENT_CMAKE_SYMLINK_INSTALL=1 -DCMAKE_INSTALL_PREFIX=/home/aashraey-vaid/turtlebot4_ws/src/install/turtlebot4_simulator
[2.211s] Invoking command in '/home/aashraey-vaid/turtlebot4_ws/src/build/turtlebot4_simulator': AMENT_PREFIX_PATH=/home/aashraey-vaid/turtlebot4_ws/src/install/turtlebot4_gz_bringup:/home/aashraey-vaid/turtlebot4_ws/src/install/turtlebot4_gz_toolbox:/home/aashraey-vaid/turtlebot4_ws/src/install/turtlebot4_gz_gui_plugins:${AMENT_PREFIX_PATH} CMAKE_PREFIX_PATH=/home/aashraey-vaid/turtlebot4_ws/src/install/turtlebot4_gz_bringup:/home/aashraey-vaid/turtlebot4_ws/src/install/turtlebot4_gz_toolbox:/home/aashraey-vaid/turtlebot4_ws/src/install/turtlebot4_gz_gui_plugins:/opt/ros/jazzy/opt/gz_sim_vendor:/opt/ros/jazzy/opt/gz_sensors_vendor:/opt/ros/jazzy/opt/gz_physics_vendor:/opt/ros/jazzy/opt/sdformat_vendor:/opt/ros/jazzy/opt/gz_gui_vendor:/opt/ros/jazzy/opt/gz_transport_vendor:/opt/ros/jazzy/opt/gz_rendering_vendor:/opt/ros/jazzy/opt/gz_plugin_vendor:/opt/ros/jazzy/opt/gz_fuel_tools_vendor:/opt/ros/jazzy/opt/gz_msgs_vendor:/opt/ros/jazzy/opt/gz_common_vendor:/opt/ros/jazzy/opt/gz_math_vendor:/opt/ros/jazzy/opt/gz_utils_vendor:/opt/ros/jazzy/opt/gz_tools_vendor:/opt/ros/jazzy/opt/gz_ogre_next_vendor:/opt/ros/jazzy/opt/gz_dartsim_vendor:/opt/ros/jazzy/opt/gz_cmake_vendor:/home/aashraey-vaid/turtlebot4_ws/install/turtlebot4_controller:/opt/ros/jazzy DEBUGINFOD_URLS=https://debuginfod.ubuntu.com /usr/bin/cmake --build /home/aashraey-vaid/turtlebot4_ws/src/build/turtlebot4_simulator -- -j8 -l8
[2.341s] Invoked command in '/home/aashraey-vaid/turtlebot4_ws/src/build/turtlebot4_simulator' returned '0': AMENT_PREFIX_PATH=/home/aashraey-vaid/turtlebot4_ws/src/install/turtlebot4_gz_bringup:/home/aashraey-vaid/turtlebot4_ws/src/install/turtlebot4_gz_toolbox:/home/aashraey-vaid/turtlebot4_ws/src/install/turtlebot4_gz_gui_plugins:${AMENT_PREFIX_PATH} CMAKE_PREFIX_PATH=/home/aashraey-vaid/turtlebot4_ws/src/install/turtlebot4_gz_bringup:/home/aashraey-vaid/turtlebot4_ws/src/install/turtlebot4_gz_toolbox:/home/aashraey-vaid/turtlebot4_ws/src/install/turtlebot4_gz_gui_plugins:/opt/ros/jazzy/opt/gz_sim_vendor:/opt/ros/jazzy/opt/gz_sensors_vendor:/opt/ros/jazzy/opt/gz_physics_vendor:/opt/ros/jazzy/opt/sdformat_vendor:/opt/ros/jazzy/opt/gz_gui_vendor:/opt/ros/jazzy/opt/gz_transport_vendor:/opt/ros/jazzy/opt/gz_rendering_vendor:/opt/ros/jazzy/opt/gz_plugin_vendor:/opt/ros/jazzy/opt/gz_fuel_tools_vendor:/opt/ros/jazzy/opt/gz_msgs_vendor:/opt/ros/jazzy/opt/gz_common_vendor:/opt/ros/jazzy/opt/gz_math_vendor:/opt/ros/jazzy/opt/gz_utils_vendor:/opt/ros/jazzy/opt/gz_tools_vendor:/opt/ros/jazzy/opt/gz_ogre_next_vendor:/opt/ros/jazzy/opt/gz_dartsim_vendor:/opt/ros/jazzy/opt/gz_cmake_vendor:/home/aashraey-vaid/turtlebot4_ws/install/turtlebot4_controller:/opt/ros/jazzy DEBUGINFOD_URLS=https://debuginfod.ubuntu.com /usr/bin/cmake --build /home/aashraey-vaid/turtlebot4_ws/src/build/turtlebot4_simulator -- -j8 -l8
[2.344s] Invoking command in '/home/aashraey-vaid/turtlebot4_ws/src/build/turtlebot4_simulator': AMENT_PREFIX_PATH=/home/aashraey-vaid/turtlebot4_ws/src/install/turtlebot4_gz_bringup:/home/aashraey-vaid/turtlebot4_ws/src/install/turtlebot4_gz_toolbox:/home/aashraey-vaid/turtlebot4_ws/src/install/turtlebot4_gz_gui_plugins:${AMENT_PREFIX_PATH} CMAKE_PREFIX_PATH=/home/aashraey-vaid/turtlebot4_ws/src/install/turtlebot4_gz_bringup:/home/aashraey-vaid/turtlebot4_ws/src/install/turtlebot4_gz_toolbox:/home/aashraey-vaid/turtlebot4_ws/src/install/turtlebot4_gz_gui_plugins:/opt/ros/jazzy/opt/gz_sim_vendor:/opt/ros/jazzy/opt/gz_sensors_vendor:/opt/ros/jazzy/opt/gz_physics_vendor:/opt/ros/jazzy/opt/sdformat_vendor:/opt/ros/jazzy/opt/gz_gui_vendor:/opt/ros/jazzy/opt/gz_transport_vendor:/opt/ros/jazzy/opt/gz_rendering_vendor:/opt/ros/jazzy/opt/gz_plugin_vendor:/opt/ros/jazzy/opt/gz_fuel_tools_vendor:/opt/ros/jazzy/opt/gz_msgs_vendor:/opt/ros/jazzy/opt/gz_common_vendor:/opt/ros/jazzy/opt/gz_math_vendor:/opt/ros/jazzy/opt/gz_utils_vendor:/opt/ros/jazzy/opt/gz_tools_vendor:/opt/ros/jazzy/opt/gz_ogre_next_vendor:/opt/ros/jazzy/opt/gz_dartsim_vendor:/opt/ros/jazzy/opt/gz_cmake_vendor:/home/aashraey-vaid/turtlebot4_ws/install/turtlebot4_controller:/opt/ros/jazzy DEBUGINFOD_URLS=https://debuginfod.ubuntu.com /usr/bin/cmake --install /home/aashraey-vaid/turtlebot4_ws/src/build/turtlebot4_simulator
[2.370s] -- Install configuration: ""
[2.372s] -- Execute custom install script
[2.373s] -- Symlinking: /home/aashraey-vaid/turtlebot4_ws/src/install/turtlebot4_simulator/share/ament_index/resource_index/package_run_dependencies/turtlebot4_simulator
[2.403s] -- Symlinking: /home/aashraey-vaid/turtlebot4_ws/src/install/turtlebot4_simulator/share/ament_index/resource_index/parent_prefix_path/turtlebot4_simulator
[2.432s] -- Symlinking: /home/aashraey-vaid/turtlebot4_ws/src/install/turtlebot4_simulator/share/turtlebot4_simulator/environment/ament_prefix_path.sh
[2.461s] -- Symlinking: /home/aashraey-vaid/turtlebot4_ws/src/install/turtlebot4_simulator/share/turtlebot4_simulator/environment/ament_prefix_path.dsv
[2.490s] -- Symlinking: /home/aashraey-vaid/turtlebot4_ws/src/install/turtlebot4_simulator/share/turtlebot4_simulator/environment/path.sh
[2.520s] -- Symlinking: /home/aashraey-vaid/turtlebot4_ws/src/install/turtlebot4_simulator/share/turtlebot4_simulator/environment/path.dsv
[2.550s] -- Symlinking: /home/aashraey-vaid/turtlebot4_ws/src/install/turtlebot4_simulator/share/turtlebot4_simulator/local_setup.bash
[2.582s] -- Symlinking: /home/aashraey-vaid/turtlebot4_ws/src/install/turtlebot4_simulator/share/turtlebot4_simulator/local_setup.sh
[2.612s] -- Symlinking: /home/aashraey-vaid/turtlebot4_ws/src/install/turtlebot4_simulator/share/turtlebot4_simulator/local_setup.zsh
[2.640s] -- Symlinking: /home/aashraey-vaid/turtlebot4_ws/src/install/turtlebot4_simulator/share/turtlebot4_simulator/local_setup.dsv
[2.669s] -- Symlinking: /home/aashraey-vaid/turtlebot4_ws/src/install/turtlebot4_simulator/share/turtlebot4_simulator/package.dsv
[2.700s] -- Symlinking: /home/aashraey-vaid/turtlebot4_ws/src/install/turtlebot4_simulator/share/ament_index/resource_index/packages/turtlebot4_simulator
[2.729s] -- Symlinking: /home/aashraey-vaid/turtlebot4_ws/src/install/turtlebot4_simulator/share/turtlebot4_simulator/cmake/turtlebot4_simulatorConfig.cmake
[2.758s] -- Symlinking: /home/aashraey-vaid/turtlebot4_ws/src/install/turtlebot4_simulator/share/turtlebot4_simulator/cmake/turtlebot4_simulatorConfig-version.cmake
[2.788s] -- Symlinking: /home/aashraey-vaid/turtlebot4_ws/src/install/turtlebot4_simulator/share/turtlebot4_simulator/package.xml
[2.826s] Invoked command in '/home/aashraey-vaid/turtlebot4_ws/src/build/turtlebot4_simulator' returned '0': AMENT_PREFIX_PATH=/home/aashraey-vaid/turtlebot4_ws/src/install/turtlebot4_gz_bringup:/home/aashraey-vaid/turtlebot4_ws/src/install/turtlebot4_gz_toolbox:/home/aashraey-vaid/turtlebot4_ws/src/install/turtlebot4_gz_gui_plugins:${AMENT_PREFIX_PATH} CMAKE_PREFIX_PATH=/home/aashraey-vaid/turtlebot4_ws/src/install/turtlebot4_gz_bringup:/home/aashraey-vaid/turtlebot4_ws/src/install/turtlebot4_gz_toolbox:/home/aashraey-vaid/turtlebot4_ws/src/install/turtlebot4_gz_gui_plugins:/opt/ros/jazzy/opt/gz_sim_vendor:/opt/ros/jazzy/opt/gz_sensors_vendor:/opt/ros/jazzy/opt/gz_physics_vendor:/opt/ros/jazzy/opt/sdformat_vendor:/opt/ros/jazzy/opt/gz_gui_vendor:/opt/ros/jazzy/opt/gz_transport_vendor:/opt/ros/jazzy/opt/gz_rendering_vendor:/opt/ros/jazzy/opt/gz_plugin_vendor:/opt/ros/jazzy/opt/gz_fuel_tools_vendor:/opt/ros/jazzy/opt/gz_msgs_vendor:/opt/ros/jazzy/opt/gz_common_vendor:/opt/ros/jazzy/opt/gz_math_vendor:/opt/ros/jazzy/opt/gz_utils_vendor:/opt/ros/jazzy/opt/gz_tools_vendor:/opt/ros/jazzy/opt/gz_ogre_next_vendor:/opt/ros/jazzy/opt/gz_dartsim_vendor:/opt/ros/jazzy/opt/gz_cmake_vendor:/home/aashraey-vaid/turtlebot4_ws/install/turtlebot4_controller:/opt/ros/jazzy DEBUGINFOD_URLS=https://debuginfod.ubuntu.com /usr/bin/cmake --install /home/aashraey-vaid/turtlebot4_ws/src/build/turtlebot4_simulator
