[0.026s] Invoking command in '/home/aashraey-vaid/turtlebot4_ws/src/build/turtlebot4_gz_bringup': AMENT_PREFIX_PATH=/home/aashraey-vaid/turtlebot4_ws/src/install/turtlebot4_gz_toolbox:/home/aashraey-vaid/turtlebot4_ws/src/install/turtlebot4_gz_gui_plugins:${AMENT_PREFIX_PATH} CMAKE_PREFIX_PATH=/home/aashraey-vaid/turtlebot4_ws/src/install/turtlebot4_gz_toolbox:/home/aashraey-vaid/turtlebot4_ws/src/install/turtlebot4_gz_gui_plugins:/opt/ros/jazzy/opt/gz_sim_vendor:/opt/ros/jazzy/opt/gz_sensors_vendor:/opt/ros/jazzy/opt/gz_physics_vendor:/opt/ros/jazzy/opt/sdformat_vendor:/opt/ros/jazzy/opt/gz_gui_vendor:/opt/ros/jazzy/opt/gz_transport_vendor:/opt/ros/jazzy/opt/gz_rendering_vendor:/opt/ros/jazzy/opt/gz_plugin_vendor:/opt/ros/jazzy/opt/gz_fuel_tools_vendor:/opt/ros/jazzy/opt/gz_msgs_vendor:/opt/ros/jazzy/opt/gz_common_vendor:/opt/ros/jazzy/opt/gz_math_vendor:/opt/ros/jazzy/opt/gz_utils_vendor:/opt/ros/jazzy/opt/gz_tools_vendor:/opt/ros/jazzy/opt/gz_ogre_next_vendor:/opt/ros/jazzy/opt/gz_dartsim_vendor:/opt/ros/jazzy/opt/gz_cmake_vendor:/home/aashraey-vaid/turtlebot4_ws/install/turtlebot4_controller:/opt/ros/jazzy DEBUGINFOD_URLS=https://debuginfod.ubuntu.com /usr/bin/cmake /home/aashraey-vaid/turtlebot4_ws/src/turtlebot4_simulator/turtlebot4_gz_bringup -DAMENT_CMAKE_SYMLINK_INSTALL=1 -DCMAKE_INSTALL_PREFIX=/home/aashraey-vaid/turtlebot4_ws/src/install/turtlebot4_gz_bringup
[0.181s] -- The C compiler identification is GNU 13.3.0
[0.340s] -- The CXX compiler identification is GNU 13.3.0
[0.389s] -- Detecting C compiler ABI info
[0.650s] -- Detecting C compiler ABI info - done
[0.676s] -- Check for working C compiler: /usr/bin/cc - skipped
[0.677s] -- Detecting C compile features
[0.678s] -- Detecting C compile features - done
[0.705s] -- Detecting CXX compiler ABI info
[0.997s] -- Detecting CXX compiler ABI info - done
[1.028s] -- Check for working CXX compiler: /usr/bin/c++ - skipped
[1.028s] -- Detecting CXX compile features
[1.030s] -- Detecting CXX compile features - done
[1.047s] -- Found ament_cmake: 2.5.4 (/opt/ros/jazzy/share/ament_cmake/cmake)
[1.516s] -- Found Python3: /usr/bin/python3 (found version "3.12.3") found components: Interpreter 
[1.718s] -- Override CMake install command with custom implementation using symlinks instead of copying resources
[1.912s] -- Found ros_gz_interfaces: 1.0.12 (/opt/ros/jazzy/share/ros_gz_interfaces/cmake)
[2.092s] -- Found rosidl_generator_c: 4.6.5 (/opt/ros/jazzy/share/rosidl_generator_c/cmake)
[2.156s] -- Found rosidl_generator_cpp: 4.6.5 (/opt/ros/jazzy/share/rosidl_generator_cpp/cmake)
[2.225s] -- Using all available rosidl_typesupport_c: rosidl_typesupport_fastrtps_c;rosidl_typesupport_introspection_c
[2.305s] -- Using all available rosidl_typesupport_cpp: rosidl_typesupport_fastrtps_cpp;rosidl_typesupport_introspection_cpp
[2.725s] -- Found ament_lint_auto: 0.17.2 (/opt/ros/jazzy/share/ament_lint_auto/cmake)
[3.105s] -- Added test 'copyright' to check source files copyright and LICENSE
[3.117s] -- Added test 'flake8' to check Python code syntax and style conventions
[3.117s] -- Configured 'flake8' exclude dirs and/or files: 
[3.120s] -- Added test 'lint_cmake' to check CMake code style
[3.123s] -- Added test 'pep257' to check Python code against some of the docstring style conventions in PEP 257
[3.130s] -- Added test 'xmllint' to check XML markup files
[3.138s] -- Configuring done (3.1s)
[3.153s] -- Generating done (0.0s)
[3.159s] -- Build files have been written to: /home/aashraey-vaid/turtlebot4_ws/src/build/turtlebot4_gz_bringup
[3.180s] Invoked command in '/home/aashraey-vaid/turtlebot4_ws/src/build/turtlebot4_gz_bringup' returned '0': AMENT_PREFIX_PATH=/home/aashraey-vaid/turtlebot4_ws/src/install/turtlebot4_gz_toolbox:/home/aashraey-vaid/turtlebot4_ws/src/install/turtlebot4_gz_gui_plugins:${AMENT_PREFIX_PATH} CMAKE_PREFIX_PATH=/home/aashraey-vaid/turtlebot4_ws/src/install/turtlebot4_gz_toolbox:/home/aashraey-vaid/turtlebot4_ws/src/install/turtlebot4_gz_gui_plugins:/opt/ros/jazzy/opt/gz_sim_vendor:/opt/ros/jazzy/opt/gz_sensors_vendor:/opt/ros/jazzy/opt/gz_physics_vendor:/opt/ros/jazzy/opt/sdformat_vendor:/opt/ros/jazzy/opt/gz_gui_vendor:/opt/ros/jazzy/opt/gz_transport_vendor:/opt/ros/jazzy/opt/gz_rendering_vendor:/opt/ros/jazzy/opt/gz_plugin_vendor:/opt/ros/jazzy/opt/gz_fuel_tools_vendor:/opt/ros/jazzy/opt/gz_msgs_vendor:/opt/ros/jazzy/opt/gz_common_vendor:/opt/ros/jazzy/opt/gz_math_vendor:/opt/ros/jazzy/opt/gz_utils_vendor:/opt/ros/jazzy/opt/gz_tools_vendor:/opt/ros/jazzy/opt/gz_ogre_next_vendor:/opt/ros/jazzy/opt/gz_dartsim_vendor:/opt/ros/jazzy/opt/gz_cmake_vendor:/home/aashraey-vaid/turtlebot4_ws/install/turtlebot4_controller:/opt/ros/jazzy DEBUGINFOD_URLS=https://debuginfod.ubuntu.com /usr/bin/cmake /home/aashraey-vaid/turtlebot4_ws/src/turtlebot4_simulator/turtlebot4_gz_bringup -DAMENT_CMAKE_SYMLINK_INSTALL=1 -DCMAKE_INSTALL_PREFIX=/home/aashraey-vaid/turtlebot4_ws/src/install/turtlebot4_gz_bringup
[3.182s] Invoking command in '/home/aashraey-vaid/turtlebot4_ws/src/build/turtlebot4_gz_bringup': AMENT_PREFIX_PATH=/home/aashraey-vaid/turtlebot4_ws/src/install/turtlebot4_gz_toolbox:/home/aashraey-vaid/turtlebot4_ws/src/install/turtlebot4_gz_gui_plugins:${AMENT_PREFIX_PATH} CMAKE_PREFIX_PATH=/home/aashraey-vaid/turtlebot4_ws/src/install/turtlebot4_gz_toolbox:/home/aashraey-vaid/turtlebot4_ws/src/install/turtlebot4_gz_gui_plugins:/opt/ros/jazzy/opt/gz_sim_vendor:/opt/ros/jazzy/opt/gz_sensors_vendor:/opt/ros/jazzy/opt/gz_physics_vendor:/opt/ros/jazzy/opt/sdformat_vendor:/opt/ros/jazzy/opt/gz_gui_vendor:/opt/ros/jazzy/opt/gz_transport_vendor:/opt/ros/jazzy/opt/gz_rendering_vendor:/opt/ros/jazzy/opt/gz_plugin_vendor:/opt/ros/jazzy/opt/gz_fuel_tools_vendor:/opt/ros/jazzy/opt/gz_msgs_vendor:/opt/ros/jazzy/opt/gz_common_vendor:/opt/ros/jazzy/opt/gz_math_vendor:/opt/ros/jazzy/opt/gz_utils_vendor:/opt/ros/jazzy/opt/gz_tools_vendor:/opt/ros/jazzy/opt/gz_ogre_next_vendor:/opt/ros/jazzy/opt/gz_dartsim_vendor:/opt/ros/jazzy/opt/gz_cmake_vendor:/home/aashraey-vaid/turtlebot4_ws/install/turtlebot4_controller:/opt/ros/jazzy DEBUGINFOD_URLS=https://debuginfod.ubuntu.com /usr/bin/cmake --build /home/aashraey-vaid/turtlebot4_ws/src/build/turtlebot4_gz_bringup -- -j8 -l8
[3.314s] Invoked command in '/home/aashraey-vaid/turtlebot4_ws/src/build/turtlebot4_gz_bringup' returned '0': AMENT_PREFIX_PATH=/home/aashraey-vaid/turtlebot4_ws/src/install/turtlebot4_gz_toolbox:/home/aashraey-vaid/turtlebot4_ws/src/install/turtlebot4_gz_gui_plugins:${AMENT_PREFIX_PATH} CMAKE_PREFIX_PATH=/home/aashraey-vaid/turtlebot4_ws/src/install/turtlebot4_gz_toolbox:/home/aashraey-vaid/turtlebot4_ws/src/install/turtlebot4_gz_gui_plugins:/opt/ros/jazzy/opt/gz_sim_vendor:/opt/ros/jazzy/opt/gz_sensors_vendor:/opt/ros/jazzy/opt/gz_physics_vendor:/opt/ros/jazzy/opt/sdformat_vendor:/opt/ros/jazzy/opt/gz_gui_vendor:/opt/ros/jazzy/opt/gz_transport_vendor:/opt/ros/jazzy/opt/gz_rendering_vendor:/opt/ros/jazzy/opt/gz_plugin_vendor:/opt/ros/jazzy/opt/gz_fuel_tools_vendor:/opt/ros/jazzy/opt/gz_msgs_vendor:/opt/ros/jazzy/opt/gz_common_vendor:/opt/ros/jazzy/opt/gz_math_vendor:/opt/ros/jazzy/opt/gz_utils_vendor:/opt/ros/jazzy/opt/gz_tools_vendor:/opt/ros/jazzy/opt/gz_ogre_next_vendor:/opt/ros/jazzy/opt/gz_dartsim_vendor:/opt/ros/jazzy/opt/gz_cmake_vendor:/home/aashraey-vaid/turtlebot4_ws/install/turtlebot4_controller:/opt/ros/jazzy DEBUGINFOD_URLS=https://debuginfod.ubuntu.com /usr/bin/cmake --build /home/aashraey-vaid/turtlebot4_ws/src/build/turtlebot4_gz_bringup -- -j8 -l8
[3.316s] Invoking command in '/home/aashraey-vaid/turtlebot4_ws/src/build/turtlebot4_gz_bringup': AMENT_PREFIX_PATH=/home/aashraey-vaid/turtlebot4_ws/src/install/turtlebot4_gz_toolbox:/home/aashraey-vaid/turtlebot4_ws/src/install/turtlebot4_gz_gui_plugins:${AMENT_PREFIX_PATH} CMAKE_PREFIX_PATH=/home/aashraey-vaid/turtlebot4_ws/src/install/turtlebot4_gz_toolbox:/home/aashraey-vaid/turtlebot4_ws/src/install/turtlebot4_gz_gui_plugins:/opt/ros/jazzy/opt/gz_sim_vendor:/opt/ros/jazzy/opt/gz_sensors_vendor:/opt/ros/jazzy/opt/gz_physics_vendor:/opt/ros/jazzy/opt/sdformat_vendor:/opt/ros/jazzy/opt/gz_gui_vendor:/opt/ros/jazzy/opt/gz_transport_vendor:/opt/ros/jazzy/opt/gz_rendering_vendor:/opt/ros/jazzy/opt/gz_plugin_vendor:/opt/ros/jazzy/opt/gz_fuel_tools_vendor:/opt/ros/jazzy/opt/gz_msgs_vendor:/opt/ros/jazzy/opt/gz_common_vendor:/opt/ros/jazzy/opt/gz_math_vendor:/opt/ros/jazzy/opt/gz_utils_vendor:/opt/ros/jazzy/opt/gz_tools_vendor:/opt/ros/jazzy/opt/gz_ogre_next_vendor:/opt/ros/jazzy/opt/gz_dartsim_vendor:/opt/ros/jazzy/opt/gz_cmake_vendor:/home/aashraey-vaid/turtlebot4_ws/install/turtlebot4_controller:/opt/ros/jazzy DEBUGINFOD_URLS=https://debuginfod.ubuntu.com /usr/bin/cmake --install /home/aashraey-vaid/turtlebot4_ws/src/build/turtlebot4_gz_bringup
[3.341s] -- Install configuration: ""
[3.342s] -- Execute custom install script
[3.344s] -- Symlinking: /home/aashraey-vaid/turtlebot4_ws/src/install/turtlebot4_gz_bringup/share/turtlebot4_gz_bringup/config/turtlebot4_node.yaml
[3.374s] -- Symlinking: /home/aashraey-vaid/turtlebot4_ws/src/install/turtlebot4_gz_bringup/share/turtlebot4_gz_bringup/gui/lite/gui.config
[3.403s] -- Symlinking: /home/aashraey-vaid/turtlebot4_ws/src/install/turtlebot4_gz_bringup/share/turtlebot4_gz_bringup/gui/standard/gui.config
[3.433s] -- Symlinking: /home/aashraey-vaid/turtlebot4_ws/src/install/turtlebot4_gz_bringup/share/turtlebot4_gz_bringup/launch/ros_gz_bridge.launch.py
[3.462s] -- Symlinking: /home/aashraey-vaid/turtlebot4_ws/src/install/turtlebot4_gz_bringup/share/turtlebot4_gz_bringup/launch/sim.launch.py
[3.492s] -- Symlinking: /home/aashraey-vaid/turtlebot4_ws/src/install/turtlebot4_gz_bringup/share/turtlebot4_gz_bringup/launch/turtlebot4_gz.launch.py
[3.521s] -- Symlinking: /home/aashraey-vaid/turtlebot4_ws/src/install/turtlebot4_gz_bringup/share/turtlebot4_gz_bringup/launch/turtlebot4_nodes.launch.py
[3.552s] -- Symlinking: /home/aashraey-vaid/turtlebot4_ws/src/install/turtlebot4_gz_bringup/share/turtlebot4_gz_bringup/launch/turtlebot4_spawn.launch.py
[3.583s] -- Symlinking: /home/aashraey-vaid/turtlebot4_ws/src/install/turtlebot4_gz_bringup/share/turtlebot4_gz_bringup/worlds/depot.sdf
[3.613s] -- Symlinking: /home/aashraey-vaid/turtlebot4_ws/src/install/turtlebot4_gz_bringup/share/turtlebot4_gz_bringup/worlds/maze.sdf
[3.642s] -- Symlinking: /home/aashraey-vaid/turtlebot4_ws/src/install/turtlebot4_gz_bringup/share/turtlebot4_gz_bringup/worlds/warehouse.sdf
[3.672s] -- Symlinking: /home/aashraey-vaid/turtlebot4_ws/src/install/turtlebot4_gz_bringup/share/ament_index/resource_index/package_run_dependencies/turtlebot4_gz_bringup
[3.703s] -- Symlinking: /home/aashraey-vaid/turtlebot4_ws/src/install/turtlebot4_gz_bringup/share/ament_index/resource_index/parent_prefix_path/turtlebot4_gz_bringup
[3.734s] -- Symlinking: /home/aashraey-vaid/turtlebot4_ws/src/install/turtlebot4_gz_bringup/share/turtlebot4_gz_bringup/environment/ament_prefix_path.sh
[3.763s] -- Symlinking: /home/aashraey-vaid/turtlebot4_ws/src/install/turtlebot4_gz_bringup/share/turtlebot4_gz_bringup/environment/ament_prefix_path.dsv
[3.794s] -- Symlinking: /home/aashraey-vaid/turtlebot4_ws/src/install/turtlebot4_gz_bringup/share/turtlebot4_gz_bringup/environment/path.sh
[3.824s] -- Symlinking: /home/aashraey-vaid/turtlebot4_ws/src/install/turtlebot4_gz_bringup/share/turtlebot4_gz_bringup/environment/path.dsv
[3.853s] -- Symlinking: /home/aashraey-vaid/turtlebot4_ws/src/install/turtlebot4_gz_bringup/share/turtlebot4_gz_bringup/local_setup.bash
[3.882s] -- Symlinking: /home/aashraey-vaid/turtlebot4_ws/src/install/turtlebot4_gz_bringup/share/turtlebot4_gz_bringup/local_setup.sh
[3.911s] -- Symlinking: /home/aashraey-vaid/turtlebot4_ws/src/install/turtlebot4_gz_bringup/share/turtlebot4_gz_bringup/local_setup.zsh
[3.942s] -- Symlinking: /home/aashraey-vaid/turtlebot4_ws/src/install/turtlebot4_gz_bringup/share/turtlebot4_gz_bringup/local_setup.dsv
[3.973s] -- Symlinking: /home/aashraey-vaid/turtlebot4_ws/src/install/turtlebot4_gz_bringup/share/turtlebot4_gz_bringup/package.dsv
[4.002s] -- Symlinking: /home/aashraey-vaid/turtlebot4_ws/src/install/turtlebot4_gz_bringup/share/ament_index/resource_index/packages/turtlebot4_gz_bringup
[4.031s] -- Symlinking: /home/aashraey-vaid/turtlebot4_ws/src/install/turtlebot4_gz_bringup/share/turtlebot4_gz_bringup/cmake/turtlebot4_gz_bringupConfig.cmake
[4.063s] -- Symlinking: /home/aashraey-vaid/turtlebot4_ws/src/install/turtlebot4_gz_bringup/share/turtlebot4_gz_bringup/cmake/turtlebot4_gz_bringupConfig-version.cmake
[4.092s] -- Symlinking: /home/aashraey-vaid/turtlebot4_ws/src/install/turtlebot4_gz_bringup/share/turtlebot4_gz_bringup/package.xml
[4.128s] Invoked command in '/home/aashraey-vaid/turtlebot4_ws/src/build/turtlebot4_gz_bringup' returned '0': AMENT_PREFIX_PATH=/home/aashraey-vaid/turtlebot4_ws/src/install/turtlebot4_gz_toolbox:/home/aashraey-vaid/turtlebot4_ws/src/install/turtlebot4_gz_gui_plugins:${AMENT_PREFIX_PATH} CMAKE_PREFIX_PATH=/home/aashraey-vaid/turtlebot4_ws/src/install/turtlebot4_gz_toolbox:/home/aashraey-vaid/turtlebot4_ws/src/install/turtlebot4_gz_gui_plugins:/opt/ros/jazzy/opt/gz_sim_vendor:/opt/ros/jazzy/opt/gz_sensors_vendor:/opt/ros/jazzy/opt/gz_physics_vendor:/opt/ros/jazzy/opt/sdformat_vendor:/opt/ros/jazzy/opt/gz_gui_vendor:/opt/ros/jazzy/opt/gz_transport_vendor:/opt/ros/jazzy/opt/gz_rendering_vendor:/opt/ros/jazzy/opt/gz_plugin_vendor:/opt/ros/jazzy/opt/gz_fuel_tools_vendor:/opt/ros/jazzy/opt/gz_msgs_vendor:/opt/ros/jazzy/opt/gz_common_vendor:/opt/ros/jazzy/opt/gz_math_vendor:/opt/ros/jazzy/opt/gz_utils_vendor:/opt/ros/jazzy/opt/gz_tools_vendor:/opt/ros/jazzy/opt/gz_ogre_next_vendor:/opt/ros/jazzy/opt/gz_dartsim_vendor:/opt/ros/jazzy/opt/gz_cmake_vendor:/home/aashraey-vaid/turtlebot4_ws/install/turtlebot4_controller:/opt/ros/jazzy DEBUGINFOD_URLS=https://debuginfod.ubuntu.com /usr/bin/cmake --install /home/aashraey-vaid/turtlebot4_ws/src/build/turtlebot4_gz_bringup
