[0.432s] DEBUG:colcon:Command line arguments: ['/usr/bin/colcon', 'build']
[0.432s] DEBUG:colcon:Parsed command line arguments: Namespace(log_base=None, log_level=None, verb_name='build', build_base='build', install_base='install', merge_install=False, symlink_install=False, test_result_base=None, continue_on_error=False, executor='parallel', parallel_workers=8, event_handlers=None, ignore_user_meta=False, metas=['./colcon.meta'], base_paths=['.'], packages_ignore=None, packages_ignore_regex=None, paths=None, packages_up_to=None, packages_up_to_regex=None, packages_above=None, packages_above_and_dependencies=None, packages_above_depth=None, packages_select_by_dep=None, packages_skip_by_dep=None, packages_skip_up_to=None, packages_select_build_failed=False, packages_skip_build_finished=False, packages_select_test_failures=False, packages_skip_test_passed=False, packages_select=None, packages_skip=None, packages_select_regex=None, packages_skip_regex=None, packages_start=None, packages_end=None, allow_overriding=[], cmake_args=None, cmake_target=None, cmake_target_skip_unavailable=False, cmake_clean_cache=False, cmake_clean_first=False, cmake_force_configure=False, ament_cmake_args=None, catkin_cmake_args=None, catkin_skip_building_tests=False, mixin_files=None, mixin=None, verb_parser=<colcon_mixin.mixin.mixin_argument.MixinArgumentDecorator object at 0x7932421a3860>, verb_extension=<colcon_core.verb.build.BuildVerb object at 0x793242888bc0>, main=<bound method BuildVerb.main of <colcon_core.verb.build.BuildVerb object at 0x793242888bc0>>, mixin_verb=('build',))
[0.566s] Level 1:colcon.colcon_core.package_discovery:discover_packages(colcon_meta) check parameters
[0.566s] Level 1:colcon.colcon_core.package_discovery:discover_packages(recursive) check parameters
[0.566s] Level 1:colcon.colcon_core.package_discovery:discover_packages(ignore) check parameters
[0.567s] Level 1:colcon.colcon_core.package_discovery:discover_packages(path) check parameters
[0.567s] Level 1:colcon.colcon_core.package_discovery:discover_packages(colcon_meta) discover
[0.567s] Level 1:colcon.colcon_core.package_discovery:discover_packages(recursive) discover
[0.567s] INFO:colcon.colcon_core.package_discovery:Crawling recursively for packages in '/home/aashraey-vaid/turtlebot4_ws'
[0.567s] Level 1:colcon.colcon_core.package_identification:_identify(.) by extensions ['ignore', 'ignore_ament_install']
[0.568s] Level 1:colcon.colcon_core.package_identification:_identify(.) by extension 'ignore'
[0.568s] Level 1:colcon.colcon_core.package_identification:_identify(.) by extension 'ignore_ament_install'
[0.568s] Level 1:colcon.colcon_core.package_identification:_identify(.) by extensions ['colcon_pkg']
[0.568s] Level 1:colcon.colcon_core.package_identification:_identify(.) by extension 'colcon_pkg'
[0.569s] Level 1:colcon.colcon_core.package_identification:_identify(.) by extensions ['colcon_meta']
[0.569s] Level 1:colcon.colcon_core.package_identification:_identify(.) by extension 'colcon_meta'
[0.569s] Level 1:colcon.colcon_core.package_identification:_identify(.) by extensions ['ros']
[0.569s] Level 1:colcon.colcon_core.package_identification:_identify(.) by extension 'ros'
[0.656s] Level 1:colcon.colcon_core.package_identification:_identify(.) by extensions ['cmake', 'python']
[0.656s] Level 1:colcon.colcon_core.package_identification:_identify(.) by extension 'cmake'
[0.657s] Level 1:colcon.colcon_core.package_identification:_identify(.) by extension 'python'
[0.657s] Level 1:colcon.colcon_core.package_identification:_identify(.) by extensions ['python_setup_py']
[0.657s] Level 1:colcon.colcon_core.package_identification:_identify(.) by extension 'python_setup_py'
[0.658s] Level 1:colcon.colcon_core.package_identification:_identify(build) by extensions ['ignore', 'ignore_ament_install']
[0.658s] Level 1:colcon.colcon_core.package_identification:_identify(build) by extension 'ignore'
[0.659s] Level 1:colcon.colcon_core.package_identification:_identify(build) ignored
[0.659s] Level 1:colcon.colcon_core.package_identification:_identify(install) by extensions ['ignore', 'ignore_ament_install']
[0.660s] Level 1:colcon.colcon_core.package_identification:_identify(install) by extension 'ignore'
[0.660s] Level 1:colcon.colcon_core.package_identification:_identify(install) ignored
[0.661s] Level 1:colcon.colcon_core.package_identification:_identify(log) by extensions ['ignore', 'ignore_ament_install']
[0.661s] Level 1:colcon.colcon_core.package_identification:_identify(log) by extension 'ignore'
[0.661s] Level 1:colcon.colcon_core.package_identification:_identify(log) ignored
[0.661s] Level 1:colcon.colcon_core.package_identification:_identify(src) by extensions ['ignore', 'ignore_ament_install']
[0.662s] Level 1:colcon.colcon_core.package_identification:_identify(src) by extension 'ignore'
[0.662s] Level 1:colcon.colcon_core.package_identification:_identify(src) by extension 'ignore_ament_install'
[0.662s] Level 1:colcon.colcon_core.package_identification:_identify(src) by extensions ['colcon_pkg']
[0.662s] Level 1:colcon.colcon_core.package_identification:_identify(src) by extension 'colcon_pkg'
[0.662s] Level 1:colcon.colcon_core.package_identification:_identify(src) by extensions ['colcon_meta']
[0.662s] Level 1:colcon.colcon_core.package_identification:_identify(src) by extension 'colcon_meta'
[0.662s] Level 1:colcon.colcon_core.package_identification:_identify(src) by extensions ['ros']
[0.663s] Level 1:colcon.colcon_core.package_identification:_identify(src) by extension 'ros'
[0.663s] Level 1:colcon.colcon_core.package_identification:_identify(src) by extensions ['cmake', 'python']
[0.663s] Level 1:colcon.colcon_core.package_identification:_identify(src) by extension 'cmake'
[0.663s] Level 1:colcon.colcon_core.package_identification:_identify(src) by extension 'python'
[0.663s] Level 1:colcon.colcon_core.package_identification:_identify(src) by extensions ['python_setup_py']
[0.663s] Level 1:colcon.colcon_core.package_identification:_identify(src) by extension 'python_setup_py'
[0.664s] Level 1:colcon.colcon_core.package_identification:_identify(src/build) by extensions ['ignore', 'ignore_ament_install']
[0.664s] Level 1:colcon.colcon_core.package_identification:_identify(src/build) by extension 'ignore'
[0.664s] Level 1:colcon.colcon_core.package_identification:_identify(src/build) ignored
[0.665s] Level 1:colcon.colcon_core.package_identification:_identify(src/install) by extensions ['ignore', 'ignore_ament_install']
[0.665s] Level 1:colcon.colcon_core.package_identification:_identify(src/install) by extension 'ignore'
[0.665s] Level 1:colcon.colcon_core.package_identification:_identify(src/install) ignored
[0.665s] Level 1:colcon.colcon_core.package_identification:_identify(src/log) by extensions ['ignore', 'ignore_ament_install']
[0.666s] Level 1:colcon.colcon_core.package_identification:_identify(src/log) by extension 'ignore'
[0.666s] Level 1:colcon.colcon_core.package_identification:_identify(src/log) ignored
[0.666s] Level 1:colcon.colcon_core.package_identification:_identify(src/turtlebot4_controller) by extensions ['ignore', 'ignore_ament_install']
[0.667s] Level 1:colcon.colcon_core.package_identification:_identify(src/turtlebot4_controller) by extension 'ignore'
[0.667s] Level 1:colcon.colcon_core.package_identification:_identify(src/turtlebot4_controller) by extension 'ignore_ament_install'
[0.668s] Level 1:colcon.colcon_core.package_identification:_identify(src/turtlebot4_controller) by extensions ['colcon_pkg']
[0.668s] Level 1:colcon.colcon_core.package_identification:_identify(src/turtlebot4_controller) by extension 'colcon_pkg'
[0.669s] Level 1:colcon.colcon_core.package_identification:_identify(src/turtlebot4_controller) by extensions ['colcon_meta']
[0.669s] Level 1:colcon.colcon_core.package_identification:_identify(src/turtlebot4_controller) by extension 'colcon_meta'
[0.669s] Level 1:colcon.colcon_core.package_identification:_identify(src/turtlebot4_controller) by extensions ['ros']
[0.669s] Level 1:colcon.colcon_core.package_identification:_identify(src/turtlebot4_controller) by extension 'ros'
[0.677s] DEBUG:colcon.colcon_core.package_identification:Package 'src/turtlebot4_controller' with type 'ros.ament_python' and name 'turtlebot4_controller'
[0.677s] Level 1:colcon.colcon_core.package_identification:_identify(src/turtlebot4_simulator) by extensions ['ignore', 'ignore_ament_install']
[0.678s] Level 1:colcon.colcon_core.package_identification:_identify(src/turtlebot4_simulator) by extension 'ignore'
[0.678s] Level 1:colcon.colcon_core.package_identification:_identify(src/turtlebot4_simulator) by extension 'ignore_ament_install'
[0.678s] Level 1:colcon.colcon_core.package_identification:_identify(src/turtlebot4_simulator) by extensions ['colcon_pkg']
[0.678s] Level 1:colcon.colcon_core.package_identification:_identify(src/turtlebot4_simulator) by extension 'colcon_pkg'
[0.679s] Level 1:colcon.colcon_core.package_identification:_identify(src/turtlebot4_simulator) by extensions ['colcon_meta']
[0.679s] Level 1:colcon.colcon_core.package_identification:_identify(src/turtlebot4_simulator) by extension 'colcon_meta'
[0.679s] Level 1:colcon.colcon_core.package_identification:_identify(src/turtlebot4_simulator) by extensions ['ros']
[0.679s] Level 1:colcon.colcon_core.package_identification:_identify(src/turtlebot4_simulator) by extension 'ros'
[0.679s] Level 1:colcon.colcon_core.package_identification:_identify(src/turtlebot4_simulator) by extensions ['cmake', 'python']
[0.679s] Level 1:colcon.colcon_core.package_identification:_identify(src/turtlebot4_simulator) by extension 'cmake'
[0.679s] Level 1:colcon.colcon_core.package_identification:_identify(src/turtlebot4_simulator) by extension 'python'
[0.680s] Level 1:colcon.colcon_core.package_identification:_identify(src/turtlebot4_simulator) by extensions ['python_setup_py']
[0.680s] Level 1:colcon.colcon_core.package_identification:_identify(src/turtlebot4_simulator) by extension 'python_setup_py'
[0.680s] Level 1:colcon.colcon_core.package_identification:_identify(src/turtlebot4_simulator/turtlebot4_gz_bringup) by extensions ['ignore', 'ignore_ament_install']
[0.680s] Level 1:colcon.colcon_core.package_identification:_identify(src/turtlebot4_simulator/turtlebot4_gz_bringup) by extension 'ignore'
[0.681s] Level 1:colcon.colcon_core.package_identification:_identify(src/turtlebot4_simulator/turtlebot4_gz_bringup) by extension 'ignore_ament_install'
[0.681s] Level 1:colcon.colcon_core.package_identification:_identify(src/turtlebot4_simulator/turtlebot4_gz_bringup) by extensions ['colcon_pkg']
[0.681s] Level 1:colcon.colcon_core.package_identification:_identify(src/turtlebot4_simulator/turtlebot4_gz_bringup) by extension 'colcon_pkg'
[0.681s] Level 1:colcon.colcon_core.package_identification:_identify(src/turtlebot4_simulator/turtlebot4_gz_bringup) by extensions ['colcon_meta']
[0.681s] Level 1:colcon.colcon_core.package_identification:_identify(src/turtlebot4_simulator/turtlebot4_gz_bringup) by extension 'colcon_meta'
[0.681s] Level 1:colcon.colcon_core.package_identification:_identify(src/turtlebot4_simulator/turtlebot4_gz_bringup) by extensions ['ros']
[0.681s] Level 1:colcon.colcon_core.package_identification:_identify(src/turtlebot4_simulator/turtlebot4_gz_bringup) by extension 'ros'
[0.688s] DEBUG:colcon.colcon_core.package_identification:Package 'src/turtlebot4_simulator/turtlebot4_gz_bringup' with type 'ros.ament_cmake' and name 'turtlebot4_gz_bringup'
[0.688s] Level 1:colcon.colcon_core.package_identification:_identify(src/turtlebot4_simulator/turtlebot4_gz_gui_plugins) by extensions ['ignore', 'ignore_ament_install']
[0.688s] Level 1:colcon.colcon_core.package_identification:_identify(src/turtlebot4_simulator/turtlebot4_gz_gui_plugins) by extension 'ignore'
[0.688s] Level 1:colcon.colcon_core.package_identification:_identify(src/turtlebot4_simulator/turtlebot4_gz_gui_plugins) by extension 'ignore_ament_install'
[0.689s] Level 1:colcon.colcon_core.package_identification:_identify(src/turtlebot4_simulator/turtlebot4_gz_gui_plugins) by extensions ['colcon_pkg']
[0.689s] Level 1:colcon.colcon_core.package_identification:_identify(src/turtlebot4_simulator/turtlebot4_gz_gui_plugins) by extension 'colcon_pkg'
[0.689s] Level 1:colcon.colcon_core.package_identification:_identify(src/turtlebot4_simulator/turtlebot4_gz_gui_plugins) by extensions ['colcon_meta']
[0.689s] Level 1:colcon.colcon_core.package_identification:_identify(src/turtlebot4_simulator/turtlebot4_gz_gui_plugins) by extension 'colcon_meta'
[0.689s] Level 1:colcon.colcon_core.package_identification:_identify(src/turtlebot4_simulator/turtlebot4_gz_gui_plugins) by extensions ['ros']
[0.689s] Level 1:colcon.colcon_core.package_identification:_identify(src/turtlebot4_simulator/turtlebot4_gz_gui_plugins) by extension 'ros'
[0.691s] DEBUG:colcon.colcon_core.package_identification:Package 'src/turtlebot4_simulator/turtlebot4_gz_gui_plugins' with type 'ros.ament_cmake' and name 'turtlebot4_gz_gui_plugins'
[0.692s] Level 1:colcon.colcon_core.package_identification:_identify(src/turtlebot4_simulator/turtlebot4_gz_toolbox) by extensions ['ignore', 'ignore_ament_install']
[0.692s] Level 1:colcon.colcon_core.package_identification:_identify(src/turtlebot4_simulator/turtlebot4_gz_toolbox) by extension 'ignore'
[0.692s] Level 1:colcon.colcon_core.package_identification:_identify(src/turtlebot4_simulator/turtlebot4_gz_toolbox) by extension 'ignore_ament_install'
[0.693s] Level 1:colcon.colcon_core.package_identification:_identify(src/turtlebot4_simulator/turtlebot4_gz_toolbox) by extensions ['colcon_pkg']
[0.693s] Level 1:colcon.colcon_core.package_identification:_identify(src/turtlebot4_simulator/turtlebot4_gz_toolbox) by extension 'colcon_pkg'
[0.693s] Level 1:colcon.colcon_core.package_identification:_identify(src/turtlebot4_simulator/turtlebot4_gz_toolbox) by extensions ['colcon_meta']
[0.693s] Level 1:colcon.colcon_core.package_identification:_identify(src/turtlebot4_simulator/turtlebot4_gz_toolbox) by extension 'colcon_meta'
[0.693s] Level 1:colcon.colcon_core.package_identification:_identify(src/turtlebot4_simulator/turtlebot4_gz_toolbox) by extensions ['ros']
[0.693s] Level 1:colcon.colcon_core.package_identification:_identify(src/turtlebot4_simulator/turtlebot4_gz_toolbox) by extension 'ros'
[0.696s] DEBUG:colcon.colcon_core.package_identification:Package 'src/turtlebot4_simulator/turtlebot4_gz_toolbox' with type 'ros.ament_cmake' and name 'turtlebot4_gz_toolbox'
[0.696s] Level 1:colcon.colcon_core.package_identification:_identify(src/turtlebot4_simulator/turtlebot4_simulator) by extensions ['ignore', 'ignore_ament_install']
[0.697s] Level 1:colcon.colcon_core.package_identification:_identify(src/turtlebot4_simulator/turtlebot4_simulator) by extension 'ignore'
[0.697s] Level 1:colcon.colcon_core.package_identification:_identify(src/turtlebot4_simulator/turtlebot4_simulator) by extension 'ignore_ament_install'
[0.697s] Level 1:colcon.colcon_core.package_identification:_identify(src/turtlebot4_simulator/turtlebot4_simulator) by extensions ['colcon_pkg']
[0.697s] Level 1:colcon.colcon_core.package_identification:_identify(src/turtlebot4_simulator/turtlebot4_simulator) by extension 'colcon_pkg'
[0.697s] Level 1:colcon.colcon_core.package_identification:_identify(src/turtlebot4_simulator/turtlebot4_simulator) by extensions ['colcon_meta']
[0.697s] Level 1:colcon.colcon_core.package_identification:_identify(src/turtlebot4_simulator/turtlebot4_simulator) by extension 'colcon_meta'
[0.697s] Level 1:colcon.colcon_core.package_identification:_identify(src/turtlebot4_simulator/turtlebot4_simulator) by extensions ['ros']
[0.698s] Level 1:colcon.colcon_core.package_identification:_identify(src/turtlebot4_simulator/turtlebot4_simulator) by extension 'ros'
[0.700s] DEBUG:colcon.colcon_core.package_identification:Package 'src/turtlebot4_simulator/turtlebot4_simulator' with type 'ros.ament_cmake' and name 'turtlebot4_simulator'
[0.700s] Level 1:colcon.colcon_core.package_discovery:discover_packages(recursive) using defaults
[0.700s] Level 1:colcon.colcon_core.package_discovery:discover_packages(ignore) discover
[0.700s] Level 1:colcon.colcon_core.package_discovery:discover_packages(ignore) using defaults
[0.700s] Level 1:colcon.colcon_core.package_discovery:discover_packages(path) discover
[0.700s] Level 1:colcon.colcon_core.package_discovery:discover_packages(path) using defaults
[0.767s] Level 1:colcon.colcon_core.package_discovery:discover_packages(prefix_path) check parameters
[0.767s] Level 1:colcon.colcon_core.package_discovery:discover_packages(prefix_path) discover
[0.777s] DEBUG:colcon.colcon_installed_package_information.package_discovery:Found 5 installed packages in /home/aashraey-vaid/turtlebot4_ws/install
[0.785s] DEBUG:colcon.colcon_installed_package_information.package_discovery:Found 432 installed packages in /opt/ros/jazzy
[0.789s] Level 1:colcon.colcon_core.package_discovery:discover_packages(prefix_path) using defaults
[1.021s] Level 5:colcon.colcon_core.verb:set package 'turtlebot4_controller' build argument 'cmake_args' from command line to 'None'
[1.021s] Level 5:colcon.colcon_core.verb:set package 'turtlebot4_controller' build argument 'cmake_target' from command line to 'None'
[1.021s] Level 5:colcon.colcon_core.verb:set package 'turtlebot4_controller' build argument 'cmake_target_skip_unavailable' from command line to 'False'
[1.021s] Level 5:colcon.colcon_core.verb:set package 'turtlebot4_controller' build argument 'cmake_clean_cache' from command line to 'False'
[1.021s] Level 5:colcon.colcon_core.verb:set package 'turtlebot4_controller' build argument 'cmake_clean_first' from command line to 'False'
[1.021s] Level 5:colcon.colcon_core.verb:set package 'turtlebot4_controller' build argument 'cmake_force_configure' from command line to 'False'
[1.021s] Level 5:colcon.colcon_core.verb:set package 'turtlebot4_controller' build argument 'ament_cmake_args' from command line to 'None'
[1.021s] Level 5:colcon.colcon_core.verb:set package 'turtlebot4_controller' build argument 'catkin_cmake_args' from command line to 'None'
[1.021s] Level 5:colcon.colcon_core.verb:set package 'turtlebot4_controller' build argument 'catkin_skip_building_tests' from command line to 'False'
[1.022s] DEBUG:colcon.colcon_core.verb:Building package 'turtlebot4_controller' with the following arguments: {'ament_cmake_args': None, 'build_base': '/home/aashraey-vaid/turtlebot4_ws/build/turtlebot4_controller', 'catkin_cmake_args': None, 'catkin_skip_building_tests': False, 'cmake_args': None, 'cmake_clean_cache': False, 'cmake_clean_first': False, 'cmake_force_configure': False, 'cmake_target': None, 'cmake_target_skip_unavailable': False, 'install_base': '/home/aashraey-vaid/turtlebot4_ws/install/turtlebot4_controller', 'merge_install': False, 'path': '/home/aashraey-vaid/turtlebot4_ws/src/turtlebot4_controller', 'symlink_install': False, 'test_result_base': None}
[1.023s] Level 5:colcon.colcon_core.verb:set package 'turtlebot4_gz_gui_plugins' build argument 'cmake_args' from command line to 'None'
[1.023s] Level 5:colcon.colcon_core.verb:set package 'turtlebot4_gz_gui_plugins' build argument 'cmake_target' from command line to 'None'
[1.023s] Level 5:colcon.colcon_core.verb:set package 'turtlebot4_gz_gui_plugins' build argument 'cmake_target_skip_unavailable' from command line to 'False'
[1.023s] Level 5:colcon.colcon_core.verb:set package 'turtlebot4_gz_gui_plugins' build argument 'cmake_clean_cache' from command line to 'False'
[1.023s] Level 5:colcon.colcon_core.verb:set package 'turtlebot4_gz_gui_plugins' build argument 'cmake_clean_first' from command line to 'False'
[1.023s] Level 5:colcon.colcon_core.verb:set package 'turtlebot4_gz_gui_plugins' build argument 'cmake_force_configure' from command line to 'False'
[1.023s] Level 5:colcon.colcon_core.verb:set package 'turtlebot4_gz_gui_plugins' build argument 'ament_cmake_args' from command line to 'None'
[1.023s] Level 5:colcon.colcon_core.verb:set package 'turtlebot4_gz_gui_plugins' build argument 'catkin_cmake_args' from command line to 'None'
[1.023s] Level 5:colcon.colcon_core.verb:set package 'turtlebot4_gz_gui_plugins' build argument 'catkin_skip_building_tests' from command line to 'False'
[1.023s] DEBUG:colcon.colcon_core.verb:Building package 'turtlebot4_gz_gui_plugins' with the following arguments: {'ament_cmake_args': None, 'build_base': '/home/aashraey-vaid/turtlebot4_ws/build/turtlebot4_gz_gui_plugins', 'catkin_cmake_args': None, 'catkin_skip_building_tests': False, 'cmake_args': None, 'cmake_clean_cache': False, 'cmake_clean_first': False, 'cmake_force_configure': False, 'cmake_target': None, 'cmake_target_skip_unavailable': False, 'install_base': '/home/aashraey-vaid/turtlebot4_ws/install/turtlebot4_gz_gui_plugins', 'merge_install': False, 'path': '/home/aashraey-vaid/turtlebot4_ws/src/turtlebot4_simulator/turtlebot4_gz_gui_plugins', 'symlink_install': False, 'test_result_base': None}
[1.024s] Level 5:colcon.colcon_core.verb:set package 'turtlebot4_gz_toolbox' build argument 'cmake_args' from command line to 'None'
[1.025s] Level 5:colcon.colcon_core.verb:set package 'turtlebot4_gz_toolbox' build argument 'cmake_target' from command line to 'None'
[1.025s] Level 5:colcon.colcon_core.verb:set package 'turtlebot4_gz_toolbox' build argument 'cmake_target_skip_unavailable' from command line to 'False'
[1.025s] Level 5:colcon.colcon_core.verb:set package 'turtlebot4_gz_toolbox' build argument 'cmake_clean_cache' from command line to 'False'
[1.025s] Level 5:colcon.colcon_core.verb:set package 'turtlebot4_gz_toolbox' build argument 'cmake_clean_first' from command line to 'False'
[1.025s] Level 5:colcon.colcon_core.verb:set package 'turtlebot4_gz_toolbox' build argument 'cmake_force_configure' from command line to 'False'
[1.025s] Level 5:colcon.colcon_core.verb:set package 'turtlebot4_gz_toolbox' build argument 'ament_cmake_args' from command line to 'None'
[1.025s] Level 5:colcon.colcon_core.verb:set package 'turtlebot4_gz_toolbox' build argument 'catkin_cmake_args' from command line to 'None'
[1.025s] Level 5:colcon.colcon_core.verb:set package 'turtlebot4_gz_toolbox' build argument 'catkin_skip_building_tests' from command line to 'False'
[1.025s] DEBUG:colcon.colcon_core.verb:Building package 'turtlebot4_gz_toolbox' with the following arguments: {'ament_cmake_args': None, 'build_base': '/home/aashraey-vaid/turtlebot4_ws/build/turtlebot4_gz_toolbox', 'catkin_cmake_args': None, 'catkin_skip_building_tests': False, 'cmake_args': None, 'cmake_clean_cache': False, 'cmake_clean_first': False, 'cmake_force_configure': False, 'cmake_target': None, 'cmake_target_skip_unavailable': False, 'install_base': '/home/aashraey-vaid/turtlebot4_ws/install/turtlebot4_gz_toolbox', 'merge_install': False, 'path': '/home/aashraey-vaid/turtlebot4_ws/src/turtlebot4_simulator/turtlebot4_gz_toolbox', 'symlink_install': False, 'test_result_base': None}
[1.026s] Level 5:colcon.colcon_core.verb:set package 'turtlebot4_gz_bringup' build argument 'cmake_args' from command line to 'None'
[1.026s] Level 5:colcon.colcon_core.verb:set package 'turtlebot4_gz_bringup' build argument 'cmake_target' from command line to 'None'
[1.027s] Level 5:colcon.colcon_core.verb:set package 'turtlebot4_gz_bringup' build argument 'cmake_target_skip_unavailable' from command line to 'False'
[1.027s] Level 5:colcon.colcon_core.verb:set package 'turtlebot4_gz_bringup' build argument 'cmake_clean_cache' from command line to 'False'
[1.027s] Level 5:colcon.colcon_core.verb:set package 'turtlebot4_gz_bringup' build argument 'cmake_clean_first' from command line to 'False'
[1.027s] Level 5:colcon.colcon_core.verb:set package 'turtlebot4_gz_bringup' build argument 'cmake_force_configure' from command line to 'False'
[1.027s] Level 5:colcon.colcon_core.verb:set package 'turtlebot4_gz_bringup' build argument 'ament_cmake_args' from command line to 'None'
[1.027s] Level 5:colcon.colcon_core.verb:set package 'turtlebot4_gz_bringup' build argument 'catkin_cmake_args' from command line to 'None'
[1.027s] Level 5:colcon.colcon_core.verb:set package 'turtlebot4_gz_bringup' build argument 'catkin_skip_building_tests' from command line to 'False'
[1.027s] DEBUG:colcon.colcon_core.verb:Building package 'turtlebot4_gz_bringup' with the following arguments: {'ament_cmake_args': None, 'build_base': '/home/aashraey-vaid/turtlebot4_ws/build/turtlebot4_gz_bringup', 'catkin_cmake_args': None, 'catkin_skip_building_tests': False, 'cmake_args': None, 'cmake_clean_cache': False, 'cmake_clean_first': False, 'cmake_force_configure': False, 'cmake_target': None, 'cmake_target_skip_unavailable': False, 'install_base': '/home/aashraey-vaid/turtlebot4_ws/install/turtlebot4_gz_bringup', 'merge_install': False, 'path': '/home/aashraey-vaid/turtlebot4_ws/src/turtlebot4_simulator/turtlebot4_gz_bringup', 'symlink_install': False, 'test_result_base': None}
[1.028s] Level 5:colcon.colcon_core.verb:set package 'turtlebot4_simulator' build argument 'cmake_args' from command line to 'None'
[1.028s] Level 5:colcon.colcon_core.verb:set package 'turtlebot4_simulator' build argument 'cmake_target' from command line to 'None'
[1.028s] Level 5:colcon.colcon_core.verb:set package 'turtlebot4_simulator' build argument 'cmake_target_skip_unavailable' from command line to 'False'
[1.028s] Level 5:colcon.colcon_core.verb:set package 'turtlebot4_simulator' build argument 'cmake_clean_cache' from command line to 'False'
[1.028s] Level 5:colcon.colcon_core.verb:set package 'turtlebot4_simulator' build argument 'cmake_clean_first' from command line to 'False'
[1.028s] Level 5:colcon.colcon_core.verb:set package 'turtlebot4_simulator' build argument 'cmake_force_configure' from command line to 'False'
[1.029s] Level 5:colcon.colcon_core.verb:set package 'turtlebot4_simulator' build argument 'ament_cmake_args' from command line to 'None'
[1.029s] Level 5:colcon.colcon_core.verb:set package 'turtlebot4_simulator' build argument 'catkin_cmake_args' from command line to 'None'
[1.029s] Level 5:colcon.colcon_core.verb:set package 'turtlebot4_simulator' build argument 'catkin_skip_building_tests' from command line to 'False'
[1.029s] DEBUG:colcon.colcon_core.verb:Building package 'turtlebot4_simulator' with the following arguments: {'ament_cmake_args': None, 'build_base': '/home/aashraey-vaid/turtlebot4_ws/build/turtlebot4_simulator', 'catkin_cmake_args': None, 'catkin_skip_building_tests': False, 'cmake_args': None, 'cmake_clean_cache': False, 'cmake_clean_first': False, 'cmake_force_configure': False, 'cmake_target': None, 'cmake_target_skip_unavailable': False, 'install_base': '/home/aashraey-vaid/turtlebot4_ws/install/turtlebot4_simulator', 'merge_install': False, 'path': '/home/aashraey-vaid/turtlebot4_ws/src/turtlebot4_simulator/turtlebot4_simulator', 'symlink_install': False, 'test_result_base': None}
[1.029s] INFO:colcon.colcon_core.executor:Executing jobs using 'parallel' executor
[1.032s] DEBUG:colcon.colcon_parallel_executor.executor.parallel:run_until_complete
[1.032s] INFO:colcon.colcon_ros.task.ament_cmake.build:Building ROS package in '/home/aashraey-vaid/turtlebot4_ws/src/turtlebot4_simulator/turtlebot4_gz_gui_plugins' with build type 'ament_cmake'
[1.033s] INFO:colcon.colcon_cmake.task.cmake.build:Building CMake package in '/home/aashraey-vaid/turtlebot4_ws/src/turtlebot4_simulator/turtlebot4_gz_gui_plugins'
[1.040s] INFO:colcon.colcon_core.plugin_system:Skipping extension 'colcon_core.shell.bat': Not used on non-Windows systems
[1.041s] INFO:colcon.colcon_core.shell:Skip shell extension 'powershell' for command environment: Not usable outside of PowerShell
[1.041s] DEBUG:colcon.colcon_core.shell:Skip shell extension 'dsv' for command environment
[1.057s] INFO:colcon.colcon_ros.task.ament_cmake.build:Building ROS package in '/home/aashraey-vaid/turtlebot4_ws/src/turtlebot4_simulator/turtlebot4_gz_toolbox' with build type 'ament_cmake'
[1.057s] INFO:colcon.colcon_cmake.task.cmake.build:Building CMake package in '/home/aashraey-vaid/turtlebot4_ws/src/turtlebot4_simulator/turtlebot4_gz_toolbox'
[1.058s] INFO:colcon.colcon_core.shell:Skip shell extension 'powershell' for command environment: Not usable outside of PowerShell
[1.058s] DEBUG:colcon.colcon_core.shell:Skip shell extension 'dsv' for command environment
[1.075s] INFO:colcon.colcon_ros.task.ament_python.build:Building ROS package in '/home/aashraey-vaid/turtlebot4_ws/src/turtlebot4_controller' with build type 'ament_python'
[1.075s] Level 1:colcon.colcon_core.shell:create_environment_hook('turtlebot4_controller', 'ament_prefix_path')
[1.076s] INFO:colcon.colcon_core.shell:Creating environment hook '/home/aashraey-vaid/turtlebot4_ws/install/turtlebot4_controller/share/turtlebot4_controller/hook/ament_prefix_path.ps1'
[1.078s] INFO:colcon.colcon_core.shell:Creating environment descriptor '/home/aashraey-vaid/turtlebot4_ws/install/turtlebot4_controller/share/turtlebot4_controller/hook/ament_prefix_path.dsv'
[1.079s] INFO:colcon.colcon_core.shell:Creating environment hook '/home/aashraey-vaid/turtlebot4_ws/install/turtlebot4_controller/share/turtlebot4_controller/hook/ament_prefix_path.sh'
[1.081s] INFO:colcon.colcon_core.shell:Skip shell extension 'powershell' for command environment: Not usable outside of PowerShell
[1.082s] DEBUG:colcon.colcon_core.shell:Skip shell extension 'dsv' for command environment
[1.105s] DEBUG:colcon.colcon_core.event_handler.log_command:Invoking command in '/home/aashraey-vaid/turtlebot4_ws/build/turtlebot4_gz_gui_plugins': CMAKE_PREFIX_PATH=${CMAKE_PREFIX_PATH}:/home/aashraey-vaid/turtlebot4_ws/install/turtlebot4_controller:/opt/ros/jazzy DEBUGINFOD_URLS=https://debuginfod.ubuntu.com /usr/bin/cmake --build /home/aashraey-vaid/turtlebot4_ws/build/turtlebot4_gz_gui_plugins -- -j8 -l8
[1.112s] DEBUG:colcon.colcon_core.event_handler.log_command:Invoking command in '/home/aashraey-vaid/turtlebot4_ws/build/turtlebot4_gz_toolbox': CMAKE_PREFIX_PATH=${CMAKE_PREFIX_PATH}:/home/aashraey-vaid/turtlebot4_ws/install/turtlebot4_controller:/opt/ros/jazzy DEBUGINFOD_URLS=https://debuginfod.ubuntu.com /usr/bin/cmake --build /home/aashraey-vaid/turtlebot4_ws/build/turtlebot4_gz_toolbox -- -j8 -l8
[2.034s] INFO:colcon.colcon_core.task.python.build:Building Python package in '/home/aashraey-vaid/turtlebot4_ws/src/turtlebot4_controller'
[2.034s] INFO:colcon.colcon_core.shell:Skip shell extension 'powershell' for command environment: Not usable outside of PowerShell
[2.034s] DEBUG:colcon.colcon_core.shell:Skip shell extension 'dsv' for command environment
[2.052s] DEBUG:colcon.colcon_core.event_handler.log_command:Invoked command in '/home/aashraey-vaid/turtlebot4_ws/build/turtlebot4_gz_toolbox' returned '0': CMAKE_PREFIX_PATH=${CMAKE_PREFIX_PATH}:/home/aashraey-vaid/turtlebot4_ws/install/turtlebot4_controller:/opt/ros/jazzy DEBUGINFOD_URLS=https://debuginfod.ubuntu.com /usr/bin/cmake --build /home/aashraey-vaid/turtlebot4_ws/build/turtlebot4_gz_toolbox -- -j8 -l8
[2.103s] DEBUG:colcon.colcon_core.event_handler.log_command:Invoking command in '/home/aashraey-vaid/turtlebot4_ws/build/turtlebot4_gz_toolbox': CMAKE_PREFIX_PATH=${CMAKE_PREFIX_PATH}:/home/aashraey-vaid/turtlebot4_ws/install/turtlebot4_controller:/opt/ros/jazzy DEBUGINFOD_URLS=https://debuginfod.ubuntu.com /usr/bin/cmake --install /home/aashraey-vaid/turtlebot4_ws/build/turtlebot4_gz_toolbox
[2.109s] DEBUG:colcon.colcon_core.event_handler.log_command:Invoked command in '/home/aashraey-vaid/turtlebot4_ws/build/turtlebot4_gz_gui_plugins' returned '0': CMAKE_PREFIX_PATH=${CMAKE_PREFIX_PATH}:/home/aashraey-vaid/turtlebot4_ws/install/turtlebot4_controller:/opt/ros/jazzy DEBUGINFOD_URLS=https://debuginfod.ubuntu.com /usr/bin/cmake --build /home/aashraey-vaid/turtlebot4_ws/build/turtlebot4_gz_gui_plugins -- -j8 -l8
[2.109s] DEBUG:colcon.colcon_core.event_handler.log_command:Invoking command in '/home/aashraey-vaid/turtlebot4_ws/build/turtlebot4_gz_gui_plugins': CMAKE_PREFIX_PATH=${CMAKE_PREFIX_PATH}:/home/aashraey-vaid/turtlebot4_ws/install/turtlebot4_controller:/opt/ros/jazzy DEBUGINFOD_URLS=https://debuginfod.ubuntu.com /usr/bin/cmake --install /home/aashraey-vaid/turtlebot4_ws/build/turtlebot4_gz_gui_plugins
[2.149s] Level 1:colcon.colcon_core.environment:create_environment_scripts_only(turtlebot4_gz_toolbox)
[2.153s] DEBUG:colcon.colcon_core.event_handler.log_command:Invoked command in '/home/aashraey-vaid/turtlebot4_ws/build/turtlebot4_gz_toolbox' returned '0': CMAKE_PREFIX_PATH=${CMAKE_PREFIX_PATH}:/home/aashraey-vaid/turtlebot4_ws/install/turtlebot4_controller:/opt/ros/jazzy DEBUGINFOD_URLS=https://debuginfod.ubuntu.com /usr/bin/cmake --install /home/aashraey-vaid/turtlebot4_ws/build/turtlebot4_gz_toolbox
[2.161s] Level 1:colcon.colcon_core.environment:checking '/home/aashraey-vaid/turtlebot4_ws/install/turtlebot4_gz_toolbox' for CMake module files
[2.164s] Level 1:colcon.colcon_core.environment:checking '/home/aashraey-vaid/turtlebot4_ws/install/turtlebot4_gz_toolbox' for CMake config files
[2.165s] Level 1:colcon.colcon_core.shell:create_environment_hook('turtlebot4_gz_toolbox', 'cmake_prefix_path')
[2.165s] INFO:colcon.colcon_core.shell:Creating environment hook '/home/aashraey-vaid/turtlebot4_ws/install/turtlebot4_gz_toolbox/share/turtlebot4_gz_toolbox/hook/cmake_prefix_path.ps1'
[2.167s] INFO:colcon.colcon_core.shell:Creating environment descriptor '/home/aashraey-vaid/turtlebot4_ws/install/turtlebot4_gz_toolbox/share/turtlebot4_gz_toolbox/hook/cmake_prefix_path.dsv'
[2.168s] INFO:colcon.colcon_core.shell:Creating environment hook '/home/aashraey-vaid/turtlebot4_ws/install/turtlebot4_gz_toolbox/share/turtlebot4_gz_toolbox/hook/cmake_prefix_path.sh'
[2.172s] Level 1:colcon.colcon_core.environment:checking '/home/aashraey-vaid/turtlebot4_ws/install/turtlebot4_gz_toolbox/lib'
[2.173s] Level 1:colcon.colcon_core.environment:checking '/home/aashraey-vaid/turtlebot4_ws/install/turtlebot4_gz_toolbox/bin'
[2.174s] Level 1:colcon.colcon_core.environment:checking '/home/aashraey-vaid/turtlebot4_ws/install/turtlebot4_gz_toolbox/lib/pkgconfig/turtlebot4_gz_toolbox.pc'
[2.174s] Level 1:colcon.colcon_core.environment:checking '/home/aashraey-vaid/turtlebot4_ws/install/turtlebot4_gz_toolbox/lib/python3.12/site-packages'
[2.175s] Level 1:colcon.colcon_core.environment:checking '/home/aashraey-vaid/turtlebot4_ws/install/turtlebot4_gz_toolbox/bin'
[2.177s] INFO:colcon.colcon_core.shell:Creating package script '/home/aashraey-vaid/turtlebot4_ws/install/turtlebot4_gz_toolbox/share/turtlebot4_gz_toolbox/package.ps1'
[2.180s] INFO:colcon.colcon_core.shell:Creating package descriptor '/home/aashraey-vaid/turtlebot4_ws/install/turtlebot4_gz_toolbox/share/turtlebot4_gz_toolbox/package.dsv'
[2.181s] INFO:colcon.colcon_core.shell:Creating package script '/home/aashraey-vaid/turtlebot4_ws/install/turtlebot4_gz_toolbox/share/turtlebot4_gz_toolbox/package.sh'
[2.185s] INFO:colcon.colcon_core.shell:Creating package script '/home/aashraey-vaid/turtlebot4_ws/install/turtlebot4_gz_toolbox/share/turtlebot4_gz_toolbox/package.bash'
[2.187s] INFO:colcon.colcon_core.shell:Creating package script '/home/aashraey-vaid/turtlebot4_ws/install/turtlebot4_gz_toolbox/share/turtlebot4_gz_toolbox/package.zsh'
[2.190s] Level 1:colcon.colcon_core.environment:create_file_with_runtime_dependencies(/home/aashraey-vaid/turtlebot4_ws/install/turtlebot4_gz_toolbox/share/colcon-core/packages/turtlebot4_gz_toolbox)
[2.194s] Level 1:colcon.colcon_core.environment:create_environment_scripts_only(turtlebot4_gz_toolbox)
[2.195s] Level 1:colcon.colcon_core.environment:checking '/home/aashraey-vaid/turtlebot4_ws/install/turtlebot4_gz_toolbox' for CMake module files
[2.197s] Level 1:colcon.colcon_core.environment:checking '/home/aashraey-vaid/turtlebot4_ws/install/turtlebot4_gz_toolbox' for CMake config files
[2.200s] Level 1:colcon.colcon_core.shell:create_environment_hook('turtlebot4_gz_toolbox', 'cmake_prefix_path')
[2.201s] INFO:colcon.colcon_core.shell:Creating environment hook '/home/aashraey-vaid/turtlebot4_ws/install/turtlebot4_gz_toolbox/share/turtlebot4_gz_toolbox/hook/cmake_prefix_path.ps1'
[2.204s] INFO:colcon.colcon_core.shell:Creating environment descriptor '/home/aashraey-vaid/turtlebot4_ws/install/turtlebot4_gz_toolbox/share/turtlebot4_gz_toolbox/hook/cmake_prefix_path.dsv'
[2.208s] INFO:colcon.colcon_core.shell:Creating environment hook '/home/aashraey-vaid/turtlebot4_ws/install/turtlebot4_gz_toolbox/share/turtlebot4_gz_toolbox/hook/cmake_prefix_path.sh'
[2.210s] Level 1:colcon.colcon_core.environment:checking '/home/aashraey-vaid/turtlebot4_ws/install/turtlebot4_gz_toolbox/lib'
[2.210s] Level 1:colcon.colcon_core.environment:checking '/home/aashraey-vaid/turtlebot4_ws/install/turtlebot4_gz_toolbox/bin'
[2.210s] Level 1:colcon.colcon_core.environment:checking '/home/aashraey-vaid/turtlebot4_ws/install/turtlebot4_gz_toolbox/lib/pkgconfig/turtlebot4_gz_toolbox.pc'
[2.211s] Level 1:colcon.colcon_core.environment:checking '/home/aashraey-vaid/turtlebot4_ws/install/turtlebot4_gz_toolbox/lib/python3.12/site-packages'
[2.214s] Level 1:colcon.colcon_core.environment:checking '/home/aashraey-vaid/turtlebot4_ws/install/turtlebot4_gz_toolbox/bin'
[2.215s] INFO:colcon.colcon_core.shell:Creating package script '/home/aashraey-vaid/turtlebot4_ws/install/turtlebot4_gz_toolbox/share/turtlebot4_gz_toolbox/package.ps1'
[2.257s] INFO:colcon.colcon_core.shell:Creating package descriptor '/home/aashraey-vaid/turtlebot4_ws/install/turtlebot4_gz_toolbox/share/turtlebot4_gz_toolbox/package.dsv'
[2.264s] INFO:colcon.colcon_core.shell:Creating package script '/home/aashraey-vaid/turtlebot4_ws/install/turtlebot4_gz_toolbox/share/turtlebot4_gz_toolbox/package.sh'
[2.266s] INFO:colcon.colcon_core.shell:Creating package script '/home/aashraey-vaid/turtlebot4_ws/install/turtlebot4_gz_toolbox/share/turtlebot4_gz_toolbox/package.bash'
[2.267s] INFO:colcon.colcon_core.shell:Creating package script '/home/aashraey-vaid/turtlebot4_ws/install/turtlebot4_gz_toolbox/share/turtlebot4_gz_toolbox/package.zsh'
[2.269s] Level 1:colcon.colcon_core.environment:create_file_with_runtime_dependencies(/home/aashraey-vaid/turtlebot4_ws/install/turtlebot4_gz_toolbox/share/colcon-core/packages/turtlebot4_gz_toolbox)
[2.272s] Level 1:colcon.colcon_core.environment:create_environment_scripts_only(turtlebot4_gz_gui_plugins)
[2.274s] Level 1:colcon.colcon_core.environment:checking '/home/aashraey-vaid/turtlebot4_ws/install/turtlebot4_gz_gui_plugins' for CMake module files
[2.275s] Level 1:colcon.colcon_core.environment:checking '/home/aashraey-vaid/turtlebot4_ws/install/turtlebot4_gz_gui_plugins' for CMake config files
[2.276s] Level 1:colcon.colcon_core.shell:create_environment_hook('turtlebot4_gz_gui_plugins', 'cmake_prefix_path')
[2.273s] DEBUG:colcon.colcon_core.event_handler.log_command:Invoked command in '/home/aashraey-vaid/turtlebot4_ws/build/turtlebot4_gz_gui_plugins' returned '0': CMAKE_PREFIX_PATH=${CMAKE_PREFIX_PATH}:/home/aashraey-vaid/turtlebot4_ws/install/turtlebot4_controller:/opt/ros/jazzy DEBUGINFOD_URLS=https://debuginfod.ubuntu.com /usr/bin/cmake --install /home/aashraey-vaid/turtlebot4_ws/build/turtlebot4_gz_gui_plugins
[2.277s] INFO:colcon.colcon_core.shell:Creating environment hook '/home/aashraey-vaid/turtlebot4_ws/install/turtlebot4_gz_gui_plugins/share/turtlebot4_gz_gui_plugins/hook/cmake_prefix_path.ps1'
[2.278s] INFO:colcon.colcon_core.shell:Creating environment descriptor '/home/aashraey-vaid/turtlebot4_ws/install/turtlebot4_gz_gui_plugins/share/turtlebot4_gz_gui_plugins/hook/cmake_prefix_path.dsv'
[2.279s] INFO:colcon.colcon_core.shell:Creating environment hook '/home/aashraey-vaid/turtlebot4_ws/install/turtlebot4_gz_gui_plugins/share/turtlebot4_gz_gui_plugins/hook/cmake_prefix_path.sh'
[2.281s] Level 1:colcon.colcon_core.environment:checking '/home/aashraey-vaid/turtlebot4_ws/install/turtlebot4_gz_gui_plugins/bin'
[2.281s] Level 1:colcon.colcon_core.environment:checking '/home/aashraey-vaid/turtlebot4_ws/install/turtlebot4_gz_gui_plugins/lib/pkgconfig/turtlebot4_gz_gui_plugins.pc'
[2.282s] Level 1:colcon.colcon_core.environment:checking '/home/aashraey-vaid/turtlebot4_ws/install/turtlebot4_gz_gui_plugins/lib/python3.12/site-packages'
[2.282s] Level 1:colcon.colcon_core.environment:checking '/home/aashraey-vaid/turtlebot4_ws/install/turtlebot4_gz_gui_plugins/bin'
[2.283s] INFO:colcon.colcon_core.shell:Creating package script '/home/aashraey-vaid/turtlebot4_ws/install/turtlebot4_gz_gui_plugins/share/turtlebot4_gz_gui_plugins/package.ps1'
[2.284s] INFO:colcon.colcon_core.shell:Creating package descriptor '/home/aashraey-vaid/turtlebot4_ws/install/turtlebot4_gz_gui_plugins/share/turtlebot4_gz_gui_plugins/package.dsv'
[2.286s] INFO:colcon.colcon_core.shell:Creating package script '/home/aashraey-vaid/turtlebot4_ws/install/turtlebot4_gz_gui_plugins/share/turtlebot4_gz_gui_plugins/package.sh'
[2.287s] INFO:colcon.colcon_core.shell:Creating package script '/home/aashraey-vaid/turtlebot4_ws/install/turtlebot4_gz_gui_plugins/share/turtlebot4_gz_gui_plugins/package.bash'
[2.288s] INFO:colcon.colcon_core.shell:Creating package script '/home/aashraey-vaid/turtlebot4_ws/install/turtlebot4_gz_gui_plugins/share/turtlebot4_gz_gui_plugins/package.zsh'
[2.290s] Level 1:colcon.colcon_core.environment:create_file_with_runtime_dependencies(/home/aashraey-vaid/turtlebot4_ws/install/turtlebot4_gz_gui_plugins/share/colcon-core/packages/turtlebot4_gz_gui_plugins)
[2.291s] Level 1:colcon.colcon_core.environment:create_environment_scripts_only(turtlebot4_gz_gui_plugins)
[2.293s] Level 1:colcon.colcon_core.environment:checking '/home/aashraey-vaid/turtlebot4_ws/install/turtlebot4_gz_gui_plugins' for CMake module files
[2.294s] Level 1:colcon.colcon_core.environment:checking '/home/aashraey-vaid/turtlebot4_ws/install/turtlebot4_gz_gui_plugins' for CMake config files
[2.295s] Level 1:colcon.colcon_core.shell:create_environment_hook('turtlebot4_gz_gui_plugins', 'cmake_prefix_path')
[2.296s] INFO:colcon.colcon_core.shell:Creating environment hook '/home/aashraey-vaid/turtlebot4_ws/install/turtlebot4_gz_gui_plugins/share/turtlebot4_gz_gui_plugins/hook/cmake_prefix_path.ps1'
[2.297s] INFO:colcon.colcon_core.shell:Creating environment descriptor '/home/aashraey-vaid/turtlebot4_ws/install/turtlebot4_gz_gui_plugins/share/turtlebot4_gz_gui_plugins/hook/cmake_prefix_path.dsv'
[2.298s] INFO:colcon.colcon_core.shell:Creating environment hook '/home/aashraey-vaid/turtlebot4_ws/install/turtlebot4_gz_gui_plugins/share/turtlebot4_gz_gui_plugins/hook/cmake_prefix_path.sh'
[2.300s] Level 1:colcon.colcon_core.environment:checking '/home/aashraey-vaid/turtlebot4_ws/install/turtlebot4_gz_gui_plugins/bin'
[2.300s] Level 1:colcon.colcon_core.environment:checking '/home/aashraey-vaid/turtlebot4_ws/install/turtlebot4_gz_gui_plugins/lib/pkgconfig/turtlebot4_gz_gui_plugins.pc'
[2.301s] Level 1:colcon.colcon_core.environment:checking '/home/aashraey-vaid/turtlebot4_ws/install/turtlebot4_gz_gui_plugins/lib/python3.12/site-packages'
[2.301s] Level 1:colcon.colcon_core.environment:checking '/home/aashraey-vaid/turtlebot4_ws/install/turtlebot4_gz_gui_plugins/bin'
[2.302s] INFO:colcon.colcon_core.shell:Creating package script '/home/aashraey-vaid/turtlebot4_ws/install/turtlebot4_gz_gui_plugins/share/turtlebot4_gz_gui_plugins/package.ps1'
[2.305s] INFO:colcon.colcon_core.shell:Creating package descriptor '/home/aashraey-vaid/turtlebot4_ws/install/turtlebot4_gz_gui_plugins/share/turtlebot4_gz_gui_plugins/package.dsv'
[2.307s] INFO:colcon.colcon_core.shell:Creating package script '/home/aashraey-vaid/turtlebot4_ws/install/turtlebot4_gz_gui_plugins/share/turtlebot4_gz_gui_plugins/package.sh'
[2.309s] INFO:colcon.colcon_core.shell:Creating package script '/home/aashraey-vaid/turtlebot4_ws/install/turtlebot4_gz_gui_plugins/share/turtlebot4_gz_gui_plugins/package.bash'
[2.310s] INFO:colcon.colcon_core.shell:Creating package script '/home/aashraey-vaid/turtlebot4_ws/install/turtlebot4_gz_gui_plugins/share/turtlebot4_gz_gui_plugins/package.zsh'
[2.312s] Level 1:colcon.colcon_core.environment:create_file_with_runtime_dependencies(/home/aashraey-vaid/turtlebot4_ws/install/turtlebot4_gz_gui_plugins/share/colcon-core/packages/turtlebot4_gz_gui_plugins)
[2.318s] INFO:colcon.colcon_ros.task.ament_cmake.build:Building ROS package in '/home/aashraey-vaid/turtlebot4_ws/src/turtlebot4_simulator/turtlebot4_gz_bringup' with build type 'ament_cmake'
[2.318s] INFO:colcon.colcon_cmake.task.cmake.build:Building CMake package in '/home/aashraey-vaid/turtlebot4_ws/src/turtlebot4_simulator/turtlebot4_gz_bringup'
[2.318s] INFO:colcon.colcon_core.shell:Skip shell extension 'powershell' for command environment: Not usable outside of PowerShell
[2.319s] DEBUG:colcon.colcon_core.shell:Skip shell extension 'dsv' for command environment
[2.392s] DEBUG:colcon.colcon_core.event_handler.log_command:Invoking command in '/home/aashraey-vaid/turtlebot4_ws/build/turtlebot4_gz_bringup': CMAKE_PREFIX_PATH=/home/aashraey-vaid/turtlebot4_ws/install/turtlebot4_gz_toolbox:/home/aashraey-vaid/turtlebot4_ws/install/turtlebot4_gz_gui_plugins:/home/aashraey-vaid/turtlebot4_ws/install/turtlebot4_simulator:/home/aashraey-vaid/turtlebot4_ws/install/turtlebot4_gz_bringup:/opt/ros/jazzy/opt/gz_sim_vendor:/opt/ros/jazzy/opt/gz_sensors_vendor:/opt/ros/jazzy/opt/gz_physics_vendor:/opt/ros/jazzy/opt/sdformat_vendor:/opt/ros/jazzy/opt/gz_gui_vendor:/opt/ros/jazzy/opt/gz_transport_vendor:/opt/ros/jazzy/opt/gz_rendering_vendor:/opt/ros/jazzy/opt/gz_plugin_vendor:/opt/ros/jazzy/opt/gz_fuel_tools_vendor:/opt/ros/jazzy/opt/gz_msgs_vendor:/opt/ros/jazzy/opt/gz_common_vendor:/opt/ros/jazzy/opt/gz_math_vendor:/opt/ros/jazzy/opt/gz_utils_vendor:/opt/ros/jazzy/opt/gz_tools_vendor:/opt/ros/jazzy/opt/gz_ogre_next_vendor:/opt/ros/jazzy/opt/gz_dartsim_vendor:/opt/ros/jazzy/opt/gz_cmake_vendor:/home/aashraey-vaid/turtlebot4_ws/install/turtlebot4_controller:/opt/ros/jazzy DEBUGINFOD_URLS=https://debuginfod.ubuntu.com /usr/bin/cmake --build /home/aashraey-vaid/turtlebot4_ws/build/turtlebot4_gz_bringup -- -j8 -l8
[2.583s] DEBUG:colcon.colcon_core.event_handler.log_command:Invoked command in '/home/aashraey-vaid/turtlebot4_ws/build/turtlebot4_gz_bringup' returned '0': CMAKE_PREFIX_PATH=/home/aashraey-vaid/turtlebot4_ws/install/turtlebot4_gz_toolbox:/home/aashraey-vaid/turtlebot4_ws/install/turtlebot4_gz_gui_plugins:/home/aashraey-vaid/turtlebot4_ws/install/turtlebot4_simulator:/home/aashraey-vaid/turtlebot4_ws/install/turtlebot4_gz_bringup:/opt/ros/jazzy/opt/gz_sim_vendor:/opt/ros/jazzy/opt/gz_sensors_vendor:/opt/ros/jazzy/opt/gz_physics_vendor:/opt/ros/jazzy/opt/sdformat_vendor:/opt/ros/jazzy/opt/gz_gui_vendor:/opt/ros/jazzy/opt/gz_transport_vendor:/opt/ros/jazzy/opt/gz_rendering_vendor:/opt/ros/jazzy/opt/gz_plugin_vendor:/opt/ros/jazzy/opt/gz_fuel_tools_vendor:/opt/ros/jazzy/opt/gz_msgs_vendor:/opt/ros/jazzy/opt/gz_common_vendor:/opt/ros/jazzy/opt/gz_math_vendor:/opt/ros/jazzy/opt/gz_utils_vendor:/opt/ros/jazzy/opt/gz_tools_vendor:/opt/ros/jazzy/opt/gz_ogre_next_vendor:/opt/ros/jazzy/opt/gz_dartsim_vendor:/opt/ros/jazzy/opt/gz_cmake_vendor:/home/aashraey-vaid/turtlebot4_ws/install/turtlebot4_controller:/opt/ros/jazzy DEBUGINFOD_URLS=https://debuginfod.ubuntu.com /usr/bin/cmake --build /home/aashraey-vaid/turtlebot4_ws/build/turtlebot4_gz_bringup -- -j8 -l8
[2.584s] DEBUG:colcon.colcon_core.event_handler.log_command:Invoking command in '/home/aashraey-vaid/turtlebot4_ws/build/turtlebot4_gz_bringup': CMAKE_PREFIX_PATH=/home/aashraey-vaid/turtlebot4_ws/install/turtlebot4_gz_toolbox:/home/aashraey-vaid/turtlebot4_ws/install/turtlebot4_gz_gui_plugins:/home/aashraey-vaid/turtlebot4_ws/install/turtlebot4_simulator:/home/aashraey-vaid/turtlebot4_ws/install/turtlebot4_gz_bringup:/opt/ros/jazzy/opt/gz_sim_vendor:/opt/ros/jazzy/opt/gz_sensors_vendor:/opt/ros/jazzy/opt/gz_physics_vendor:/opt/ros/jazzy/opt/sdformat_vendor:/opt/ros/jazzy/opt/gz_gui_vendor:/opt/ros/jazzy/opt/gz_transport_vendor:/opt/ros/jazzy/opt/gz_rendering_vendor:/opt/ros/jazzy/opt/gz_plugin_vendor:/opt/ros/jazzy/opt/gz_fuel_tools_vendor:/opt/ros/jazzy/opt/gz_msgs_vendor:/opt/ros/jazzy/opt/gz_common_vendor:/opt/ros/jazzy/opt/gz_math_vendor:/opt/ros/jazzy/opt/gz_utils_vendor:/opt/ros/jazzy/opt/gz_tools_vendor:/opt/ros/jazzy/opt/gz_ogre_next_vendor:/opt/ros/jazzy/opt/gz_dartsim_vendor:/opt/ros/jazzy/opt/gz_cmake_vendor:/home/aashraey-vaid/turtlebot4_ws/install/turtlebot4_controller:/opt/ros/jazzy DEBUGINFOD_URLS=https://debuginfod.ubuntu.com /usr/bin/cmake --install /home/aashraey-vaid/turtlebot4_ws/build/turtlebot4_gz_bringup
[2.641s] Level 1:colcon.colcon_core.environment:create_environment_scripts_only(turtlebot4_gz_bringup)
[2.659s] Level 1:colcon.colcon_core.environment:checking '/home/aashraey-vaid/turtlebot4_ws/install/turtlebot4_gz_bringup' for CMake module files
[2.681s] Level 1:colcon.colcon_core.environment:checking '/home/aashraey-vaid/turtlebot4_ws/install/turtlebot4_gz_bringup' for CMake config files
[2.684s] DEBUG:colcon.colcon_core.event_handler.log_command:Invoked command in '/home/aashraey-vaid/turtlebot4_ws/build/turtlebot4_gz_bringup' returned '0': CMAKE_PREFIX_PATH=/home/aashraey-vaid/turtlebot4_ws/install/turtlebot4_gz_toolbox:/home/aashraey-vaid/turtlebot4_ws/install/turtlebot4_gz_gui_plugins:/home/aashraey-vaid/turtlebot4_ws/install/turtlebot4_simulator:/home/aashraey-vaid/turtlebot4_ws/install/turtlebot4_gz_bringup:/opt/ros/jazzy/opt/gz_sim_vendor:/opt/ros/jazzy/opt/gz_sensors_vendor:/opt/ros/jazzy/opt/gz_physics_vendor:/opt/ros/jazzy/opt/sdformat_vendor:/opt/ros/jazzy/opt/gz_gui_vendor:/opt/ros/jazzy/opt/gz_transport_vendor:/opt/ros/jazzy/opt/gz_rendering_vendor:/opt/ros/jazzy/opt/gz_plugin_vendor:/opt/ros/jazzy/opt/gz_fuel_tools_vendor:/opt/ros/jazzy/opt/gz_msgs_vendor:/opt/ros/jazzy/opt/gz_common_vendor:/opt/ros/jazzy/opt/gz_math_vendor:/opt/ros/jazzy/opt/gz_utils_vendor:/opt/ros/jazzy/opt/gz_tools_vendor:/opt/ros/jazzy/opt/gz_ogre_next_vendor:/opt/ros/jazzy/opt/gz_dartsim_vendor:/opt/ros/jazzy/opt/gz_cmake_vendor:/home/aashraey-vaid/turtlebot4_ws/install/turtlebot4_controller:/opt/ros/jazzy DEBUGINFOD_URLS=https://debuginfod.ubuntu.com /usr/bin/cmake --install /home/aashraey-vaid/turtlebot4_ws/build/turtlebot4_gz_bringup
[2.689s] Level 1:colcon.colcon_core.shell:create_environment_hook('turtlebot4_gz_bringup', 'cmake_prefix_path')
[2.696s] INFO:colcon.colcon_core.shell:Creating environment hook '/home/aashraey-vaid/turtlebot4_ws/install/turtlebot4_gz_bringup/share/turtlebot4_gz_bringup/hook/cmake_prefix_path.ps1'
[2.697s] INFO:colcon.colcon_core.shell:Creating environment descriptor '/home/aashraey-vaid/turtlebot4_ws/install/turtlebot4_gz_bringup/share/turtlebot4_gz_bringup/hook/cmake_prefix_path.dsv'
[2.718s] INFO:colcon.colcon_core.shell:Creating environment hook '/home/aashraey-vaid/turtlebot4_ws/install/turtlebot4_gz_bringup/share/turtlebot4_gz_bringup/hook/cmake_prefix_path.sh'
[2.720s] Level 1:colcon.colcon_core.environment:checking '/home/aashraey-vaid/turtlebot4_ws/install/turtlebot4_gz_bringup/bin'
[2.726s] Level 1:colcon.colcon_core.environment:checking '/home/aashraey-vaid/turtlebot4_ws/install/turtlebot4_gz_bringup/lib/pkgconfig/turtlebot4_gz_bringup.pc'
[2.726s] Level 1:colcon.colcon_core.environment:checking '/home/aashraey-vaid/turtlebot4_ws/install/turtlebot4_gz_bringup/lib/python3.12/site-packages'
[2.735s] Level 1:colcon.colcon_core.environment:checking '/home/aashraey-vaid/turtlebot4_ws/install/turtlebot4_gz_bringup/bin'
[2.741s] INFO:colcon.colcon_core.shell:Creating package script '/home/aashraey-vaid/turtlebot4_ws/install/turtlebot4_gz_bringup/share/turtlebot4_gz_bringup/package.ps1'
[2.744s] INFO:colcon.colcon_core.shell:Creating package descriptor '/home/aashraey-vaid/turtlebot4_ws/install/turtlebot4_gz_bringup/share/turtlebot4_gz_bringup/package.dsv'
[2.754s] INFO:colcon.colcon_core.shell:Creating package script '/home/aashraey-vaid/turtlebot4_ws/install/turtlebot4_gz_bringup/share/turtlebot4_gz_bringup/package.sh'
[2.760s] INFO:colcon.colcon_core.shell:Creating package script '/home/aashraey-vaid/turtlebot4_ws/install/turtlebot4_gz_bringup/share/turtlebot4_gz_bringup/package.bash'
[2.761s] INFO:colcon.colcon_core.shell:Creating package script '/home/aashraey-vaid/turtlebot4_ws/install/turtlebot4_gz_bringup/share/turtlebot4_gz_bringup/package.zsh'
[2.766s] Level 1:colcon.colcon_core.environment:create_file_with_runtime_dependencies(/home/aashraey-vaid/turtlebot4_ws/install/turtlebot4_gz_bringup/share/colcon-core/packages/turtlebot4_gz_bringup)
[2.772s] Level 1:colcon.colcon_core.environment:create_environment_scripts_only(turtlebot4_gz_bringup)
[2.773s] Level 1:colcon.colcon_core.environment:checking '/home/aashraey-vaid/turtlebot4_ws/install/turtlebot4_gz_bringup' for CMake module files
[2.778s] Level 1:colcon.colcon_core.environment:checking '/home/aashraey-vaid/turtlebot4_ws/install/turtlebot4_gz_bringup' for CMake config files
[2.783s] Level 1:colcon.colcon_core.shell:create_environment_hook('turtlebot4_gz_bringup', 'cmake_prefix_path')
[2.785s] INFO:colcon.colcon_core.shell:Creating environment hook '/home/aashraey-vaid/turtlebot4_ws/install/turtlebot4_gz_bringup/share/turtlebot4_gz_bringup/hook/cmake_prefix_path.ps1'
[2.788s] INFO:colcon.colcon_core.shell:Creating environment descriptor '/home/aashraey-vaid/turtlebot4_ws/install/turtlebot4_gz_bringup/share/turtlebot4_gz_bringup/hook/cmake_prefix_path.dsv'
[2.795s] INFO:colcon.colcon_core.shell:Creating environment hook '/home/aashraey-vaid/turtlebot4_ws/install/turtlebot4_gz_bringup/share/turtlebot4_gz_bringup/hook/cmake_prefix_path.sh'
[2.804s] Level 1:colcon.colcon_core.environment:checking '/home/aashraey-vaid/turtlebot4_ws/install/turtlebot4_gz_bringup/bin'
[2.805s] Level 1:colcon.colcon_core.environment:checking '/home/aashraey-vaid/turtlebot4_ws/install/turtlebot4_gz_bringup/lib/pkgconfig/turtlebot4_gz_bringup.pc'
[2.808s] Level 1:colcon.colcon_core.environment:checking '/home/aashraey-vaid/turtlebot4_ws/install/turtlebot4_gz_bringup/lib/python3.12/site-packages'
[2.809s] Level 1:colcon.colcon_core.environment:checking '/home/aashraey-vaid/turtlebot4_ws/install/turtlebot4_gz_bringup/bin'
[2.814s] INFO:colcon.colcon_core.shell:Creating package script '/home/aashraey-vaid/turtlebot4_ws/install/turtlebot4_gz_bringup/share/turtlebot4_gz_bringup/package.ps1'
[2.816s] INFO:colcon.colcon_core.shell:Creating package descriptor '/home/aashraey-vaid/turtlebot4_ws/install/turtlebot4_gz_bringup/share/turtlebot4_gz_bringup/package.dsv'
[2.819s] INFO:colcon.colcon_core.shell:Creating package script '/home/aashraey-vaid/turtlebot4_ws/install/turtlebot4_gz_bringup/share/turtlebot4_gz_bringup/package.sh'
[2.820s] INFO:colcon.colcon_core.shell:Creating package script '/home/aashraey-vaid/turtlebot4_ws/install/turtlebot4_gz_bringup/share/turtlebot4_gz_bringup/package.bash'
[2.821s] INFO:colcon.colcon_core.shell:Creating package script '/home/aashraey-vaid/turtlebot4_ws/install/turtlebot4_gz_bringup/share/turtlebot4_gz_bringup/package.zsh'
[2.825s] Level 1:colcon.colcon_core.environment:create_file_with_runtime_dependencies(/home/aashraey-vaid/turtlebot4_ws/install/turtlebot4_gz_bringup/share/colcon-core/packages/turtlebot4_gz_bringup)
[2.832s] INFO:colcon.colcon_ros.task.ament_cmake.build:Building ROS package in '/home/aashraey-vaid/turtlebot4_ws/src/turtlebot4_simulator/turtlebot4_simulator' with build type 'ament_cmake'
[2.833s] INFO:colcon.colcon_cmake.task.cmake.build:Building CMake package in '/home/aashraey-vaid/turtlebot4_ws/src/turtlebot4_simulator/turtlebot4_simulator'
[2.833s] INFO:colcon.colcon_core.shell:Skip shell extension 'powershell' for command environment: Not usable outside of PowerShell
[2.833s] DEBUG:colcon.colcon_core.shell:Skip shell extension 'dsv' for command environment
[2.900s] DEBUG:colcon.colcon_core.event_handler.log_command:Invoking command in '/home/aashraey-vaid/turtlebot4_ws/build/turtlebot4_simulator': CMAKE_PREFIX_PATH=/home/aashraey-vaid/turtlebot4_ws/install/turtlebot4_gz_bringup:/home/aashraey-vaid/turtlebot4_ws/install/turtlebot4_gz_toolbox:/home/aashraey-vaid/turtlebot4_ws/install/turtlebot4_gz_gui_plugins:/home/aashraey-vaid/turtlebot4_ws/install/turtlebot4_simulator:/opt/ros/jazzy/opt/gz_sim_vendor:/opt/ros/jazzy/opt/gz_sensors_vendor:/opt/ros/jazzy/opt/gz_physics_vendor:/opt/ros/jazzy/opt/sdformat_vendor:/opt/ros/jazzy/opt/gz_gui_vendor:/opt/ros/jazzy/opt/gz_transport_vendor:/opt/ros/jazzy/opt/gz_rendering_vendor:/opt/ros/jazzy/opt/gz_plugin_vendor:/opt/ros/jazzy/opt/gz_fuel_tools_vendor:/opt/ros/jazzy/opt/gz_msgs_vendor:/opt/ros/jazzy/opt/gz_common_vendor:/opt/ros/jazzy/opt/gz_math_vendor:/opt/ros/jazzy/opt/gz_utils_vendor:/opt/ros/jazzy/opt/gz_tools_vendor:/opt/ros/jazzy/opt/gz_ogre_next_vendor:/opt/ros/jazzy/opt/gz_dartsim_vendor:/opt/ros/jazzy/opt/gz_cmake_vendor:/home/aashraey-vaid/turtlebot4_ws/install/turtlebot4_controller:/opt/ros/jazzy DEBUGINFOD_URLS=https://debuginfod.ubuntu.com /usr/bin/cmake --build /home/aashraey-vaid/turtlebot4_ws/build/turtlebot4_simulator -- -j8 -l8
[3.070s] DEBUG:colcon.colcon_core.event_handler.log_command:Invoked command in '/home/aashraey-vaid/turtlebot4_ws/build/turtlebot4_simulator' returned '0': CMAKE_PREFIX_PATH=/home/aashraey-vaid/turtlebot4_ws/install/turtlebot4_gz_bringup:/home/aashraey-vaid/turtlebot4_ws/install/turtlebot4_gz_toolbox:/home/aashraey-vaid/turtlebot4_ws/install/turtlebot4_gz_gui_plugins:/home/aashraey-vaid/turtlebot4_ws/install/turtlebot4_simulator:/opt/ros/jazzy/opt/gz_sim_vendor:/opt/ros/jazzy/opt/gz_sensors_vendor:/opt/ros/jazzy/opt/gz_physics_vendor:/opt/ros/jazzy/opt/sdformat_vendor:/opt/ros/jazzy/opt/gz_gui_vendor:/opt/ros/jazzy/opt/gz_transport_vendor:/opt/ros/jazzy/opt/gz_rendering_vendor:/opt/ros/jazzy/opt/gz_plugin_vendor:/opt/ros/jazzy/opt/gz_fuel_tools_vendor:/opt/ros/jazzy/opt/gz_msgs_vendor:/opt/ros/jazzy/opt/gz_common_vendor:/opt/ros/jazzy/opt/gz_math_vendor:/opt/ros/jazzy/opt/gz_utils_vendor:/opt/ros/jazzy/opt/gz_tools_vendor:/opt/ros/jazzy/opt/gz_ogre_next_vendor:/opt/ros/jazzy/opt/gz_dartsim_vendor:/opt/ros/jazzy/opt/gz_cmake_vendor:/home/aashraey-vaid/turtlebot4_ws/install/turtlebot4_controller:/opt/ros/jazzy DEBUGINFOD_URLS=https://debuginfod.ubuntu.com /usr/bin/cmake --build /home/aashraey-vaid/turtlebot4_ws/build/turtlebot4_simulator -- -j8 -l8
[3.073s] DEBUG:colcon.colcon_core.event_handler.log_command:Invoking command in '/home/aashraey-vaid/turtlebot4_ws/build/turtlebot4_simulator': CMAKE_PREFIX_PATH=/home/aashraey-vaid/turtlebot4_ws/install/turtlebot4_gz_bringup:/home/aashraey-vaid/turtlebot4_ws/install/turtlebot4_gz_toolbox:/home/aashraey-vaid/turtlebot4_ws/install/turtlebot4_gz_gui_plugins:/home/aashraey-vaid/turtlebot4_ws/install/turtlebot4_simulator:/opt/ros/jazzy/opt/gz_sim_vendor:/opt/ros/jazzy/opt/gz_sensors_vendor:/opt/ros/jazzy/opt/gz_physics_vendor:/opt/ros/jazzy/opt/sdformat_vendor:/opt/ros/jazzy/opt/gz_gui_vendor:/opt/ros/jazzy/opt/gz_transport_vendor:/opt/ros/jazzy/opt/gz_rendering_vendor:/opt/ros/jazzy/opt/gz_plugin_vendor:/opt/ros/jazzy/opt/gz_fuel_tools_vendor:/opt/ros/jazzy/opt/gz_msgs_vendor:/opt/ros/jazzy/opt/gz_common_vendor:/opt/ros/jazzy/opt/gz_math_vendor:/opt/ros/jazzy/opt/gz_utils_vendor:/opt/ros/jazzy/opt/gz_tools_vendor:/opt/ros/jazzy/opt/gz_ogre_next_vendor:/opt/ros/jazzy/opt/gz_dartsim_vendor:/opt/ros/jazzy/opt/gz_cmake_vendor:/home/aashraey-vaid/turtlebot4_ws/install/turtlebot4_controller:/opt/ros/jazzy DEBUGINFOD_URLS=https://debuginfod.ubuntu.com /usr/bin/cmake --install /home/aashraey-vaid/turtlebot4_ws/build/turtlebot4_simulator
[3.278s] Level 1:colcon.colcon_core.environment:create_environment_scripts_only(turtlebot4_simulator)
[3.280s] Level 1:colcon.colcon_core.environment:checking '/home/aashraey-vaid/turtlebot4_ws/install/turtlebot4_simulator' for CMake module files
[3.282s] Level 1:colcon.colcon_core.environment:checking '/home/aashraey-vaid/turtlebot4_ws/install/turtlebot4_simulator' for CMake config files
[3.310s] Level 1:colcon.colcon_core.shell:create_environment_hook('turtlebot4_simulator', 'cmake_prefix_path')
[3.311s] INFO:colcon.colcon_core.shell:Creating environment hook '/home/aashraey-vaid/turtlebot4_ws/install/turtlebot4_simulator/share/turtlebot4_simulator/hook/cmake_prefix_path.ps1'
[3.324s] DEBUG:colcon.colcon_core.event_handler.log_command:Invoked command in '/home/aashraey-vaid/turtlebot4_ws/build/turtlebot4_simulator' returned '0': CMAKE_PREFIX_PATH=/home/aashraey-vaid/turtlebot4_ws/install/turtlebot4_gz_bringup:/home/aashraey-vaid/turtlebot4_ws/install/turtlebot4_gz_toolbox:/home/aashraey-vaid/turtlebot4_ws/install/turtlebot4_gz_gui_plugins:/home/aashraey-vaid/turtlebot4_ws/install/turtlebot4_simulator:/opt/ros/jazzy/opt/gz_sim_vendor:/opt/ros/jazzy/opt/gz_sensors_vendor:/opt/ros/jazzy/opt/gz_physics_vendor:/opt/ros/jazzy/opt/sdformat_vendor:/opt/ros/jazzy/opt/gz_gui_vendor:/opt/ros/jazzy/opt/gz_transport_vendor:/opt/ros/jazzy/opt/gz_rendering_vendor:/opt/ros/jazzy/opt/gz_plugin_vendor:/opt/ros/jazzy/opt/gz_fuel_tools_vendor:/opt/ros/jazzy/opt/gz_msgs_vendor:/opt/ros/jazzy/opt/gz_common_vendor:/opt/ros/jazzy/opt/gz_math_vendor:/opt/ros/jazzy/opt/gz_utils_vendor:/opt/ros/jazzy/opt/gz_tools_vendor:/opt/ros/jazzy/opt/gz_ogre_next_vendor:/opt/ros/jazzy/opt/gz_dartsim_vendor:/opt/ros/jazzy/opt/gz_cmake_vendor:/home/aashraey-vaid/turtlebot4_ws/install/turtlebot4_controller:/opt/ros/jazzy DEBUGINFOD_URLS=https://debuginfod.ubuntu.com /usr/bin/cmake --install /home/aashraey-vaid/turtlebot4_ws/build/turtlebot4_simulator
[3.329s] INFO:colcon.colcon_core.shell:Creating environment descriptor '/home/aashraey-vaid/turtlebot4_ws/install/turtlebot4_simulator/share/turtlebot4_simulator/hook/cmake_prefix_path.dsv'
[3.334s] INFO:colcon.colcon_core.shell:Creating environment hook '/home/aashraey-vaid/turtlebot4_ws/install/turtlebot4_simulator/share/turtlebot4_simulator/hook/cmake_prefix_path.sh'
[3.353s] Level 1:colcon.colcon_core.environment:checking '/home/aashraey-vaid/turtlebot4_ws/install/turtlebot4_simulator/bin'
[3.359s] Level 1:colcon.colcon_core.environment:checking '/home/aashraey-vaid/turtlebot4_ws/install/turtlebot4_simulator/lib/pkgconfig/turtlebot4_simulator.pc'
[3.361s] Level 1:colcon.colcon_core.environment:checking '/home/aashraey-vaid/turtlebot4_ws/install/turtlebot4_simulator/lib/python3.12/site-packages'
[3.362s] Level 1:colcon.colcon_core.environment:checking '/home/aashraey-vaid/turtlebot4_ws/install/turtlebot4_simulator/bin'
[3.373s] INFO:colcon.colcon_core.shell:Creating package script '/home/aashraey-vaid/turtlebot4_ws/install/turtlebot4_simulator/share/turtlebot4_simulator/package.ps1'
[3.374s] INFO:colcon.colcon_core.shell:Creating package descriptor '/home/aashraey-vaid/turtlebot4_ws/install/turtlebot4_simulator/share/turtlebot4_simulator/package.dsv'
[3.392s] INFO:colcon.colcon_core.shell:Creating package script '/home/aashraey-vaid/turtlebot4_ws/install/turtlebot4_simulator/share/turtlebot4_simulator/package.sh'
[3.393s] INFO:colcon.colcon_core.shell:Creating package script '/home/aashraey-vaid/turtlebot4_ws/install/turtlebot4_simulator/share/turtlebot4_simulator/package.bash'
[3.395s] INFO:colcon.colcon_core.shell:Creating package script '/home/aashraey-vaid/turtlebot4_ws/install/turtlebot4_simulator/share/turtlebot4_simulator/package.zsh'
[3.406s] Level 1:colcon.colcon_core.environment:create_file_with_runtime_dependencies(/home/aashraey-vaid/turtlebot4_ws/install/turtlebot4_simulator/share/colcon-core/packages/turtlebot4_simulator)
[3.408s] Level 1:colcon.colcon_core.environment:create_environment_scripts_only(turtlebot4_simulator)
[3.408s] Level 1:colcon.colcon_core.environment:checking '/home/aashraey-vaid/turtlebot4_ws/install/turtlebot4_simulator' for CMake module files
[3.413s] Level 1:colcon.colcon_core.environment:checking '/home/aashraey-vaid/turtlebot4_ws/install/turtlebot4_simulator' for CMake config files
[3.416s] Level 1:colcon.colcon_core.shell:create_environment_hook('turtlebot4_simulator', 'cmake_prefix_path')
[3.416s] INFO:colcon.colcon_core.shell:Creating environment hook '/home/aashraey-vaid/turtlebot4_ws/install/turtlebot4_simulator/share/turtlebot4_simulator/hook/cmake_prefix_path.ps1'
[3.418s] INFO:colcon.colcon_core.shell:Creating environment descriptor '/home/aashraey-vaid/turtlebot4_ws/install/turtlebot4_simulator/share/turtlebot4_simulator/hook/cmake_prefix_path.dsv'
[3.425s] INFO:colcon.colcon_core.shell:Creating environment hook '/home/aashraey-vaid/turtlebot4_ws/install/turtlebot4_simulator/share/turtlebot4_simulator/hook/cmake_prefix_path.sh'
[3.428s] Level 1:colcon.colcon_core.environment:checking '/home/aashraey-vaid/turtlebot4_ws/install/turtlebot4_simulator/bin'
[3.429s] Level 1:colcon.colcon_core.environment:checking '/home/aashraey-vaid/turtlebot4_ws/install/turtlebot4_simulator/lib/pkgconfig/turtlebot4_simulator.pc'
[3.429s] Level 1:colcon.colcon_core.environment:checking '/home/aashraey-vaid/turtlebot4_ws/install/turtlebot4_simulator/lib/python3.12/site-packages'
[3.437s] Level 1:colcon.colcon_core.environment:checking '/home/aashraey-vaid/turtlebot4_ws/install/turtlebot4_simulator/bin'
[3.438s] INFO:colcon.colcon_core.shell:Creating package script '/home/aashraey-vaid/turtlebot4_ws/install/turtlebot4_simulator/share/turtlebot4_simulator/package.ps1'
[3.442s] INFO:colcon.colcon_core.shell:Creating package descriptor '/home/aashraey-vaid/turtlebot4_ws/install/turtlebot4_simulator/share/turtlebot4_simulator/package.dsv'
[3.445s] INFO:colcon.colcon_core.shell:Creating package script '/home/aashraey-vaid/turtlebot4_ws/install/turtlebot4_simulator/share/turtlebot4_simulator/package.sh'
[3.450s] INFO:colcon.colcon_core.shell:Creating package script '/home/aashraey-vaid/turtlebot4_ws/install/turtlebot4_simulator/share/turtlebot4_simulator/package.bash'
[3.452s] INFO:colcon.colcon_core.shell:Creating package script '/home/aashraey-vaid/turtlebot4_ws/install/turtlebot4_simulator/share/turtlebot4_simulator/package.zsh'
[3.457s] Level 1:colcon.colcon_core.environment:create_file_with_runtime_dependencies(/home/aashraey-vaid/turtlebot4_ws/install/turtlebot4_simulator/share/colcon-core/packages/turtlebot4_simulator)
[9.139s] DEBUG:colcon.colcon_core.event_handler.log_command:Invoking command in '/home/aashraey-vaid/turtlebot4_ws/src/turtlebot4_controller': DEBUGINFOD_URLS=https://debuginfod.ubuntu.com PYTHONPATH=/home/aashraey-vaid/turtlebot4_ws/build/turtlebot4_controller/prefix_override:/usr/lib/python3/dist-packages/colcon_core/task/python/colcon_distutils_commands:/home/aashraey-vaid/turtlebot4_ws/install/turtlebot4_controller/lib/python3.12/site-packages:${PYTHONPATH} /usr/bin/python3 -W ignore:setup.py install is deprecated -W ignore:easy_install command is deprecated setup.py egg_info --egg-base ../../build/turtlebot4_controller build --build-base /home/aashraey-vaid/turtlebot4_ws/build/turtlebot4_controller/build install --record /home/aashraey-vaid/turtlebot4_ws/build/turtlebot4_controller/install.log --single-version-externally-managed install_data
[13.709s] Level 1:colcon.colcon_core.environment:checking '/home/aashraey-vaid/turtlebot4_ws/install/turtlebot4_controller' for CMake module files
[13.709s] DEBUG:colcon.colcon_core.event_handler.log_command:Invoked command in '/home/aashraey-vaid/turtlebot4_ws/src/turtlebot4_controller' returned '0': DEBUGINFOD_URLS=https://debuginfod.ubuntu.com PYTHONPATH=/home/aashraey-vaid/turtlebot4_ws/build/turtlebot4_controller/prefix_override:/usr/lib/python3/dist-packages/colcon_core/task/python/colcon_distutils_commands:/home/aashraey-vaid/turtlebot4_ws/install/turtlebot4_controller/lib/python3.12/site-packages:${PYTHONPATH} /usr/bin/python3 -W ignore:setup.py install is deprecated -W ignore:easy_install command is deprecated setup.py egg_info --egg-base ../../build/turtlebot4_controller build --build-base /home/aashraey-vaid/turtlebot4_ws/build/turtlebot4_controller/build install --record /home/aashraey-vaid/turtlebot4_ws/build/turtlebot4_controller/install.log --single-version-externally-managed install_data
[13.712s] Level 1:colcon.colcon_core.environment:checking '/home/aashraey-vaid/turtlebot4_ws/install/turtlebot4_controller' for CMake config files
[13.715s] Level 1:colcon.colcon_core.environment:checking '/home/aashraey-vaid/turtlebot4_ws/install/turtlebot4_controller/lib'
[13.716s] Level 1:colcon.colcon_core.environment:checking '/home/aashraey-vaid/turtlebot4_ws/install/turtlebot4_controller/bin'
[13.716s] Level 1:colcon.colcon_core.environment:checking '/home/aashraey-vaid/turtlebot4_ws/install/turtlebot4_controller/lib/pkgconfig/turtlebot4_controller.pc'
[13.717s] Level 1:colcon.colcon_core.environment:checking '/home/aashraey-vaid/turtlebot4_ws/install/turtlebot4_controller/lib/python3.12/site-packages'
[13.717s] Level 1:colcon.colcon_core.shell:create_environment_hook('turtlebot4_controller', 'pythonpath')
[13.718s] INFO:colcon.colcon_core.shell:Creating environment hook '/home/aashraey-vaid/turtlebot4_ws/install/turtlebot4_controller/share/turtlebot4_controller/hook/pythonpath.ps1'
[13.720s] INFO:colcon.colcon_core.shell:Creating environment descriptor '/home/aashraey-vaid/turtlebot4_ws/install/turtlebot4_controller/share/turtlebot4_controller/hook/pythonpath.dsv'
[13.724s] INFO:colcon.colcon_core.shell:Creating environment hook '/home/aashraey-vaid/turtlebot4_ws/install/turtlebot4_controller/share/turtlebot4_controller/hook/pythonpath.sh'
[13.726s] Level 1:colcon.colcon_core.environment:checking '/home/aashraey-vaid/turtlebot4_ws/install/turtlebot4_controller/bin'
[13.727s] Level 1:colcon.colcon_core.environment:create_environment_scripts_only(turtlebot4_controller)
[13.728s] INFO:colcon.colcon_core.shell:Creating package script '/home/aashraey-vaid/turtlebot4_ws/install/turtlebot4_controller/share/turtlebot4_controller/package.ps1'
[13.731s] INFO:colcon.colcon_core.shell:Creating package descriptor '/home/aashraey-vaid/turtlebot4_ws/install/turtlebot4_controller/share/turtlebot4_controller/package.dsv'
[13.736s] INFO:colcon.colcon_core.shell:Creating package script '/home/aashraey-vaid/turtlebot4_ws/install/turtlebot4_controller/share/turtlebot4_controller/package.sh'
[13.738s] INFO:colcon.colcon_core.shell:Creating package script '/home/aashraey-vaid/turtlebot4_ws/install/turtlebot4_controller/share/turtlebot4_controller/package.bash'
[13.739s] INFO:colcon.colcon_core.shell:Creating package script '/home/aashraey-vaid/turtlebot4_ws/install/turtlebot4_controller/share/turtlebot4_controller/package.zsh'
[13.741s] Level 1:colcon.colcon_core.environment:create_file_with_runtime_dependencies(/home/aashraey-vaid/turtlebot4_ws/install/turtlebot4_controller/share/colcon-core/packages/turtlebot4_controller)
[13.742s] DEBUG:colcon.colcon_parallel_executor.executor.parallel:closing loop
[13.743s] DEBUG:colcon.colcon_parallel_executor.executor.parallel:loop closed
[13.746s] DEBUG:colcon.colcon_parallel_executor.executor.parallel:run_until_complete finished with '0'
[13.746s] DEBUG:colcon.colcon_core.event_reactor:joining thread
[13.789s] INFO:colcon.colcon_core.plugin_system:Skipping extension 'colcon_notification.desktop_notification.terminal_notifier': Not used on non-Darwin systems
[13.790s] INFO:colcon.colcon_core.plugin_system:Skipping extension 'colcon_notification.desktop_notification.win32': Not used on non-Windows systems
[13.790s] INFO:colcon.colcon_notification.desktop_notification:Sending desktop notification using 'notify2'
[13.867s] DEBUG:colcon.colcon_core.event_reactor:joined thread
[13.868s] INFO:colcon.colcon_core.shell:Creating prefix script '/home/aashraey-vaid/turtlebot4_ws/install/local_setup.ps1'
[13.876s] INFO:colcon.colcon_core.shell:Creating prefix util module '/home/aashraey-vaid/turtlebot4_ws/install/_local_setup_util_ps1.py'
[13.888s] INFO:colcon.colcon_core.shell:Creating prefix chain script '/home/aashraey-vaid/turtlebot4_ws/install/setup.ps1'
[13.892s] INFO:colcon.colcon_core.shell:Creating prefix script '/home/aashraey-vaid/turtlebot4_ws/install/local_setup.sh'
[13.894s] INFO:colcon.colcon_core.shell:Creating prefix util module '/home/aashraey-vaid/turtlebot4_ws/install/_local_setup_util_sh.py'
[13.897s] INFO:colcon.colcon_core.shell:Creating prefix chain script '/home/aashraey-vaid/turtlebot4_ws/install/setup.sh'
[13.903s] INFO:colcon.colcon_core.shell:Creating prefix script '/home/aashraey-vaid/turtlebot4_ws/install/local_setup.bash'
[13.905s] INFO:colcon.colcon_core.shell:Creating prefix chain script '/home/aashraey-vaid/turtlebot4_ws/install/setup.bash'
[13.913s] INFO:colcon.colcon_core.shell:Creating prefix script '/home/aashraey-vaid/turtlebot4_ws/install/local_setup.zsh'
[13.914s] INFO:colcon.colcon_core.shell:Creating prefix chain script '/home/aashraey-vaid/turtlebot4_ws/install/setup.zsh'
