[1.920s] Invoking command in '/home/aashraey-vaid/turtlebot4_ws/src/turtlebot4_controller': DEBUGINFOD_URLS=https://debuginfod.ubuntu.com PYTHONPATH=/home/aashraey-vaid/turtlebot4_ws/build/turtlebot4_controller/prefix_override:/usr/lib/python3/dist-packages/colcon_core/task/python/colcon_distutils_commands:/home/aashraey-vaid/turtlebot4_ws/install/turtlebot4_controller/lib/python3.12/site-packages:${PYTHONPATH} /usr/bin/python3 -W ignore:setup.py install is deprecated -W ignore:easy_install command is deprecated setup.py egg_info --egg-base ../../build/turtlebot4_controller build --build-base /home/aashraey-vaid/turtlebot4_ws/build/turtlebot4_controller/build install --record /home/aashraey-vaid/turtlebot4_ws/build/turtlebot4_controller/install.log --single-version-externally-managed install_data
[2.553s] running egg_info
[2.602s] writing ../../build/turtlebot4_controller/turtlebot4_controller.egg-info/PKG-INFO
[2.603s] writing dependency_links to ../../build/turtlebot4_controller/turtlebot4_controller.egg-info/dependency_links.txt
[2.603s] writing entry points to ../../build/turtlebot4_controller/turtlebot4_controller.egg-info/entry_points.txt
[2.604s] writing requirements to ../../build/turtlebot4_controller/turtlebot4_controller.egg-info/requires.txt
[2.604s] writing top-level names to ../../build/turtlebot4_controller/turtlebot4_controller.egg-info/top_level.txt
[2.704s] reading manifest file '../../build/turtlebot4_controller/turtlebot4_controller.egg-info/SOURCES.txt'
[2.706s] writing manifest file '../../build/turtlebot4_controller/turtlebot4_controller.egg-info/SOURCES.txt'
[2.706s] running build
[2.707s] running build_py
[2.707s] copying turtlebot4_controller/test.py -> /home/aashraey-vaid/turtlebot4_ws/build/turtlebot4_controller/build/lib/turtlebot4_controller
[2.708s] running install
[2.721s] running install_lib
[2.771s] copying /home/aashraey-vaid/turtlebot4_ws/build/turtlebot4_controller/build/lib/turtlebot4_controller/test.py -> /home/aashraey-vaid/turtlebot4_ws/install/turtlebot4_controller/lib/python3.12/site-packages/turtlebot4_controller
[2.772s] byte-compiling /home/aashraey-vaid/turtlebot4_ws/install/turtlebot4_controller/lib/python3.12/site-packages/turtlebot4_controller/test.py to test.cpython-312.pyc
[2.773s] running install_data
[2.774s] running install_egg_info
[2.827s] removing '/home/aashraey-vaid/turtlebot4_ws/install/turtlebot4_controller/lib/python3.12/site-packages/turtlebot4_controller-0.0.0-py3.12.egg-info' (and everything under it)
[2.827s] Copying ../../build/turtlebot4_controller/turtlebot4_controller.egg-info to /home/aashraey-vaid/turtlebot4_ws/install/turtlebot4_controller/lib/python3.12/site-packages/turtlebot4_controller-0.0.0-py3.12.egg-info
[2.829s] running install_scripts
[3.156s] Installing test script to /home/aashraey-vaid/turtlebot4_ws/install/turtlebot4_controller/lib/turtlebot4_controller
[3.157s] writing list of installed files to '/home/aashraey-vaid/turtlebot4_ws/build/turtlebot4_controller/install.log'
[3.213s] Invoked command in '/home/aashraey-vaid/turtlebot4_ws/src/turtlebot4_controller' returned '0': DEBUGINFOD_URLS=https://debuginfod.ubuntu.com PYTHONPATH=/home/aashraey-vaid/turtlebot4_ws/build/turtlebot4_controller/prefix_override:/usr/lib/python3/dist-packages/colcon_core/task/python/colcon_distutils_commands:/home/aashraey-vaid/turtlebot4_ws/install/turtlebot4_controller/lib/python3.12/site-packages:${PYTHONPATH} /usr/bin/python3 -W ignore:setup.py install is deprecated -W ignore:easy_install command is deprecated setup.py egg_info --egg-base ../../build/turtlebot4_controller build --build-base /home/aashraey-vaid/turtlebot4_ws/build/turtlebot4_controller/build install --record /home/aashraey-vaid/turtlebot4_ws/build/turtlebot4_controller/install.log --single-version-externally-managed install_data
