[2.168s] Invoking command in '/home/aashraey-vaid/turtlebot4_ws/src/turtlebot4_controller': DEBUGINFOD_URLS=https://debuginfod.ubuntu.com PYTHONPATH=/home/aashraey-vaid/turtlebot4_ws/build/turtlebot4_controller/prefix_override:/usr/lib/python3/dist-packages/colcon_core/task/python/colcon_distutils_commands:/home/aashraey-vaid/turtlebot4_ws/install/turtlebot4_controller/lib/python3.12/site-packages:${PYTHONPATH} /usr/bin/python3 -W ignore:setup.py install is deprecated -W ignore:easy_install command is deprecated setup.py egg_info --egg-base ../../build/turtlebot4_controller build --build-base /home/aashraey-vaid/turtlebot4_ws/build/turtlebot4_controller/build install --record /home/aashraey-vaid/turtlebot4_ws/build/turtlebot4_controller/install.log --single-version-externally-managed install_data
[2.801s] running egg_info
[2.801s] creating ../../build/turtlebot4_controller/turtlebot4_controller.egg-info
[2.851s] writing ../../build/turtlebot4_controller/turtlebot4_controller.egg-info/PKG-INFO
[2.852s] writing dependency_links to ../../build/turtlebot4_controller/turtlebot4_controller.egg-info/dependency_links.txt
[2.852s] writing entry points to ../../build/turtlebot4_controller/turtlebot4_controller.egg-info/entry_points.txt
[2.853s] writing requirements to ../../build/turtlebot4_controller/turtlebot4_controller.egg-info/requires.txt
[2.853s] writing top-level names to ../../build/turtlebot4_controller/turtlebot4_controller.egg-info/top_level.txt
[2.853s] writing manifest file '../../build/turtlebot4_controller/turtlebot4_controller.egg-info/SOURCES.txt'
[2.955s] reading manifest file '../../build/turtlebot4_controller/turtlebot4_controller.egg-info/SOURCES.txt'
[2.957s] writing manifest file '../../build/turtlebot4_controller/turtlebot4_controller.egg-info/SOURCES.txt'
[2.957s] running build
[2.958s] running build_py
[2.958s] creating /home/aashraey-vaid/turtlebot4_ws/build/turtlebot4_controller/build
[2.958s] creating /home/aashraey-vaid/turtlebot4_ws/build/turtlebot4_controller/build/lib
[2.959s] creating /home/aashraey-vaid/turtlebot4_ws/build/turtlebot4_controller/build/lib/turtlebot4_controller
[2.959s] copying turtlebot4_controller/test.py -> /home/aashraey-vaid/turtlebot4_ws/build/turtlebot4_controller/build/lib/turtlebot4_controller
[2.959s] copying turtlebot4_controller/__init__.py -> /home/aashraey-vaid/turtlebot4_ws/build/turtlebot4_controller/build/lib/turtlebot4_controller
[2.960s] running install
[2.972s] running install_lib
[3.023s] creating /home/aashraey-vaid/turtlebot4_ws/install/turtlebot4_controller/lib/python3.12/site-packages/turtlebot4_controller
[3.023s] copying /home/aashraey-vaid/turtlebot4_ws/build/turtlebot4_controller/build/lib/turtlebot4_controller/test.py -> /home/aashraey-vaid/turtlebot4_ws/install/turtlebot4_controller/lib/python3.12/site-packages/turtlebot4_controller
[3.023s] copying /home/aashraey-vaid/turtlebot4_ws/build/turtlebot4_controller/build/lib/turtlebot4_controller/__init__.py -> /home/aashraey-vaid/turtlebot4_ws/install/turtlebot4_controller/lib/python3.12/site-packages/turtlebot4_controller
[3.024s] byte-compiling /home/aashraey-vaid/turtlebot4_ws/install/turtlebot4_controller/lib/python3.12/site-packages/turtlebot4_controller/test.py to test.cpython-312.pyc
[3.025s] byte-compiling /home/aashraey-vaid/turtlebot4_ws/install/turtlebot4_controller/lib/python3.12/site-packages/turtlebot4_controller/__init__.py to __init__.cpython-312.pyc
[3.026s] running install_data
[3.026s] creating /home/aashraey-vaid/turtlebot4_ws/install/turtlebot4_controller/share/ament_index
[3.026s] creating /home/aashraey-vaid/turtlebot4_ws/install/turtlebot4_controller/share/ament_index/resource_index
[3.027s] creating /home/aashraey-vaid/turtlebot4_ws/install/turtlebot4_controller/share/ament_index/resource_index/packages
[3.027s] copying resource/turtlebot4_controller -> /home/aashraey-vaid/turtlebot4_ws/install/turtlebot4_controller/share/ament_index/resource_index/packages
[3.028s] copying package.xml -> /home/aashraey-vaid/turtlebot4_ws/install/turtlebot4_controller/share/turtlebot4_controller
[3.028s] running install_egg_info
[3.080s] Copying ../../build/turtlebot4_controller/turtlebot4_controller.egg-info to /home/aashraey-vaid/turtlebot4_ws/install/turtlebot4_controller/lib/python3.12/site-packages/turtlebot4_controller-0.0.0-py3.12.egg-info
[3.082s] running install_scripts
[3.415s] Installing test script to /home/aashraey-vaid/turtlebot4_ws/install/turtlebot4_controller/lib/turtlebot4_controller
[3.416s] writing list of installed files to '/home/aashraey-vaid/turtlebot4_ws/build/turtlebot4_controller/install.log'
[3.474s] Invoked command in '/home/aashraey-vaid/turtlebot4_ws/src/turtlebot4_controller' returned '0': DEBUGINFOD_URLS=https://debuginfod.ubuntu.com PYTHONPATH=/home/aashraey-vaid/turtlebot4_ws/build/turtlebot4_controller/prefix_override:/usr/lib/python3/dist-packages/colcon_core/task/python/colcon_distutils_commands:/home/aashraey-vaid/turtlebot4_ws/install/turtlebot4_controller/lib/python3.12/site-packages:${PYTHONPATH} /usr/bin/python3 -W ignore:setup.py install is deprecated -W ignore:easy_install command is deprecated setup.py egg_info --egg-base ../../build/turtlebot4_controller build --build-base /home/aashraey-vaid/turtlebot4_ws/build/turtlebot4_controller/build install --record /home/aashraey-vaid/turtlebot4_ws/build/turtlebot4_controller/install.log --single-version-externally-managed install_data
