running develop
running egg_info
creating turtlebot4_controller.egg-info
writing turtlebot4_controller.egg-info/PKG-INFO
writing dependency_links to turtlebot4_controller.egg-info/dependency_links.txt
writing entry points to turtlebot4_controller.egg-info/entry_points.txt
writing requirements to turtlebot4_controller.egg-info/requires.txt
writing top-level names to turtlebot4_controller.egg-info/top_level.txt
writing manifest file 'turtlebot4_controller.egg-info/SOURCES.txt'
reading manifest file 'turtlebot4_controller.egg-info/SOURCES.txt'
writing manifest file 'turtlebot4_controller.egg-info/SOURCES.txt'
running build_ext
Creating /home/aashraey-vaid/turtlebot4_ws/src/install/turtlebot4_controller/lib/python3.12/site-packages/turtlebot4-controller.egg-link (link to .)
Installing test script to /home/aashraey-vaid/turtlebot4_ws/src/install/turtlebot4_controller/lib/turtlebot4_controller

Installed /home/aashraey-vaid/turtlebot4_ws/src/build/turtlebot4_controller
running symlink_data
creating /home/aashraey-vaid/turtlebot4_ws/src/install/turtlebot4_controller/share/ament_index
creating /home/aashraey-vaid/turtlebot4_ws/src/install/turtlebot4_controller/share/ament_index/resource_index
creating /home/aashraey-vaid/turtlebot4_ws/src/install/turtlebot4_controller/share/ament_index/resource_index/packages
symbolically linking /home/aashraey-vaid/turtlebot4_ws/src/build/turtlebot4_controller/resource/turtlebot4_controller -> /home/aashraey-vaid/turtlebot4_ws/src/install/turtlebot4_controller/share/ament_index/resource_index/packages
symbolically linking /home/aashraey-vaid/turtlebot4_ws/src/build/turtlebot4_controller/package.xml -> /home/aashraey-vaid/turtlebot4_ws/src/install/turtlebot4_controller/share/turtlebot4_controller
