[16.043s] Invoking command in '/home/aashraey-vaid/turtlebot4_ws/src/turtlebot4_controller': DEBUGINFOD_URLS=https://debuginfod.ubuntu.com PYTHONPATH=/home/aashraey-vaid/turtlebot4_ws/build/turtlebot4_controller/prefix_override:/usr/lib/python3/dist-packages/colcon_core/task/python/colcon_distutils_commands:/home/aashraey-vaid/turtlebot4_ws/install/turtlebot4_controller/lib/python3.12/site-packages:${PYTHONPATH} /usr/bin/python3 -W ignore:setup.py install is deprecated -W ignore:easy_install command is deprecated setup.py egg_info --egg-base ../../build/turtlebot4_controller build --build-base /home/aashraey-vaid/turtlebot4_ws/build/turtlebot4_controller/build install --record /home/aashraey-vaid/turtlebot4_ws/build/turtlebot4_controller/install.log --single-version-externally-managed install_data
[21.179s] running egg_info
[21.632s] writing ../../build/turtlebot4_controller/turtlebot4_controller.egg-info/PKG-INFO
[21.636s] writing dependency_links to ../../build/turtlebot4_controller/turtlebot4_controller.egg-info/dependency_links.txt
[21.638s] writing entry points to ../../build/turtlebot4_controller/turtlebot4_controller.egg-info/entry_points.txt
[21.643s] writing requirements to ../../build/turtlebot4_controller/turtlebot4_controller.egg-info/requires.txt
[21.646s] writing top-level names to ../../build/turtlebot4_controller/turtlebot4_controller.egg-info/top_level.txt
[22.579s] reading manifest file '../../build/turtlebot4_controller/turtlebot4_controller.egg-info/SOURCES.txt'
[22.592s] writing manifest file '../../build/turtlebot4_controller/turtlebot4_controller.egg-info/SOURCES.txt'
[22.598s] running build
[22.602s] running build_py
[22.605s] copying turtlebot4_controller/test.py -> /home/aashraey-vaid/turtlebot4_ws/build/turtlebot4_controller/build/lib/turtlebot4_controller
[22.610s] running install
[22.717s] running install_lib
[23.183s] copying /home/aashraey-vaid/turtlebot4_ws/build/turtlebot4_controller/build/lib/turtlebot4_controller/test.py -> /home/aashraey-vaid/turtlebot4_ws/install/turtlebot4_controller/lib/python3.12/site-packages/turtlebot4_controller
[23.198s] byte-compiling /home/aashraey-vaid/turtlebot4_ws/install/turtlebot4_controller/lib/python3.12/site-packages/turtlebot4_controller/test.py to test.cpython-312.pyc
[23.204s] running install_data
[23.210s] running install_egg_info
[23.758s] removing '/home/aashraey-vaid/turtlebot4_ws/install/turtlebot4_controller/lib/python3.12/site-packages/turtlebot4_controller-0.0.0-py3.12.egg-info' (and everything under it)
[23.770s] Copying ../../build/turtlebot4_controller/turtlebot4_controller.egg-info to /home/aashraey-vaid/turtlebot4_ws/install/turtlebot4_controller/lib/python3.12/site-packages/turtlebot4_controller-0.0.0-py3.12.egg-info
[23.803s] running install_scripts
[26.753s] Installing test script to /home/aashraey-vaid/turtlebot4_ws/install/turtlebot4_controller/lib/turtlebot4_controller
[26.760s] writing list of installed files to '/home/aashraey-vaid/turtlebot4_ws/build/turtlebot4_controller/install.log'
[27.134s] Invoked command in '/home/aashraey-vaid/turtlebot4_ws/src/turtlebot4_controller' returned '0': DEBUGINFOD_URLS=https://debuginfod.ubuntu.com PYTHONPATH=/home/aashraey-vaid/turtlebot4_ws/build/turtlebot4_controller/prefix_override:/usr/lib/python3/dist-packages/colcon_core/task/python/colcon_distutils_commands:/home/aashraey-vaid/turtlebot4_ws/install/turtlebot4_controller/lib/python3.12/site-packages:${PYTHONPATH} /usr/bin/python3 -W ignore:setup.py install is deprecated -W ignore:easy_install command is deprecated setup.py egg_info --egg-base ../../build/turtlebot4_controller build --build-base /home/aashraey-vaid/turtlebot4_ws/build/turtlebot4_controller/build install --record /home/aashraey-vaid/turtlebot4_ws/build/turtlebot4_controller/install.log --single-version-externally-managed install_data
