[0.281s] Invoking command in '/home/aashraey-vaid/turtlebot4_ws/build/turtlebot4_gz_gui_plugins': CMAKE_PREFIX_PATH=${CMAKE_PREFIX_PATH}:/home/aashraey-vaid/turtlebot4_ws/install/turtlebot4_controller:/opt/ros/jazzy DEBUGINFOD_URLS=https://debuginfod.ubuntu.com /usr/bin/cmake /home/aashraey-vaid/turtlebot4_ws/src/turtlebot4_simulator/turtlebot4_gz_gui_plugins -DCMAKE_INSTALL_PREFIX=/home/aashraey-vaid/turtlebot4_ws/install/turtlebot4_gz_gui_plugins
[1.511s] -- The C compiler identification is GNU 13.3.0
[2.628s] -- The CXX compiler identification is GNU 13.3.0
[2.936s] -- Detecting C compiler ABI info
[4.587s] -- Detecting C compiler ABI info - done
[4.743s] -- Check for working C compiler: /usr/bin/cc - skipped
[4.752s] -- Detecting C compile features
[4.762s] -- Detecting C compile features - done
[4.890s] -- Detecting CXX compiler ABI info
[6.302s] -- Detecting CXX compiler ABI info - done
[6.440s] -- Check for working CXX compiler: /usr/bin/c++ - skipped
[6.444s] -- Detecting CXX compile features
[6.451s] -- Detecting CXX compile features - done
[6.566s] -- Found ament_cmake: 2.5.4 (/opt/ros/jazzy/share/ament_cmake/cmake)
[9.766s] -- Found Python3: /usr/bin/python3 (found version "3.12.3") found components: Interpreter 
[11.843s] -- Found gz_gui_vendor: 0.0.5 (/opt/ros/jazzy/share/gz_gui_vendor/cmake)
[12.772s] -- Looking for gz-gui8 -- found version 8.4.0
[12.983s] -- Searching for dependencies of gz-gui8
[15.264s] -- Found Protobuf: /usr/lib/x86_64-linux-gnu/libprotobuf.so (found version "3.21.12") 
[15.373s] -- Checking for module 'tinyxml2'
[15.712s] --   Found tinyxml2, version 10.0.0
[16.400s] -- Looking for gz-utils2 -- found version 2.2.1
[16.404s] -- Searching for dependencies of gz-utils2
[16.465s] -- Looking for gz-math7 -- found version 7.5.2
[16.468s] -- Searching for dependencies of gz-math7
[16.478s] -- Looking for gz-utils2 -- found version 2.2.1
[16.547s] -- Looking for gz-common5 -- found version 5.7.1
[16.550s] -- Searching for dependencies of gz-common5
[16.554s] -- Looking for gz-utils2 -- found version 2.2.1
[16.567s] -- Looking for dlfcn.h - found
[16.589s] -- Looking for libdl - found
[16.605s] -- Found DL: TRUE  
[16.691s] -- Checking for module 'uuid'
[16.980s] --   Found uuid, version 2.39.3
[17.624s] -- Found UUID: TRUE  
[17.640s] -- Searching for <gz-common5> component [profiler]
[17.689s] -- Looking for gz-common5-profiler -- found version 5.7.1
[17.692s] -- Searching for dependencies of gz-common5-profiler
[17.746s] -- Looking for gz-plugin2 -- found version 2.0.4
[17.750s] -- Searching for dependencies of gz-plugin2
[17.753s] -- Looking for gz-utils2 -- found version 2.2.1
[17.756s] -- Searching for dependencies of gz-utils2
[17.758s] -- Searching for <gz-utils2> component [cli]
[17.801s] -- Looking for gz-utils2-cli -- found version 2.2.1
[17.803s] -- Searching for dependencies of gz-utils2-cli
[17.817s] -- Searching for <gz-plugin2> component [loader]
[17.857s] -- Looking for gz-plugin2-loader -- found version 2.0.4
[17.859s] -- Searching for dependencies of gz-plugin2-loader
[17.869s] -- Searching for <gz-plugin2> component [register]
[17.915s] -- Looking for gz-plugin2-register -- found version 2.0.4
[17.918s] -- Searching for dependencies of gz-plugin2-register
[17.972s] -- Looking for gz-transport13 -- found version 13.4.1
[17.974s] -- Searching for dependencies of gz-transport13
[18.549s] -- Config-file not installed for ZeroMQ -- checking for pkg-config
[18.619s] -- Checking for module 'libzmq >= 4'
[18.878s] --   Found libzmq, version 4.3.5
[19.610s] -- Found ZeroMQ: TRUE (Required is at least version "4") 
[19.719s] -- Looking for gz-utils2 -- found version 2.2.1
[19.758s] -- Looking for gz-msgs10 -- found version 10.3.2
[19.760s] -- Searching for dependencies of gz-msgs10
[20.082s] -- Looking for gz-utils2 -- found version 2.2.1
[20.089s] -- Looking for gz-math7 -- found version 7.5.2
[20.240s] -- Looking for gz-rendering8 -- found version 8.2.2
[20.243s] -- Searching for dependencies of gz-rendering8
[20.249s] -- Looking for gz-math7 -- found version 7.5.2
[20.252s] -- Searching for dependencies of gz-math7
[20.258s] -- Looking for gz-utils2 -- found version 2.2.1
[20.260s] -- Searching for <gz-math7> component [eigen3]
[20.303s] -- Looking for gz-math7-eigen3 -- found version 7.5.2
[20.305s] -- Searching for dependencies of gz-math7-eigen3
[20.503s] -- Looking for gz-common5 -- found version 5.7.1
[20.509s] -- Searching for dependencies of gz-common5
[20.510s] -- Looking for gz-utils2 -- found version 2.2.1
[20.516s] -- Looking for dlfcn.h - found
[20.519s] -- Looking for libdl - found
[20.614s] -- Searching for <gz-common5> component [graphics]
[20.664s] -- Looking for gz-common5-graphics -- found version 5.7.1
[20.668s] -- Searching for dependencies of gz-common5-graphics
[20.673s] -- Looking for gz-math7 -- found version 7.5.2
[20.781s] -- Found GzAssimp: TRUE (found version "5.3.0") 
[20.792s] -- Searching for <gz-common5> component [events]
[20.835s] -- Looking for gz-common5-events -- found version 5.7.1
[20.838s] -- Searching for dependencies of gz-common5-events
[20.843s] -- Looking for gz-math7 -- found version 7.5.2
[20.854s] -- Searching for <gz-common5> component [geospatial]
[20.894s] -- Looking for gz-common5-geospatial -- found version 5.7.1
[20.897s] -- Searching for dependencies of gz-common5-geospatial
[20.904s] -- Looking for gz-math7 -- found version 7.5.2
[20.910s] -- Looking for gz-common5 -- found version 5.7.1
[20.926s] -- Looking for gz-plugin2 -- found version 2.0.4
[20.928s] -- Searching for dependencies of gz-plugin2
[20.933s] -- Looking for gz-utils2 -- found version 2.2.1
[20.936s] -- Searching for <gz-plugin2> component [all]
[20.971s] -- Looking for all libraries of gz-plugin2 -- found version 2.0.4
[20.978s] -- Looking for gz-plugin2 -- found version 2.0.4
[20.990s] -- Looking for gz-utils2 -- found version 2.2.1
[21.271s] -- Found OpenGL: /usr/lib/x86_64-linux-gnu/libOpenGL.so  found components: OpenGL 
[21.291s] -- Looking for gz-msgs10 -- found version 10.3.2
[21.899s] -- Found ament_lint_auto: 0.17.2 (/opt/ros/jazzy/share/ament_lint_auto/cmake)
[24.398s] -- Looking for gz-gui8 -- found version 8.4.0
[24.447s] -- Looking for gz-common5 -- found version 5.7.1
[24.573s] -- Added test 'cppcheck' to perform static code analysis on C / C++ code
[24.575s] -- Configured cppcheck include dirs: 
[24.580s] -- Configured cppcheck exclude dirs and/or files: 
[24.621s] -- Added test 'cpplint' to check C / C++ code against the Google style
[24.625s] -- Configured cpplint exclude dirs and/or files: 
[24.655s] -- Added test 'lint_cmake' to check CMake code style
[24.682s] -- Added test 'xmllint' to check XML markup files
[24.732s] -- Configuring done (24.3s)
[25.068s] -- Generating done (0.2s)
[25.149s] -- Build files have been written to: /home/aashraey-vaid/turtlebot4_ws/build/turtlebot4_gz_gui_plugins
[25.305s] Invoked command in '/home/aashraey-vaid/turtlebot4_ws/build/turtlebot4_gz_gui_plugins' returned '0': CMAKE_PREFIX_PATH=${CMAKE_PREFIX_PATH}:/home/aashraey-vaid/turtlebot4_ws/install/turtlebot4_controller:/opt/ros/jazzy DEBUGINFOD_URLS=https://debuginfod.ubuntu.com /usr/bin/cmake /home/aashraey-vaid/turtlebot4_ws/src/turtlebot4_simulator/turtlebot4_gz_gui_plugins -DCMAKE_INSTALL_PREFIX=/home/aashraey-vaid/turtlebot4_ws/install/turtlebot4_gz_gui_plugins
[25.338s] Invoking command in '/home/aashraey-vaid/turtlebot4_ws/build/turtlebot4_gz_gui_plugins': CMAKE_PREFIX_PATH=${CMAKE_PREFIX_PATH}:/home/aashraey-vaid/turtlebot4_ws/install/turtlebot4_controller:/opt/ros/jazzy DEBUGINFOD_URLS=https://debuginfod.ubuntu.com /usr/bin/cmake --build /home/aashraey-vaid/turtlebot4_ws/build/turtlebot4_gz_gui_plugins -- -j8 -l8
[26.212s] [  0%] Built target Turtlebot4Hmi_autogen_timestamp_deps
[26.506s] [ 14%] [34m[1mAutomatic MOC for target Turtlebot4Hmi[0m
[39.668s] [ 14%] Built target Turtlebot4Hmi_autogen
[39.873s] [ 28%] [34m[1mGenerating qrc_Turtlebot4Hmi.cpp[0m
[40.595s] [ 42%] [32mBuilding CXX object Turtlebot4Hmi/CMakeFiles/Turtlebot4Hmi.dir/Turtlebot4Hmi_autogen/mocs_compilation.cpp.o[0m
[126.095s] [ 57%] [32mBuilding CXX object Turtlebot4Hmi/CMakeFiles/Turtlebot4Hmi.dir/qrc_Turtlebot4Hmi.cpp.o[0m
[126.851s] [ 71%] [32mBuilding CXX object Turtlebot4Hmi/CMakeFiles/Turtlebot4Hmi.dir/Turtlebot4Hmi.cc.o[0m
[211.568s] [ 85%] [32m[1mLinking CXX shared library libTurtlebot4Hmi.so[0m
[214.966s] [100%] Built target Turtlebot4Hmi
[215.123s] Invoked command in '/home/aashraey-vaid/turtlebot4_ws/build/turtlebot4_gz_gui_plugins' returned '0': CMAKE_PREFIX_PATH=${CMAKE_PREFIX_PATH}:/home/aashraey-vaid/turtlebot4_ws/install/turtlebot4_controller:/opt/ros/jazzy DEBUGINFOD_URLS=https://debuginfod.ubuntu.com /usr/bin/cmake --build /home/aashraey-vaid/turtlebot4_ws/build/turtlebot4_gz_gui_plugins -- -j8 -l8
[215.261s] Invoking command in '/home/aashraey-vaid/turtlebot4_ws/build/turtlebot4_gz_gui_plugins': CMAKE_PREFIX_PATH=${CMAKE_PREFIX_PATH}:/home/aashraey-vaid/turtlebot4_ws/install/turtlebot4_controller:/opt/ros/jazzy DEBUGINFOD_URLS=https://debuginfod.ubuntu.com /usr/bin/cmake --install /home/aashraey-vaid/turtlebot4_ws/build/turtlebot4_gz_gui_plugins
[215.373s] -- Install configuration: ""
[215.376s] -- Installing: /home/aashraey-vaid/turtlebot4_ws/install/turtlebot4_gz_gui_plugins/share/ament_index/resource_index/package_run_dependencies/turtlebot4_gz_gui_plugins
[215.379s] -- Installing: /home/aashraey-vaid/turtlebot4_ws/install/turtlebot4_gz_gui_plugins/share/ament_index/resource_index/parent_prefix_path/turtlebot4_gz_gui_plugins
[215.382s] -- Installing: /home/aashraey-vaid/turtlebot4_ws/install/turtlebot4_gz_gui_plugins/share/turtlebot4_gz_gui_plugins/environment/ament_prefix_path.sh
[215.385s] -- Installing: /home/aashraey-vaid/turtlebot4_ws/install/turtlebot4_gz_gui_plugins/share/turtlebot4_gz_gui_plugins/environment/ament_prefix_path.dsv
[215.386s] -- Installing: /home/aashraey-vaid/turtlebot4_ws/install/turtlebot4_gz_gui_plugins/share/turtlebot4_gz_gui_plugins/environment/path.sh
[215.388s] -- Installing: /home/aashraey-vaid/turtlebot4_ws/install/turtlebot4_gz_gui_plugins/share/turtlebot4_gz_gui_plugins/environment/path.dsv
[215.390s] -- Installing: /home/aashraey-vaid/turtlebot4_ws/install/turtlebot4_gz_gui_plugins/share/turtlebot4_gz_gui_plugins/local_setup.bash
[215.392s] -- Installing: /home/aashraey-vaid/turtlebot4_ws/install/turtlebot4_gz_gui_plugins/share/turtlebot4_gz_gui_plugins/local_setup.sh
[215.394s] -- Installing: /home/aashraey-vaid/turtlebot4_ws/install/turtlebot4_gz_gui_plugins/share/turtlebot4_gz_gui_plugins/local_setup.zsh
[215.396s] -- Installing: /home/aashraey-vaid/turtlebot4_ws/install/turtlebot4_gz_gui_plugins/share/turtlebot4_gz_gui_plugins/local_setup.dsv
[215.398s] -- Installing: /home/aashraey-vaid/turtlebot4_ws/install/turtlebot4_gz_gui_plugins/share/turtlebot4_gz_gui_plugins/package.dsv
[215.401s] -- Installing: /home/aashraey-vaid/turtlebot4_ws/install/turtlebot4_gz_gui_plugins/share/ament_index/resource_index/packages/turtlebot4_gz_gui_plugins
[215.403s] -- Installing: /home/aashraey-vaid/turtlebot4_ws/install/turtlebot4_gz_gui_plugins/share/turtlebot4_gz_gui_plugins/cmake/turtlebot4_gz_gui_pluginsConfig.cmake
[215.405s] -- Installing: /home/aashraey-vaid/turtlebot4_ws/install/turtlebot4_gz_gui_plugins/share/turtlebot4_gz_gui_plugins/cmake/turtlebot4_gz_gui_pluginsConfig-version.cmake
[215.407s] -- Installing: /home/aashraey-vaid/turtlebot4_ws/install/turtlebot4_gz_gui_plugins/share/turtlebot4_gz_gui_plugins/package.xml
[215.411s] -- Installing: /home/aashraey-vaid/turtlebot4_ws/install/turtlebot4_gz_gui_plugins/share/turtlebot4_gz_gui_plugins/lib/libTurtlebot4Hmi.so
[215.427s] -- Set non-toolchain portion of runtime path of "/home/aashraey-vaid/turtlebot4_ws/install/turtlebot4_gz_gui_plugins/share/turtlebot4_gz_gui_plugins/lib/libTurtlebot4Hmi.so" to ""
[215.454s] Invoked command in '/home/aashraey-vaid/turtlebot4_ws/build/turtlebot4_gz_gui_plugins' returned '0': CMAKE_PREFIX_PATH=${CMAKE_PREFIX_PATH}:/home/aashraey-vaid/turtlebot4_ws/install/turtlebot4_controller:/opt/ros/jazzy DEBUGINFOD_URLS=https://debuginfod.ubuntu.com /usr/bin/cmake --install /home/aashraey-vaid/turtlebot4_ws/build/turtlebot4_gz_gui_plugins
